2019-04-08 15:13:39,010 INFO org.springframework.boot.StartupInfoLogger [main] Starting ApmsApplicationTests on nikos-Lenovo-V310-15IKB with PID 27036 (started by nikos in /home/nikos/NetBeansProjects/ESMO-AP-TEST)
2019-04-08 15:13:39,013 INFO org.springframework.boot.SpringApplication [main] The following profiles are active: test
2019-04-08 15:13:40,991 INFO com.google.code.ssm.config.DefaultAddressProvider [main] Defined values 172.17.0.1:11211 will be used as memcached addresses
2019-04-08 15:13:41,702 INFO org.springframework.scheduling.concurrent.ExecutorConfigurationSupport [main] Initializing ExecutorService 'applicationTaskExecutor'
2019-04-08 15:13:42,172 INFO org.springframework.boot.StartupInfoLogger [main] Started ApmsApplicationTests in 3.6 seconds (JVM running for 4.505)
2019-04-08 15:13:42,200 INFO org.springframework.test.context.support.AbstractTestContextBootstrapper [main] Neither @ContextConfiguration nor @ContextHierarchy found for test class [esmo.test.ap.apms.integration.TestSessisonManagerConnection], using SpringBootContextLoader
2019-04-08 15:13:42,202 INFO org.springframework.test.context.support.AbstractContextLoader [main] Could not detect default resource locations for test class [esmo.test.ap.apms.integration.TestSessisonManagerConnection]: no resource found for suffixes {-context.xml, Context.groovy}.
2019-04-08 15:13:42,220 INFO org.springframework.test.context.support.AbstractTestContextBootstrapper [main] Loaded default TestExecutionListener class names from location [META-INF/spring.factories]: [org.springframework.boot.test.mock.mockito.MockitoTestExecutionListener, org.springframework.boot.test.mock.mockito.ResetMocksTestExecutionListener, org.springframework.boot.test.autoconfigure.restdocs.RestDocsTestExecutionListener, org.springframework.boot.test.autoconfigure.web.client.MockRestServiceServerResetTestExecutionListener, org.springframework.boot.test.autoconfigure.web.servlet.MockMvcPrintOnlyOnFailureTestExecutionListener, org.springframework.boot.test.autoconfigure.web.servlet.WebDriverTestExecutionListener, org.springframework.test.context.web.ServletTestExecutionListener, org.springframework.test.context.support.DirtiesContextBeforeModesTestExecutionListener, org.springframework.test.context.support.DependencyInjectionTestExecutionListener, org.springframework.test.context.support.DirtiesContextTestExecutionListener, org.springframework.test.context.transaction.TransactionalTestExecutionListener, org.springframework.test.context.jdbc.SqlScriptsTestExecutionListener]
2019-04-08 15:13:42,224 INFO org.springframework.test.context.support.AbstractTestContextBootstrapper [main] Using TestExecutionListeners: [org.springframework.test.context.web.ServletTestExecutionListener@3d4e405e, org.springframework.test.context.support.DirtiesContextBeforeModesTestExecutionListener@54e2fe, org.springframework.boot.test.mock.mockito.MockitoTestExecutionListener@70972170, org.springframework.boot.test.autoconfigure.SpringBootDependencyInjectionTestExecutionListener@119aa36, org.springframework.test.context.support.DirtiesContextTestExecutionListener@4e1a46fb, org.springframework.boot.test.mock.mockito.ResetMocksTestExecutionListener@69fe0ed4, org.springframework.boot.test.autoconfigure.restdocs.RestDocsTestExecutionListener@20ab3e3a, org.springframework.boot.test.autoconfigure.web.client.MockRestServiceServerResetTestExecutionListener@6caf7803, org.springframework.boot.test.autoconfigure.web.servlet.MockMvcPrintOnlyOnFailureTestExecutionListener@709ed6f3, org.springframework.boot.test.autoconfigure.web.servlet.WebDriverTestExecutionListener@698fee9a]
2019-04-08 15:13:42,254 INFO org.springframework.boot.StartupInfoLogger [main] Starting TestSessisonManagerConnection on nikos-Lenovo-V310-15IKB with PID 27036 (started by nikos in /home/nikos/NetBeansProjects/ESMO-AP-TEST)
2019-04-08 15:13:42,254 INFO org.springframework.boot.SpringApplication [main] The following profiles are active: test
2019-04-08 15:13:42,911 INFO com.google.code.ssm.config.DefaultAddressProvider [main] Defined values 172.17.0.1:11211 will be used as memcached addresses
2019-04-08 15:13:43,391 INFO org.springframework.scheduling.concurrent.ExecutorConfigurationSupport [main] Initializing ExecutorService 'applicationTaskExecutor'
2019-04-08 15:13:43,765 INFO org.springframework.mock.web.MockServletContext [main] Initializing Spring TestDispatcherServlet ''
2019-04-08 15:13:43,765 INFO org.springframework.web.servlet.FrameworkServlet [main] Initializing Servlet ''
2019-04-08 15:13:43,791 INFO org.springframework.web.servlet.FrameworkServlet [main] Completed initialization in 24 ms
2019-04-08 15:13:43,810 INFO org.springframework.boot.StartupInfoLogger [main] Started TestSessisonManagerConnection in 1.583 seconds (JVM running for 6.143)
2019-04-08 15:13:46,139 INFO com.google.code.ssm.spring.SSMCache [main] Put '{"code":"OK","sessionData":{"sessionId":"3ab87c0b-968f-4922-81f4-ed63576f4b29","sessionVariables":{"authenticationSet":"{\"id\":\"id\",\"type\":\"Response\",\"issuer\":\"issuer\",\"recipient\":\"recipient\",\"attributes\":[{\"name\":\"http://eidas.europa.eu/attributes/naturalperson/CurrentFamilyName\",\"friendlyName\":\"FamilyName\",\"encoding\":\"UTF-8\",\"language\":\"N/A\",\"isMandatory\":true,\"values\":[\"PAPAGEORGIOU\"]},{\"name\":\"http://eidas.europa.eu/attributes/naturalperson/CurrentGivenName\",\"friendlyName\":\"FirstName\",\"encoding\":\"UTF-8\",\"language\":\"N/A\",\"isMandatory\":true,\"values\":[\"MARIA\"]},{\"name\":\"http://eidas.europa.eu/attributes/naturalperson/DateOfBirth\",\"friendlyName\":\"DateOfBirth\",\"encoding\":\"UTF-8\",\"language\":\"N/A\",\"isMandatory\":true,\"values\":[\"1966-01-01\"]},{\"name\":\"http://eidas.europa.eu/attributes/naturalperson/PersonIdentifier\",\"friendlyName\":\"PersonIdentifier\",\"encoding\":\"UTF-8\",\"language\":\"N/A\",\"isMandatory\":true,\"values\":[\"CA/CA/Cph123456\"]}],\"properties\":{\"NameID\":\"CA/CA/Cph123456\",\"levelOfAssurance\":\"http://eidas.europa.eu/LoA/low\"},\"inResponseTo\":null,\"loa\":\"low\",\"notBefore\":null,\"notAfter\":null,\"status\":{\"code\":\"OK\",\"subcode\":null,\"message\":null}}","apRequest":" { \"issuer\" : \"https://uaegen.gr/ap/123/metadata.xml\", \"type\" : \"Response\", \"recipient\" : \"https://esmo.uji.es/gw/saml/sp/metadata.xml\", \"id\" : \"6c0f70a8-f32b-4535-b5f6-0d596c52813a\", \"status\": { \"code\": \"OK\", \"subcode\": \"200\", \"message\": \"IMOKUROK\" }, \"attributes\" : [ { \"name\":\"https://software.internet2.edu/eduperson/internet2-mace-dir-eduperson-201602.html#eduPersonPrimaryAffiliation\", \"friendlyName\":\"eduPersonPrimaryAffiliation\", \"encoding\":\"UTF-8\", \"language\":null, \"isMandatory\":false, \"values\": [\"student\"] }, { \"name\":\"https://wiki.refeds.org/download/attachments/1606048/schac-20150413-1.5.0.schema.txt?version=1&modificationDate=1429044813839&api=v2#schacHomeOrganization\", \"friendlyName\":\"schacHomeOrganization\", \"encoding\":\"UTF-8\", \"language\":null, \"isMandatory\":false, \"values\": [\"aegean.gr\"] } ], \"properties\" :  { \"inResponseTo\":\"9c0f30a8-f32b-4636-b5f6-0d596c42424a\" }  }","spMetaData":"{\"entityId\":\"https:\\/\\/clave.sir2.rediris.es\\/module.php\\/saml\\/sp\\/saml2-acs.php\\/q2891006e_ea0002678\",\"defaultDisplayName\":null,\"displayNames\":null,\"logo\":null,\"location\":null,\"protocol\":null,\"claims\":null,\"microservice\":[\"SAMLms_0001\"],\"encryptResponses\":false,\"supportedEncryptionAlg\":[null],\"signResponses\":null,\"supportedSigningAlg\":[null],\"endpoints\":[{\"type\":\"AssertionConsumerService\",\"method\":\"urn:oasis:names:tc:SAML:2.0:bindings:HTTP-POST\",\"url\":\"http:\\/\\/lab9054.inv.uji.es\\/~paco\\/clave\\/secure.php\"}],\"securityKeys\":[{\"keyType\":\"X509Certificate\",\"usage\":\"encryption\",\"key\":\"MIIDODCCAqGgAwIBAgIJAMqU+wr6z\\/l5MA0GCSqGSIb3DQEBCwUAMIG0MRUwEwYKCZImiZPyLGQBGRYFY2xhdmUxFDASBgoJkiaJk\\/IsZAEZFgRzaXIyMRcwFQYKCZImiZPyLGQBGRYHcmVkaXJpczESMBAGCgmSJomT8ixkARkWAmVzMR4wHAYDVQQKDBVjbGF2ZS5zaXIyLnJlZGlyaXMuZXMxGDAWBgNVBAsMD0NlcnRpZmljYWRvIFNQVDEeMBwGA1UEAwwVY2xhdmUuc2lyMi5yZWRpcmlzLmVzMB4XDTE1MDkwMjExNTI0MVoXDTI1MDkwMTExNTI0MVowgbQxFTATBgoJkiaJk\\/IsZAEZFgVjbGF2ZTEUMBIGCgmSJomT8ixkARkWBHNpcjIxFzAVBgoJkiaJk\\/IsZAEZFgdyZWRpcmlzMRIwEAYKCZImiZPyLGQBGRYCZXMxHjAcBgNVBAoMFWNsYXZlLnNpcjIucmVkaXJpcy5lczEYMBYGA1UECwwPQ2VydGlmaWNhZG8gU1BUMR4wHAYDVQQDDBVjbGF2ZS5zaXIyLnJlZGlyaXMuZXMwgZ8wDQYJKoZIhvcNAQEBBQADgY0AMIGJAoGBAOtBus8tyx2JFH4ILKRfvnJ+Eyb0UG1wOZm0hMutS0MvNQuvBZVytR8lVMFqlRX7U1+FP6O10c2GDniuom3v01uq2guHlu8omR3Tj54ySJf4y7m4b42i8iU+uy3ZK7voPHcyB\\/zKEDnDxVc5KmtioLuk\\/3M9Ofz+Xsed3yCCfMb1AgMBAAGjUDBOMB0GA1UdDgQWBBSSe7SJPTtSLi+ObAQD\\/8QhvORUPzAfBgNVHSMEGDAWgBSSe7SJPTtSLi+ObAQD\\/8QhvORUPzAMBgNVHRMEBTADAQH\\/MA0GCSqGSIb3DQEBCwUAA4GBAF7Md4GMmPl92hUBq1LOOM4Jl6J\\/nHSYLkb3SYvQUyiHOcsU2NaXCg6QlrJf9T+kG3XdAv550cNhLtkbiF2stnQByX1OHPY9kIudyQ3\\/c7DHFRfi3kkBzL4T1AGdn9PvzpQGtDL3owLsI3H5smfhA8ApogJkB5C7gzj6U9m1ZAYz\"},{\"keyType\":\"X509Certificate\",\"usage\":\"signing\",\"key\":\"MIIDODCCAqGgAwIBAgIJAMqU+wr6z\\/l5MA0GCSqGSIb3DQEBCwUAMIG0MRUwEwYKCZImiZPyLGQBGRYFY2xhdmUxFDASBgoJkiaJk\\/IsZAEZFgRzaXIyMRcwFQYKCZImiZPyLGQBGRYHcmVkaXJpczESMBAGCgmSJomT8ixkARkWAmVzMR4wHAYDVQQKDBVjbGF2ZS5zaXIyLnJlZGlyaXMuZXMxGDAWBgNVBAsMD0NlcnRpZmljYWRvIFNQVDEeMBwGA1UEAwwVY2xhdmUuc2lyMi5yZWRpcmlzLmVzMB4XDTE1MDkwMjExNTI0MVoXDTI1MDkwMTExNTI0MVowgbQxFTATBgoJkiaJk\\/IsZAEZFgVjbGF2ZTEUMBIGCgmSJomT8ixkARkWBHNpcjIxFzAVBgoJkiaJk\\/IsZAEZFgdyZWRpcmlzMRIwEAYKCZImiZPyLGQBGRYCZXMxHjAcBgNVBAoMFWNsYXZlLnNpcjIucmVkaXJpcy5lczEYMBYGA1UECwwPQ2VydGlmaWNhZG8gU1BUMR4wHAYDVQQDDBVjbGF2ZS5zaXIyLnJlZGlyaXMuZXMwgZ8wDQYJKoZIhvcNAQEBBQADgY0AMIGJAoGBAOtBus8tyx2JFH4ILKRfvnJ+Eyb0UG1wOZm0hMutS0MvNQuvBZVytR8lVMFqlRX7U1+FP6O10c2GDniuom3v01uq2guHlu8omR3Tj54ySJf4y7m4b42i8iU+uy3ZK7voPHcyB\\/zKEDnDxVc5KmtioLuk\\/3M9Ofz+Xsed3yCCfMb1AgMBAAGjUDBOMB0GA1UdDgQWBBSSe7SJPTtSLi+ObAQD\\/8QhvORUPzAfBgNVHSMEGDAWgBSSe7SJPTtSLi+ObAQD\\/8QhvORUPzAMBgNVHRMEBTADAQH\\/MA0GCSqGSIb3DQEBCwUAA4GBAF7Md4GMmPl92hUBq1LOOM4Jl6J\\/nHSYLkb3SYvQUyiHOcsU2NaXCg6QlrJf9T+kG3XdAv550cNhLtkbiF2stnQByX1OHPY9kIudyQ3\\/c7DHFRfi3kkBzL4T1AGdn9PvzpQGtDL3owLsI3H5smfhA8ApogJkB5C7gzj6U9m1ZAYz\"}],\"otherData\":{\"dialect\":\"eidas\",\"subdialect\":\"eidas\",\"spApplication\":\"q12345678a_ea0004242\",\"issuer\":null,\"sign.logout\":null,\"redirect.sign\":null,\"redirect.validate\":null}}","spRequest":"{\"id\":\"_d645d111cf100dfa46ace16ed3b208f0f2e867db83\",\"type\":\"Request\",\"issuer\":\"https:\\/\\/clave.sir2.rediris.es\\/module.php\\/saml\\/sp\\/saml2-acs.php\\/q2891006e_ea0002678\",\"recipient\":null,\"inResponseTo\":null,\"loa\":\"http:\\/\\/eidas.europa.eu\\/LoA\\/low\",\"notBefore\":\"2019-03-05T15:11:41Z\",\"notAfter\":\"2019-03-05T15:16:41Z\",\"status\":{\"code\":null,\"subcode\":null,\"message\":null},\"attributes\":[{\"name\":\"http:\\/\\/eidas.europa.eu\\/attributes\\/naturalperson\\/PersonIdentifier\",\"friendlyName\":\"PersonIdentifier\",\"encoding\":null,\"language\":null,\"isMandatory\":true,\"values\":null},{\"name\":\"http:\\/\\/eidas.europa.eu\\/attributes\\/naturalperson\\/CurrentGivenName\",\"friendlyName\":\"FirstName\",\"encoding\":null,\"language\":null,\"isMandatory\":true,\"values\":null},{\"name\":\"http:\\/\\/eidas.europa.eu\\/attributes\\/naturalperson\\/CurrentFamilyName\",\"friendlyName\":\"FamilyName\",\"encoding\":null,\"language\":null,\"isMandatory\":true,\"values\":null}],\"properties\":{\"SAML_RelayState\":\"\",\"SAML_RemoteSP_RequestId\":\"_193600a923e1959d375e21fb3d216879\",\"SAML_ForceAuthn\":true,\"SAML_isPassive\":false,\"SAML_NameIDFormat\":\"urn:oasis:names:tc:SAML:2.0:nameid-format:persistent\",\"SAML_AllowCreate\":\"true\",\"SAML_ConsumerURL\":\"http:\\/\\/lab9054.inv.uji.es\\/~paco\\/clave\\/secure.php?aaaa=1&bbbb=2\",\"SAML_Binding\":\"urn:oasis:names:tc:SAML:2.0:bindings:HTTP-POST\",\"EIDAS_ProviderName\":\"ojetecalor_uojetecalor\",\"EIDAS_IdFormat\":\"urn:oasis:names:tc:SAML:2.0:nameid-format:persistent\",\"EIDAS_SPType\":\"public\",\"EIDAS_Comparison\":\"minimum\",\"EIDAS_LoA\":\"http:\\/\\/eidas.europa.eu\\/LoA\\/low\",\"EIDAS_country\":null}}","idpRequest":"{\"id\":\"id\",\"type\":\"Request\",\"issuer\":\"ACMms001\",\"recipient\":\"IDPms001\",\"attributes\":[{\"name\":\"someURI\",\"friendlyName\":\"CurrentFamilyName\",\"encoding\":\"UTF-8\",\"language\":\"en\",\"isMandatory\":true,\"values\":[null]},{\"name\":\"someURI\",\"friendlyName\":\"CurrentGivenName\",\"encoding\":\"UTF-8\",\"language\":\"en\",\"isMandatory\":true,\"values\":[null]}],\"properties\":{},\"inResponseTo\":null,\"loa\":\"low\",\"notBefore\":null,\"notAfter\":null,\"status\":null}"}},"additionalData":null,"error":null}' under key 930bd68d-4c6d-44c1-b935-781007bc9276 to cache ApMs
2019-04-08 15:13:46,772 INFO org.springframework.scheduling.concurrent.ExecutorConfigurationSupport [Thread-3] Shutting down ExecutorService 'applicationTaskExecutor'
2019-04-08 15:13:46,780 INFO org.springframework.scheduling.concurrent.ExecutorConfigurationSupport [Thread-7] Shutting down ExecutorService 'applicationTaskExecutor'
2019-04-08 20:29:24,819 INFO org.springframework.boot.StartupInfoLogger [main] Starting TestMinEduService on nikos-Lenovo-V310-15IKB with PID 7271 (started by nikos in /home/nikos/NetBeansProjects/ESMO-AP-TEST)
2019-04-08 20:29:24,823 INFO org.springframework.boot.SpringApplication [main] The following profiles are active: test
2019-04-08 20:29:27,362 WARN org.springframework.context.support.AbstractApplicationContext [main] Exception encountered during context initialization - cancelling refresh attempt: org.springframework.beans.factory.UnsatisfiedDependencyException: Error creating bean with name 'controllers' defined in file [/home/nikos/NetBeansProjects/ESMO-AP-TEST/target/classes/esmo/test/ap/apms/controllers/Controllers.class]: Unsatisfied dependency expressed through constructor parameter 3; nested exception is org.springframework.beans.factory.NoSuchBeanDefinitionException: No qualifying bean of type 'esmo.test.ap.apms.service.MinEduService' available: expected at least 1 bean which qualifies as autowire candidate. Dependency annotations: {}
2019-04-08 20:29:27,374 INFO org.springframework.boot.autoconfigure.logging.ConditionEvaluationReportLoggingListener [main] 

Error starting ApplicationContext. To display the conditions report re-run your application with 'debug' enabled.
2019-04-08 20:29:27,632 ERROR org.springframework.boot.diagnostics.LoggingFailureAnalysisReporter [main] 

***************************
APPLICATION FAILED TO START
***************************

Description:

Parameter 3 of constructor in esmo.test.ap.apms.controllers.Controllers required a bean of type 'esmo.test.ap.apms.service.MinEduService' that could not be found.


Action:

Consider defining a bean of type 'esmo.test.ap.apms.service.MinEduService' in your configuration.

2019-04-08 20:29:27,635 ERROR org.springframework.test.context.TestContextManager [main] Caught exception while allowing TestExecutionListener [org.springframework.test.context.web.ServletTestExecutionListener@4b0b0854] to prepare test instance [esmo.test.ap.apms.service.TestMinEduService@3bd3d05e]
java.lang.IllegalStateException: Failed to load ApplicationContext
	at org.springframework.test.context.cache.DefaultCacheAwareContextLoaderDelegate.loadContext(DefaultCacheAwareContextLoaderDelegate.java:125)
	at org.springframework.test.context.support.DefaultTestContext.getApplicationContext(DefaultTestContext.java:108)
	at org.springframework.test.context.web.ServletTestExecutionListener.setUpRequestContextIfNecessary(ServletTestExecutionListener.java:190)
	at org.springframework.test.context.web.ServletTestExecutionListener.prepareTestInstance(ServletTestExecutionListener.java:132)
	at org.springframework.test.context.TestContextManager.prepareTestInstance(TestContextManager.java:246)
	at org.springframework.test.context.junit4.SpringJUnit4ClassRunner.createTest(SpringJUnit4ClassRunner.java:227)
	at org.springframework.test.context.junit4.SpringJUnit4ClassRunner$1.runReflectiveCall(SpringJUnit4ClassRunner.java:289)
	at org.junit.internal.runners.model.ReflectiveCallable.run(ReflectiveCallable.java:12)
	at org.springframework.test.context.junit4.SpringJUnit4ClassRunner.methodBlock(SpringJUnit4ClassRunner.java:291)
	at org.springframework.test.context.junit4.SpringJUnit4ClassRunner.runChild(SpringJUnit4ClassRunner.java:246)
	at org.springframework.test.context.junit4.SpringJUnit4ClassRunner.runChild(SpringJUnit4ClassRunner.java:97)
	at org.junit.runners.ParentRunner$3.run(ParentRunner.java:290)
	at org.junit.runners.ParentRunner$1.schedule(ParentRunner.java:71)
	at org.junit.runners.ParentRunner.runChildren(ParentRunner.java:288)
	at org.junit.runners.ParentRunner.access$000(ParentRunner.java:58)
	at org.junit.runners.ParentRunner$2.evaluate(ParentRunner.java:268)
	at org.springframework.test.context.junit4.statements.RunBeforeTestClassCallbacks.evaluate(RunBeforeTestClassCallbacks.java:61)
	at org.springframework.test.context.junit4.statements.RunAfterTestClassCallbacks.evaluate(RunAfterTestClassCallbacks.java:70)
	at org.junit.runners.ParentRunner.run(ParentRunner.java:363)
	at org.springframework.test.context.junit4.SpringJUnit4ClassRunner.run(SpringJUnit4ClassRunner.java:190)
	at org.apache.maven.surefire.junit4.JUnit4Provider.execute(JUnit4Provider.java:365)
	at org.apache.maven.surefire.junit4.JUnit4Provider.executeWithRerun(JUnit4Provider.java:273)
	at org.apache.maven.surefire.junit4.JUnit4Provider.executeTestSet(JUnit4Provider.java:238)
	at org.apache.maven.surefire.junit4.JUnit4Provider.invoke(JUnit4Provider.java:159)
	at org.apache.maven.surefire.booter.ForkedBooter.invokeProviderInSameClassLoader(ForkedBooter.java:384)
	at org.apache.maven.surefire.booter.ForkedBooter.runSuitesInProcess(ForkedBooter.java:345)
	at org.apache.maven.surefire.booter.ForkedBooter.execute(ForkedBooter.java:126)
	at org.apache.maven.surefire.booter.ForkedBooter.main(ForkedBooter.java:418)
Caused by: org.springframework.beans.factory.UnsatisfiedDependencyException: Error creating bean with name 'controllers' defined in file [/home/nikos/NetBeansProjects/ESMO-AP-TEST/target/classes/esmo/test/ap/apms/controllers/Controllers.class]: Unsatisfied dependency expressed through constructor parameter 3; nested exception is org.springframework.beans.factory.NoSuchBeanDefinitionException: No qualifying bean of type 'esmo.test.ap.apms.service.MinEduService' available: expected at least 1 bean which qualifies as autowire candidate. Dependency annotations: {}
	at org.springframework.beans.factory.support.ConstructorResolver.createArgumentArray(ConstructorResolver.java:769)
	at org.springframework.beans.factory.support.ConstructorResolver.autowireConstructor(ConstructorResolver.java:218)
	at org.springframework.beans.factory.support.AbstractAutowireCapableBeanFactory.autowireConstructor(AbstractAutowireCapableBeanFactory.java:1325)
	at org.springframework.beans.factory.support.AbstractAutowireCapableBeanFactory.createBeanInstance(AbstractAutowireCapableBeanFactory.java:1171)
	at org.springframework.beans.factory.support.AbstractAutowireCapableBeanFactory.doCreateBean(AbstractAutowireCapableBeanFactory.java:555)
	at org.springframework.beans.factory.support.AbstractAutowireCapableBeanFactory.createBean(AbstractAutowireCapableBeanFactory.java:515)
	at org.springframework.beans.factory.support.AbstractBeanFactory.lambda$doGetBean$0(AbstractBeanFactory.java:320)
	at org.springframework.beans.factory.support.DefaultSingletonBeanRegistry.getSingleton(DefaultSingletonBeanRegistry.java:222)
	at org.springframework.beans.factory.support.AbstractBeanFactory.doGetBean(AbstractBeanFactory.java:318)
	at org.springframework.beans.factory.support.AbstractBeanFactory.getBean(AbstractBeanFactory.java:199)
	at org.springframework.beans.factory.support.DefaultListableBeanFactory.preInstantiateSingletons(DefaultListableBeanFactory.java:849)
	at org.springframework.context.support.AbstractApplicationContext.finishBeanFactoryInitialization(AbstractApplicationContext.java:877)
	at org.springframework.context.support.AbstractApplicationContext.refresh(AbstractApplicationContext.java:549)
	at org.springframework.boot.SpringApplication.refresh(SpringApplication.java:775)
	at org.springframework.boot.SpringApplication.refreshContext(SpringApplication.java:397)
	at org.springframework.boot.SpringApplication.run(SpringApplication.java:316)
	at org.springframework.boot.test.context.SpringBootContextLoader.loadContext(SpringBootContextLoader.java:127)
	at org.springframework.test.context.cache.DefaultCacheAwareContextLoaderDelegate.loadContextInternal(DefaultCacheAwareContextLoaderDelegate.java:99)
	at org.springframework.test.context.cache.DefaultCacheAwareContextLoaderDelegate.loadContext(DefaultCacheAwareContextLoaderDelegate.java:117)
	... 27 common frames omitted
Caused by: org.springframework.beans.factory.NoSuchBeanDefinitionException: No qualifying bean of type 'esmo.test.ap.apms.service.MinEduService' available: expected at least 1 bean which qualifies as autowire candidate. Dependency annotations: {}
	at org.springframework.beans.factory.support.DefaultListableBeanFactory.raiseNoMatchingBeanFound(DefaultListableBeanFactory.java:1654)
	at org.springframework.beans.factory.support.DefaultListableBeanFactory.doResolveDependency(DefaultListableBeanFactory.java:1213)
	at org.springframework.beans.factory.support.DefaultListableBeanFactory.resolveDependency(DefaultListableBeanFactory.java:1167)
	at org.springframework.beans.factory.support.ConstructorResolver.resolveAutowiredArgument(ConstructorResolver.java:857)
	at org.springframework.beans.factory.support.ConstructorResolver.createArgumentArray(ConstructorResolver.java:760)
	... 45 common frames omitted
2019-04-08 20:30:16,301 INFO org.springframework.boot.StartupInfoLogger [main] Starting TestMinEduService on nikos-Lenovo-V310-15IKB with PID 7364 (started by nikos in /home/nikos/NetBeansProjects/ESMO-AP-TEST)
2019-04-08 20:30:16,303 INFO org.springframework.boot.SpringApplication [main] The following profiles are active: test
2019-04-08 20:30:18,460 INFO com.google.code.ssm.config.DefaultAddressProvider [main] Defined values 172.17.0.1:11211 will be used as memcached addresses
2019-04-08 20:30:19,574 INFO org.springframework.scheduling.concurrent.ExecutorConfigurationSupport [main] Initializing ExecutorService 'applicationTaskExecutor'
2019-04-08 20:30:20,027 INFO org.springframework.boot.StartupInfoLogger [main] Started TestMinEduService in 4.244 seconds (JVM running for 5.116)
2019-04-08 20:30:20,184 INFO org.springframework.scheduling.concurrent.ExecutorConfigurationSupport [Thread-3] Shutting down ExecutorService 'applicationTaskExecutor'
2019-04-08 20:32:05,108 INFO org.springframework.boot.StartupInfoLogger [main] Starting TestMinEduService on nikos-Lenovo-V310-15IKB with PID 7500 (started by nikos in /home/nikos/NetBeansProjects/ESMO-AP-TEST)
2019-04-08 20:32:05,110 INFO org.springframework.boot.SpringApplication [main] The following profiles are active: test
2019-04-08 20:32:08,186 INFO com.google.code.ssm.config.DefaultAddressProvider [main] Defined values 172.17.0.1:11211 will be used as memcached addresses
2019-04-08 20:32:09,278 INFO org.springframework.scheduling.concurrent.ExecutorConfigurationSupport [main] Initializing ExecutorService 'applicationTaskExecutor'
2019-04-08 20:32:09,865 INFO org.springframework.boot.StartupInfoLogger [main] Started TestMinEduService in 5.59 seconds (JVM running for 6.861)
2019-04-08 20:34:18,435 INFO org.springframework.boot.StartupInfoLogger [main] Starting TestMinEduService on nikos-Lenovo-V310-15IKB with PID 7632 (started by nikos in /home/nikos/NetBeansProjects/ESMO-AP-TEST)
2019-04-08 20:34:18,438 INFO org.springframework.boot.SpringApplication [main] The following profiles are active: test
2019-04-08 20:34:20,632 INFO com.google.code.ssm.config.DefaultAddressProvider [main] Defined values 172.17.0.1:11211 will be used as memcached addresses
2019-04-08 20:34:21,335 INFO org.springframework.scheduling.concurrent.ExecutorConfigurationSupport [main] Initializing ExecutorService 'applicationTaskExecutor'
2019-04-08 20:34:22,087 INFO org.springframework.boot.StartupInfoLogger [main] Started TestMinEduService in 4.035 seconds (JVM running for 5.006)
2019-04-08 20:34:22,286 INFO org.springframework.scheduling.concurrent.ExecutorConfigurationSupport [Thread-3] Shutting down ExecutorService 'applicationTaskExecutor'
2019-04-08 20:34:37,231 INFO org.springframework.boot.StartupInfoLogger [main] Starting TestMinEduService on nikos-Lenovo-V310-15IKB with PID 7722 (started by nikos in /home/nikos/NetBeansProjects/ESMO-AP-TEST)
2019-04-08 20:34:37,234 INFO org.springframework.boot.SpringApplication [main] The following profiles are active: test
2019-04-08 20:34:40,032 INFO com.google.code.ssm.config.DefaultAddressProvider [main] Defined values 172.17.0.1:11211 will be used as memcached addresses
2019-04-08 20:34:40,947 INFO org.springframework.scheduling.concurrent.ExecutorConfigurationSupport [main] Initializing ExecutorService 'applicationTaskExecutor'
2019-04-08 20:34:41,464 INFO org.springframework.boot.StartupInfoLogger [main] Started TestMinEduService in 4.985 seconds (JVM running for 6.048)
2019-04-08 20:36:08,994 INFO org.springframework.boot.StartupInfoLogger [main] Starting TestMinEduService on nikos-Lenovo-V310-15IKB with PID 7822 (started by nikos in /home/nikos/NetBeansProjects/ESMO-AP-TEST)
2019-04-08 20:36:08,997 INFO org.springframework.boot.SpringApplication [main] The following profiles are active: test
2019-04-08 20:36:11,681 INFO com.google.code.ssm.config.DefaultAddressProvider [main] Defined values 172.17.0.1:11211 will be used as memcached addresses
2019-04-08 20:36:12,905 INFO org.springframework.scheduling.concurrent.ExecutorConfigurationSupport [main] Initializing ExecutorService 'applicationTaskExecutor'
2019-04-08 20:36:13,713 INFO org.springframework.boot.StartupInfoLogger [main] Started TestMinEduService in 5.366 seconds (JVM running for 6.806)
2019-04-08 20:38:01,383 INFO org.springframework.boot.StartupInfoLogger [main] Starting TestMinEduService on nikos-Lenovo-V310-15IKB with PID 7932 (started by nikos in /home/nikos/NetBeansProjects/ESMO-AP-TEST)
2019-04-08 20:38:01,386 INFO org.springframework.boot.SpringApplication [main] The following profiles are active: test
2019-04-08 20:39:16,225 INFO org.springframework.boot.StartupInfoLogger [main] Starting TestMinEduService on nikos-Lenovo-V310-15IKB with PID 8047 (started by nikos in /home/nikos/NetBeansProjects/ESMO-AP-TEST)
2019-04-08 20:39:16,228 INFO org.springframework.boot.SpringApplication [main] The following profiles are active: test
2019-04-08 20:39:19,051 INFO com.google.code.ssm.config.DefaultAddressProvider [main] Defined values 172.17.0.1:11211 will be used as memcached addresses
2019-04-08 20:39:20,054 INFO org.springframework.scheduling.concurrent.ExecutorConfigurationSupport [main] Initializing ExecutorService 'applicationTaskExecutor'
2019-04-08 20:39:20,659 INFO org.springframework.boot.StartupInfoLogger [main] Started TestMinEduService in 5.397 seconds (JVM running for 6.208)
2019-04-08 20:39:20,798 INFO org.springframework.scheduling.concurrent.ExecutorConfigurationSupport [Thread-3] Shutting down ExecutorService 'applicationTaskExecutor'
2019-04-08 20:40:17,163 INFO org.springframework.boot.StartupInfoLogger [main] Starting TestMinEduService on nikos-Lenovo-V310-15IKB with PID 8144 (started by nikos in /home/nikos/NetBeansProjects/ESMO-AP-TEST)
2019-04-08 20:40:17,170 INFO org.springframework.boot.SpringApplication [main] No active profile set, falling back to default profiles: default
2019-04-08 20:40:19,084 WARN org.springframework.context.support.AbstractApplicationContext [main] Exception encountered during context initialization - cancelling refresh attempt: org.springframework.beans.factory.UnsatisfiedDependencyException: Error creating bean with name 'controllers' defined in file [/home/nikos/NetBeansProjects/ESMO-AP-TEST/target/classes/esmo/test/ap/apms/controllers/Controllers.class]: Unsatisfied dependency expressed through constructor parameter 2; nested exception is org.springframework.beans.factory.BeanCreationException: Error creating bean with name 'esmoMetadataServiceImpl' defined in file [/home/nikos/NetBeansProjects/ESMO-AP-TEST/target/classes/esmo/test/ap/apms/service/impl/EsmoMetadataServiceImpl.class]: Bean instantiation via constructor failed; nested exception is org.springframework.beans.BeanInstantiationException: Failed to instantiate [esmo.test.ap.apms.service.impl.EsmoMetadataServiceImpl]: Constructor threw exception; nested exception is java.lang.NullPointerException
2019-04-08 20:40:19,095 INFO org.springframework.boot.autoconfigure.logging.ConditionEvaluationReportLoggingListener [main] 

Error starting ApplicationContext. To display the conditions report re-run your application with 'debug' enabled.
2019-04-08 20:40:19,099 ERROR org.springframework.boot.SpringApplication [main] Application run failed
org.springframework.beans.factory.UnsatisfiedDependencyException: Error creating bean with name 'controllers' defined in file [/home/nikos/NetBeansProjects/ESMO-AP-TEST/target/classes/esmo/test/ap/apms/controllers/Controllers.class]: Unsatisfied dependency expressed through constructor parameter 2; nested exception is org.springframework.beans.factory.BeanCreationException: Error creating bean with name 'esmoMetadataServiceImpl' defined in file [/home/nikos/NetBeansProjects/ESMO-AP-TEST/target/classes/esmo/test/ap/apms/service/impl/EsmoMetadataServiceImpl.class]: Bean instantiation via constructor failed; nested exception is org.springframework.beans.BeanInstantiationException: Failed to instantiate [esmo.test.ap.apms.service.impl.EsmoMetadataServiceImpl]: Constructor threw exception; nested exception is java.lang.NullPointerException
	at org.springframework.beans.factory.support.ConstructorResolver.createArgumentArray(ConstructorResolver.java:769)
	at org.springframework.beans.factory.support.ConstructorResolver.autowireConstructor(ConstructorResolver.java:218)
	at org.springframework.beans.factory.support.AbstractAutowireCapableBeanFactory.autowireConstructor(AbstractAutowireCapableBeanFactory.java:1325)
	at org.springframework.beans.factory.support.AbstractAutowireCapableBeanFactory.createBeanInstance(AbstractAutowireCapableBeanFactory.java:1171)
	at org.springframework.beans.factory.support.AbstractAutowireCapableBeanFactory.doCreateBean(AbstractAutowireCapableBeanFactory.java:555)
	at org.springframework.beans.factory.support.AbstractAutowireCapableBeanFactory.createBean(AbstractAutowireCapableBeanFactory.java:515)
	at org.springframework.beans.factory.support.AbstractBeanFactory.lambda$doGetBean$0(AbstractBeanFactory.java:320)
	at org.springframework.beans.factory.support.DefaultSingletonBeanRegistry.getSingleton(DefaultSingletonBeanRegistry.java:222)
	at org.springframework.beans.factory.support.AbstractBeanFactory.doGetBean(AbstractBeanFactory.java:318)
	at org.springframework.beans.factory.support.AbstractBeanFactory.getBean(AbstractBeanFactory.java:199)
	at org.springframework.beans.factory.support.DefaultListableBeanFactory.preInstantiateSingletons(DefaultListableBeanFactory.java:849)
	at org.springframework.context.support.AbstractApplicationContext.finishBeanFactoryInitialization(AbstractApplicationContext.java:877)
	at org.springframework.context.support.AbstractApplicationContext.refresh(AbstractApplicationContext.java:549)
	at org.springframework.boot.SpringApplication.refresh(SpringApplication.java:775)
	at org.springframework.boot.SpringApplication.refreshContext(SpringApplication.java:397)
	at org.springframework.boot.SpringApplication.run(SpringApplication.java:316)
	at org.springframework.boot.test.context.SpringBootContextLoader.loadContext(SpringBootContextLoader.java:127)
	at org.springframework.test.context.cache.DefaultCacheAwareContextLoaderDelegate.loadContextInternal(DefaultCacheAwareContextLoaderDelegate.java:99)
	at org.springframework.test.context.cache.DefaultCacheAwareContextLoaderDelegate.loadContext(DefaultCacheAwareContextLoaderDelegate.java:117)
	at org.springframework.test.context.support.DefaultTestContext.getApplicationContext(DefaultTestContext.java:108)
	at org.springframework.test.context.web.ServletTestExecutionListener.setUpRequestContextIfNecessary(ServletTestExecutionListener.java:190)
	at org.springframework.test.context.web.ServletTestExecutionListener.prepareTestInstance(ServletTestExecutionListener.java:132)
	at org.springframework.test.context.TestContextManager.prepareTestInstance(TestContextManager.java:246)
	at org.springframework.test.context.junit4.SpringJUnit4ClassRunner.createTest(SpringJUnit4ClassRunner.java:227)
	at org.springframework.test.context.junit4.SpringJUnit4ClassRunner$1.runReflectiveCall(SpringJUnit4ClassRunner.java:289)
	at org.junit.internal.runners.model.ReflectiveCallable.run(ReflectiveCallable.java:12)
	at org.springframework.test.context.junit4.SpringJUnit4ClassRunner.methodBlock(SpringJUnit4ClassRunner.java:291)
	at org.springframework.test.context.junit4.SpringJUnit4ClassRunner.runChild(SpringJUnit4ClassRunner.java:246)
	at org.springframework.test.context.junit4.SpringJUnit4ClassRunner.runChild(SpringJUnit4ClassRunner.java:97)
	at org.junit.runners.ParentRunner$3.run(ParentRunner.java:290)
	at org.junit.runners.ParentRunner$1.schedule(ParentRunner.java:71)
	at org.junit.runners.ParentRunner.runChildren(ParentRunner.java:288)
	at org.junit.runners.ParentRunner.access$000(ParentRunner.java:58)
	at org.junit.runners.ParentRunner$2.evaluate(ParentRunner.java:268)
	at org.springframework.test.context.junit4.statements.RunBeforeTestClassCallbacks.evaluate(RunBeforeTestClassCallbacks.java:61)
	at org.springframework.test.context.junit4.statements.RunAfterTestClassCallbacks.evaluate(RunAfterTestClassCallbacks.java:70)
	at org.junit.runners.ParentRunner.run(ParentRunner.java:363)
	at org.springframework.test.context.junit4.SpringJUnit4ClassRunner.run(SpringJUnit4ClassRunner.java:190)
	at org.apache.maven.surefire.junit4.JUnit4Provider.execute(JUnit4Provider.java:365)
	at org.apache.maven.surefire.junit4.JUnit4Provider.executeWithRerun(JUnit4Provider.java:273)
	at org.apache.maven.surefire.junit4.JUnit4Provider.executeTestSet(JUnit4Provider.java:238)
	at org.apache.maven.surefire.junit4.JUnit4Provider.invoke(JUnit4Provider.java:159)
	at org.apache.maven.surefire.booter.ForkedBooter.invokeProviderInSameClassLoader(ForkedBooter.java:384)
	at org.apache.maven.surefire.booter.ForkedBooter.runSuitesInProcess(ForkedBooter.java:345)
	at org.apache.maven.surefire.booter.ForkedBooter.execute(ForkedBooter.java:126)
	at org.apache.maven.surefire.booter.ForkedBooter.main(ForkedBooter.java:418)
Caused by: org.springframework.beans.factory.BeanCreationException: Error creating bean with name 'esmoMetadataServiceImpl' defined in file [/home/nikos/NetBeansProjects/ESMO-AP-TEST/target/classes/esmo/test/ap/apms/service/impl/EsmoMetadataServiceImpl.class]: Bean instantiation via constructor failed; nested exception is org.springframework.beans.BeanInstantiationException: Failed to instantiate [esmo.test.ap.apms.service.impl.EsmoMetadataServiceImpl]: Constructor threw exception; nested exception is java.lang.NullPointerException
	at org.springframework.beans.factory.support.ConstructorResolver.instantiate(ConstructorResolver.java:304)
	at org.springframework.beans.factory.support.ConstructorResolver.autowireConstructor(ConstructorResolver.java:285)
	at org.springframework.beans.factory.support.AbstractAutowireCapableBeanFactory.autowireConstructor(AbstractAutowireCapableBeanFactory.java:1325)
	at org.springframework.beans.factory.support.AbstractAutowireCapableBeanFactory.createBeanInstance(AbstractAutowireCapableBeanFactory.java:1171)
	at org.springframework.beans.factory.support.AbstractAutowireCapableBeanFactory.doCreateBean(AbstractAutowireCapableBeanFactory.java:555)
	at org.springframework.beans.factory.support.AbstractAutowireCapableBeanFactory.createBean(AbstractAutowireCapableBeanFactory.java:515)
	at org.springframework.beans.factory.support.AbstractBeanFactory.lambda$doGetBean$0(AbstractBeanFactory.java:320)
	at org.springframework.beans.factory.support.DefaultSingletonBeanRegistry.getSingleton(DefaultSingletonBeanRegistry.java:222)
	at org.springframework.beans.factory.support.AbstractBeanFactory.doGetBean(AbstractBeanFactory.java:318)
	at org.springframework.beans.factory.support.AbstractBeanFactory.getBean(AbstractBeanFactory.java:199)
	at org.springframework.beans.factory.config.DependencyDescriptor.resolveCandidate(DependencyDescriptor.java:277)
	at org.springframework.beans.factory.support.DefaultListableBeanFactory.doResolveDependency(DefaultListableBeanFactory.java:1247)
	at org.springframework.beans.factory.support.DefaultListableBeanFactory.resolveDependency(DefaultListableBeanFactory.java:1167)
	at org.springframework.beans.factory.support.ConstructorResolver.resolveAutowiredArgument(ConstructorResolver.java:857)
	at org.springframework.beans.factory.support.ConstructorResolver.createArgumentArray(ConstructorResolver.java:760)
	... 45 common frames omitted
Caused by: org.springframework.beans.BeanInstantiationException: Failed to instantiate [esmo.test.ap.apms.service.impl.EsmoMetadataServiceImpl]: Constructor threw exception; nested exception is java.lang.NullPointerException
	at org.springframework.beans.BeanUtils.instantiateClass(BeanUtils.java:184)
	at org.springframework.beans.factory.support.SimpleInstantiationStrategy.instantiate(SimpleInstantiationStrategy.java:117)
	at org.springframework.beans.factory.support.ConstructorResolver.instantiate(ConstructorResolver.java:300)
	... 59 common frames omitted
Caused by: java.lang.NullPointerException: null
	at sun.security.provider.JavaKeyStore$JKS.convertAlias(JavaKeyStore.java:58)
	at sun.security.provider.JavaKeyStore.engineGetCertificate(JavaKeyStore.java:190)
	at sun.security.provider.JavaKeyStore$JKS.engineGetCertificate(JavaKeyStore.java:56)
	at sun.security.provider.KeyStoreDelegator.engineGetCertificate(KeyStoreDelegator.java:106)
	at sun.security.provider.JavaKeyStore$DualFormatJKS.engineGetCertificate(JavaKeyStore.java:70)
	at java.security.KeyStore.getCertificate(KeyStore.java:1081)
	at esmo.test.ap.apms.service.impl.KeyStoreServiceImpl.getHttpSigPublicKey(KeyStoreServiceImpl.java:91)
	at esmo.test.ap.apms.service.impl.EsmoMetadataServiceImpl.<init>(EsmoMetadataServiceImpl.java:51)
	at sun.reflect.NativeConstructorAccessorImpl.newInstance0(Native Method)
	at sun.reflect.NativeConstructorAccessorImpl.newInstance(NativeConstructorAccessorImpl.java:62)
	at sun.reflect.DelegatingConstructorAccessorImpl.newInstance(DelegatingConstructorAccessorImpl.java:45)
	at java.lang.reflect.Constructor.newInstance(Constructor.java:423)
	at org.springframework.beans.BeanUtils.instantiateClass(BeanUtils.java:172)
	... 61 common frames omitted
2019-04-08 20:40:19,102 ERROR org.springframework.test.context.TestContextManager [main] Caught exception while allowing TestExecutionListener [org.springframework.test.context.web.ServletTestExecutionListener@222545dc] to prepare test instance [esmo.test.ap.apms.service.TestMinEduService@37ff4054]
java.lang.IllegalStateException: Failed to load ApplicationContext
	at org.springframework.test.context.cache.DefaultCacheAwareContextLoaderDelegate.loadContext(DefaultCacheAwareContextLoaderDelegate.java:125)
	at org.springframework.test.context.support.DefaultTestContext.getApplicationContext(DefaultTestContext.java:108)
	at org.springframework.test.context.web.ServletTestExecutionListener.setUpRequestContextIfNecessary(ServletTestExecutionListener.java:190)
	at org.springframework.test.context.web.ServletTestExecutionListener.prepareTestInstance(ServletTestExecutionListener.java:132)
	at org.springframework.test.context.TestContextManager.prepareTestInstance(TestContextManager.java:246)
	at org.springframework.test.context.junit4.SpringJUnit4ClassRunner.createTest(SpringJUnit4ClassRunner.java:227)
	at org.springframework.test.context.junit4.SpringJUnit4ClassRunner$1.runReflectiveCall(SpringJUnit4ClassRunner.java:289)
	at org.junit.internal.runners.model.ReflectiveCallable.run(ReflectiveCallable.java:12)
	at org.springframework.test.context.junit4.SpringJUnit4ClassRunner.methodBlock(SpringJUnit4ClassRunner.java:291)
	at org.springframework.test.context.junit4.SpringJUnit4ClassRunner.runChild(SpringJUnit4ClassRunner.java:246)
	at org.springframework.test.context.junit4.SpringJUnit4ClassRunner.runChild(SpringJUnit4ClassRunner.java:97)
	at org.junit.runners.ParentRunner$3.run(ParentRunner.java:290)
	at org.junit.runners.ParentRunner$1.schedule(ParentRunner.java:71)
	at org.junit.runners.ParentRunner.runChildren(ParentRunner.java:288)
	at org.junit.runners.ParentRunner.access$000(ParentRunner.java:58)
	at org.junit.runners.ParentRunner$2.evaluate(ParentRunner.java:268)
	at org.springframework.test.context.junit4.statements.RunBeforeTestClassCallbacks.evaluate(RunBeforeTestClassCallbacks.java:61)
	at org.springframework.test.context.junit4.statements.RunAfterTestClassCallbacks.evaluate(RunAfterTestClassCallbacks.java:70)
	at org.junit.runners.ParentRunner.run(ParentRunner.java:363)
	at org.springframework.test.context.junit4.SpringJUnit4ClassRunner.run(SpringJUnit4ClassRunner.java:190)
	at org.apache.maven.surefire.junit4.JUnit4Provider.execute(JUnit4Provider.java:365)
	at org.apache.maven.surefire.junit4.JUnit4Provider.executeWithRerun(JUnit4Provider.java:273)
	at org.apache.maven.surefire.junit4.JUnit4Provider.executeTestSet(JUnit4Provider.java:238)
	at org.apache.maven.surefire.junit4.JUnit4Provider.invoke(JUnit4Provider.java:159)
	at org.apache.maven.surefire.booter.ForkedBooter.invokeProviderInSameClassLoader(ForkedBooter.java:384)
	at org.apache.maven.surefire.booter.ForkedBooter.runSuitesInProcess(ForkedBooter.java:345)
	at org.apache.maven.surefire.booter.ForkedBooter.execute(ForkedBooter.java:126)
	at org.apache.maven.surefire.booter.ForkedBooter.main(ForkedBooter.java:418)
Caused by: org.springframework.beans.factory.UnsatisfiedDependencyException: Error creating bean with name 'controllers' defined in file [/home/nikos/NetBeansProjects/ESMO-AP-TEST/target/classes/esmo/test/ap/apms/controllers/Controllers.class]: Unsatisfied dependency expressed through constructor parameter 2; nested exception is org.springframework.beans.factory.BeanCreationException: Error creating bean with name 'esmoMetadataServiceImpl' defined in file [/home/nikos/NetBeansProjects/ESMO-AP-TEST/target/classes/esmo/test/ap/apms/service/impl/EsmoMetadataServiceImpl.class]: Bean instantiation via constructor failed; nested exception is org.springframework.beans.BeanInstantiationException: Failed to instantiate [esmo.test.ap.apms.service.impl.EsmoMetadataServiceImpl]: Constructor threw exception; nested exception is java.lang.NullPointerException
	at org.springframework.beans.factory.support.ConstructorResolver.createArgumentArray(ConstructorResolver.java:769)
	at org.springframework.beans.factory.support.ConstructorResolver.autowireConstructor(ConstructorResolver.java:218)
	at org.springframework.beans.factory.support.AbstractAutowireCapableBeanFactory.autowireConstructor(AbstractAutowireCapableBeanFactory.java:1325)
	at org.springframework.beans.factory.support.AbstractAutowireCapableBeanFactory.createBeanInstance(AbstractAutowireCapableBeanFactory.java:1171)
	at org.springframework.beans.factory.support.AbstractAutowireCapableBeanFactory.doCreateBean(AbstractAutowireCapableBeanFactory.java:555)
	at org.springframework.beans.factory.support.AbstractAutowireCapableBeanFactory.createBean(AbstractAutowireCapableBeanFactory.java:515)
	at org.springframework.beans.factory.support.AbstractBeanFactory.lambda$doGetBean$0(AbstractBeanFactory.java:320)
	at org.springframework.beans.factory.support.DefaultSingletonBeanRegistry.getSingleton(DefaultSingletonBeanRegistry.java:222)
	at org.springframework.beans.factory.support.AbstractBeanFactory.doGetBean(AbstractBeanFactory.java:318)
	at org.springframework.beans.factory.support.AbstractBeanFactory.getBean(AbstractBeanFactory.java:199)
	at org.springframework.beans.factory.support.DefaultListableBeanFactory.preInstantiateSingletons(DefaultListableBeanFactory.java:849)
	at org.springframework.context.support.AbstractApplicationContext.finishBeanFactoryInitialization(AbstractApplicationContext.java:877)
	at org.springframework.context.support.AbstractApplicationContext.refresh(AbstractApplicationContext.java:549)
	at org.springframework.boot.SpringApplication.refresh(SpringApplication.java:775)
	at org.springframework.boot.SpringApplication.refreshContext(SpringApplication.java:397)
	at org.springframework.boot.SpringApplication.run(SpringApplication.java:316)
	at org.springframework.boot.test.context.SpringBootContextLoader.loadContext(SpringBootContextLoader.java:127)
	at org.springframework.test.context.cache.DefaultCacheAwareContextLoaderDelegate.loadContextInternal(DefaultCacheAwareContextLoaderDelegate.java:99)
	at org.springframework.test.context.cache.DefaultCacheAwareContextLoaderDelegate.loadContext(DefaultCacheAwareContextLoaderDelegate.java:117)
	... 27 common frames omitted
Caused by: org.springframework.beans.factory.BeanCreationException: Error creating bean with name 'esmoMetadataServiceImpl' defined in file [/home/nikos/NetBeansProjects/ESMO-AP-TEST/target/classes/esmo/test/ap/apms/service/impl/EsmoMetadataServiceImpl.class]: Bean instantiation via constructor failed; nested exception is org.springframework.beans.BeanInstantiationException: Failed to instantiate [esmo.test.ap.apms.service.impl.EsmoMetadataServiceImpl]: Constructor threw exception; nested exception is java.lang.NullPointerException
	at org.springframework.beans.factory.support.ConstructorResolver.instantiate(ConstructorResolver.java:304)
	at org.springframework.beans.factory.support.ConstructorResolver.autowireConstructor(ConstructorResolver.java:285)
	at org.springframework.beans.factory.support.AbstractAutowireCapableBeanFactory.autowireConstructor(AbstractAutowireCapableBeanFactory.java:1325)
	at org.springframework.beans.factory.support.AbstractAutowireCapableBeanFactory.createBeanInstance(AbstractAutowireCapableBeanFactory.java:1171)
	at org.springframework.beans.factory.support.AbstractAutowireCapableBeanFactory.doCreateBean(AbstractAutowireCapableBeanFactory.java:555)
	at org.springframework.beans.factory.support.AbstractAutowireCapableBeanFactory.createBean(AbstractAutowireCapableBeanFactory.java:515)
	at org.springframework.beans.factory.support.AbstractBeanFactory.lambda$doGetBean$0(AbstractBeanFactory.java:320)
	at org.springframework.beans.factory.support.DefaultSingletonBeanRegistry.getSingleton(DefaultSingletonBeanRegistry.java:222)
	at org.springframework.beans.factory.support.AbstractBeanFactory.doGetBean(AbstractBeanFactory.java:318)
	at org.springframework.beans.factory.support.AbstractBeanFactory.getBean(AbstractBeanFactory.java:199)
	at org.springframework.beans.factory.config.DependencyDescriptor.resolveCandidate(DependencyDescriptor.java:277)
	at org.springframework.beans.factory.support.DefaultListableBeanFactory.doResolveDependency(DefaultListableBeanFactory.java:1247)
	at org.springframework.beans.factory.support.DefaultListableBeanFactory.resolveDependency(DefaultListableBeanFactory.java:1167)
	at org.springframework.beans.factory.support.ConstructorResolver.resolveAutowiredArgument(ConstructorResolver.java:857)
	at org.springframework.beans.factory.support.ConstructorResolver.createArgumentArray(ConstructorResolver.java:760)
	... 45 common frames omitted
Caused by: org.springframework.beans.BeanInstantiationException: Failed to instantiate [esmo.test.ap.apms.service.impl.EsmoMetadataServiceImpl]: Constructor threw exception; nested exception is java.lang.NullPointerException
	at org.springframework.beans.BeanUtils.instantiateClass(BeanUtils.java:184)
	at org.springframework.beans.factory.support.SimpleInstantiationStrategy.instantiate(SimpleInstantiationStrategy.java:117)
	at org.springframework.beans.factory.support.ConstructorResolver.instantiate(ConstructorResolver.java:300)
	... 59 common frames omitted
Caused by: java.lang.NullPointerException: null
	at sun.security.provider.JavaKeyStore$JKS.convertAlias(JavaKeyStore.java:58)
	at sun.security.provider.JavaKeyStore.engineGetCertificate(JavaKeyStore.java:190)
	at sun.security.provider.JavaKeyStore$JKS.engineGetCertificate(JavaKeyStore.java:56)
	at sun.security.provider.KeyStoreDelegator.engineGetCertificate(KeyStoreDelegator.java:106)
	at sun.security.provider.JavaKeyStore$DualFormatJKS.engineGetCertificate(JavaKeyStore.java:70)
	at java.security.KeyStore.getCertificate(KeyStore.java:1081)
	at esmo.test.ap.apms.service.impl.KeyStoreServiceImpl.getHttpSigPublicKey(KeyStoreServiceImpl.java:91)
	at esmo.test.ap.apms.service.impl.EsmoMetadataServiceImpl.<init>(EsmoMetadataServiceImpl.java:51)
	at sun.reflect.NativeConstructorAccessorImpl.newInstance0(Native Method)
	at sun.reflect.NativeConstructorAccessorImpl.newInstance(NativeConstructorAccessorImpl.java:62)
	at sun.reflect.DelegatingConstructorAccessorImpl.newInstance(DelegatingConstructorAccessorImpl.java:45)
	at java.lang.reflect.Constructor.newInstance(Constructor.java:423)
	at org.springframework.beans.BeanUtils.instantiateClass(BeanUtils.java:172)
	... 61 common frames omitted
2019-04-08 20:42:46,675 INFO org.springframework.boot.StartupInfoLogger [main] Starting TestMinEduService on nikos-Lenovo-V310-15IKB with PID 8627 (started by nikos in /home/nikos/NetBeansProjects/ESMO-AP-TEST)
2019-04-08 20:42:46,684 INFO org.springframework.boot.SpringApplication [main] No active profile set, falling back to default profiles: default
2019-04-08 20:42:48,195 WARN org.springframework.context.support.AbstractApplicationContext [main] Exception encountered during context initialization - cancelling refresh attempt: org.springframework.beans.factory.UnsatisfiedDependencyException: Error creating bean with name 'controllers' defined in file [/home/nikos/NetBeansProjects/ESMO-AP-TEST/target/classes/esmo/test/ap/apms/controllers/Controllers.class]: Unsatisfied dependency expressed through constructor parameter 1; nested exception is org.springframework.beans.factory.BeanCreationException: Error creating bean with name 'keyStoreServiceImpl' defined in file [/home/nikos/NetBeansProjects/ESMO-AP-TEST/target/classes/esmo/test/ap/apms/service/impl/KeyStoreServiceImpl.class]: Bean instantiation via constructor failed; nested exception is org.springframework.beans.BeanInstantiationException: Failed to instantiate [esmo.test.ap.apms.service.impl.KeyStoreServiceImpl]: Constructor threw exception; nested exception is java.io.FileNotFoundException: resources/testKeys/keystore.jks (No such file or directory)
2019-04-08 20:42:48,207 INFO org.springframework.boot.autoconfigure.logging.ConditionEvaluationReportLoggingListener [main] 

Error starting ApplicationContext. To display the conditions report re-run your application with 'debug' enabled.
2019-04-08 20:42:48,211 ERROR org.springframework.boot.SpringApplication [main] Application run failed
org.springframework.beans.factory.UnsatisfiedDependencyException: Error creating bean with name 'controllers' defined in file [/home/nikos/NetBeansProjects/ESMO-AP-TEST/target/classes/esmo/test/ap/apms/controllers/Controllers.class]: Unsatisfied dependency expressed through constructor parameter 1; nested exception is org.springframework.beans.factory.BeanCreationException: Error creating bean with name 'keyStoreServiceImpl' defined in file [/home/nikos/NetBeansProjects/ESMO-AP-TEST/target/classes/esmo/test/ap/apms/service/impl/KeyStoreServiceImpl.class]: Bean instantiation via constructor failed; nested exception is org.springframework.beans.BeanInstantiationException: Failed to instantiate [esmo.test.ap.apms.service.impl.KeyStoreServiceImpl]: Constructor threw exception; nested exception is java.io.FileNotFoundException: resources/testKeys/keystore.jks (No such file or directory)
	at org.springframework.beans.factory.support.ConstructorResolver.createArgumentArray(ConstructorResolver.java:769)
	at org.springframework.beans.factory.support.ConstructorResolver.autowireConstructor(ConstructorResolver.java:218)
	at org.springframework.beans.factory.support.AbstractAutowireCapableBeanFactory.autowireConstructor(AbstractAutowireCapableBeanFactory.java:1325)
	at org.springframework.beans.factory.support.AbstractAutowireCapableBeanFactory.createBeanInstance(AbstractAutowireCapableBeanFactory.java:1171)
	at org.springframework.beans.factory.support.AbstractAutowireCapableBeanFactory.doCreateBean(AbstractAutowireCapableBeanFactory.java:555)
	at org.springframework.beans.factory.support.AbstractAutowireCapableBeanFactory.createBean(AbstractAutowireCapableBeanFactory.java:515)
	at org.springframework.beans.factory.support.AbstractBeanFactory.lambda$doGetBean$0(AbstractBeanFactory.java:320)
	at org.springframework.beans.factory.support.DefaultSingletonBeanRegistry.getSingleton(DefaultSingletonBeanRegistry.java:222)
	at org.springframework.beans.factory.support.AbstractBeanFactory.doGetBean(AbstractBeanFactory.java:318)
	at org.springframework.beans.factory.support.AbstractBeanFactory.getBean(AbstractBeanFactory.java:199)
	at org.springframework.beans.factory.support.DefaultListableBeanFactory.preInstantiateSingletons(DefaultListableBeanFactory.java:849)
	at org.springframework.context.support.AbstractApplicationContext.finishBeanFactoryInitialization(AbstractApplicationContext.java:877)
	at org.springframework.context.support.AbstractApplicationContext.refresh(AbstractApplicationContext.java:549)
	at org.springframework.boot.SpringApplication.refresh(SpringApplication.java:775)
	at org.springframework.boot.SpringApplication.refreshContext(SpringApplication.java:397)
	at org.springframework.boot.SpringApplication.run(SpringApplication.java:316)
	at org.springframework.boot.test.context.SpringBootContextLoader.loadContext(SpringBootContextLoader.java:127)
	at org.springframework.test.context.cache.DefaultCacheAwareContextLoaderDelegate.loadContextInternal(DefaultCacheAwareContextLoaderDelegate.java:99)
	at org.springframework.test.context.cache.DefaultCacheAwareContextLoaderDelegate.loadContext(DefaultCacheAwareContextLoaderDelegate.java:117)
	at org.springframework.test.context.support.DefaultTestContext.getApplicationContext(DefaultTestContext.java:108)
	at org.springframework.test.context.web.ServletTestExecutionListener.setUpRequestContextIfNecessary(ServletTestExecutionListener.java:190)
	at org.springframework.test.context.web.ServletTestExecutionListener.prepareTestInstance(ServletTestExecutionListener.java:132)
	at org.springframework.test.context.TestContextManager.prepareTestInstance(TestContextManager.java:246)
	at org.springframework.test.context.junit4.SpringJUnit4ClassRunner.createTest(SpringJUnit4ClassRunner.java:227)
	at org.springframework.test.context.junit4.SpringJUnit4ClassRunner$1.runReflectiveCall(SpringJUnit4ClassRunner.java:289)
	at org.junit.internal.runners.model.ReflectiveCallable.run(ReflectiveCallable.java:12)
	at org.springframework.test.context.junit4.SpringJUnit4ClassRunner.methodBlock(SpringJUnit4ClassRunner.java:291)
	at org.springframework.test.context.junit4.SpringJUnit4ClassRunner.runChild(SpringJUnit4ClassRunner.java:246)
	at org.springframework.test.context.junit4.SpringJUnit4ClassRunner.runChild(SpringJUnit4ClassRunner.java:97)
	at org.junit.runners.ParentRunner$3.run(ParentRunner.java:290)
	at org.junit.runners.ParentRunner$1.schedule(ParentRunner.java:71)
	at org.junit.runners.ParentRunner.runChildren(ParentRunner.java:288)
	at org.junit.runners.ParentRunner.access$000(ParentRunner.java:58)
	at org.junit.runners.ParentRunner$2.evaluate(ParentRunner.java:268)
	at org.springframework.test.context.junit4.statements.RunBeforeTestClassCallbacks.evaluate(RunBeforeTestClassCallbacks.java:61)
	at org.springframework.test.context.junit4.statements.RunAfterTestClassCallbacks.evaluate(RunAfterTestClassCallbacks.java:70)
	at org.junit.runners.ParentRunner.run(ParentRunner.java:363)
	at org.springframework.test.context.junit4.SpringJUnit4ClassRunner.run(SpringJUnit4ClassRunner.java:190)
	at org.apache.maven.surefire.junit4.JUnit4Provider.execute(JUnit4Provider.java:365)
	at org.apache.maven.surefire.junit4.JUnit4Provider.executeWithRerun(JUnit4Provider.java:273)
	at org.apache.maven.surefire.junit4.JUnit4Provider.executeTestSet(JUnit4Provider.java:238)
	at org.apache.maven.surefire.junit4.JUnit4Provider.invoke(JUnit4Provider.java:159)
	at org.apache.maven.surefire.booter.ForkedBooter.invokeProviderInSameClassLoader(ForkedBooter.java:384)
	at org.apache.maven.surefire.booter.ForkedBooter.runSuitesInProcess(ForkedBooter.java:345)
	at org.apache.maven.surefire.booter.ForkedBooter.execute(ForkedBooter.java:126)
	at org.apache.maven.surefire.booter.ForkedBooter.main(ForkedBooter.java:418)
Caused by: org.springframework.beans.factory.BeanCreationException: Error creating bean with name 'keyStoreServiceImpl' defined in file [/home/nikos/NetBeansProjects/ESMO-AP-TEST/target/classes/esmo/test/ap/apms/service/impl/KeyStoreServiceImpl.class]: Bean instantiation via constructor failed; nested exception is org.springframework.beans.BeanInstantiationException: Failed to instantiate [esmo.test.ap.apms.service.impl.KeyStoreServiceImpl]: Constructor threw exception; nested exception is java.io.FileNotFoundException: resources/testKeys/keystore.jks (No such file or directory)
	at org.springframework.beans.factory.support.ConstructorResolver.instantiate(ConstructorResolver.java:304)
	at org.springframework.beans.factory.support.ConstructorResolver.autowireConstructor(ConstructorResolver.java:285)
	at org.springframework.beans.factory.support.AbstractAutowireCapableBeanFactory.autowireConstructor(AbstractAutowireCapableBeanFactory.java:1325)
	at org.springframework.beans.factory.support.AbstractAutowireCapableBeanFactory.createBeanInstance(AbstractAutowireCapableBeanFactory.java:1171)
	at org.springframework.beans.factory.support.AbstractAutowireCapableBeanFactory.doCreateBean(AbstractAutowireCapableBeanFactory.java:555)
	at org.springframework.beans.factory.support.AbstractAutowireCapableBeanFactory.createBean(AbstractAutowireCapableBeanFactory.java:515)
	at org.springframework.beans.factory.support.AbstractBeanFactory.lambda$doGetBean$0(AbstractBeanFactory.java:320)
	at org.springframework.beans.factory.support.DefaultSingletonBeanRegistry.getSingleton(DefaultSingletonBeanRegistry.java:222)
	at org.springframework.beans.factory.support.AbstractBeanFactory.doGetBean(AbstractBeanFactory.java:318)
	at org.springframework.beans.factory.support.AbstractBeanFactory.getBean(AbstractBeanFactory.java:199)
	at org.springframework.beans.factory.config.DependencyDescriptor.resolveCandidate(DependencyDescriptor.java:277)
	at org.springframework.beans.factory.support.DefaultListableBeanFactory.doResolveDependency(DefaultListableBeanFactory.java:1247)
	at org.springframework.beans.factory.support.DefaultListableBeanFactory.resolveDependency(DefaultListableBeanFactory.java:1167)
	at org.springframework.beans.factory.support.ConstructorResolver.resolveAutowiredArgument(ConstructorResolver.java:857)
	at org.springframework.beans.factory.support.ConstructorResolver.createArgumentArray(ConstructorResolver.java:760)
	... 45 common frames omitted
Caused by: org.springframework.beans.BeanInstantiationException: Failed to instantiate [esmo.test.ap.apms.service.impl.KeyStoreServiceImpl]: Constructor threw exception; nested exception is java.io.FileNotFoundException: resources/testKeys/keystore.jks (No such file or directory)
	at org.springframework.beans.BeanUtils.instantiateClass(BeanUtils.java:184)
	at org.springframework.beans.factory.support.SimpleInstantiationStrategy.instantiate(SimpleInstantiationStrategy.java:117)
	at org.springframework.beans.factory.support.ConstructorResolver.instantiate(ConstructorResolver.java:300)
	... 59 common frames omitted
Caused by: java.io.FileNotFoundException: resources/testKeys/keystore.jks (No such file or directory)
	at java.io.FileInputStream.open0(Native Method)
	at java.io.FileInputStream.open(FileInputStream.java:195)
	at java.io.FileInputStream.<init>(FileInputStream.java:138)
	at esmo.test.ap.apms.service.impl.KeyStoreServiceImpl.<init>(KeyStoreServiceImpl.java:58)
	at sun.reflect.NativeConstructorAccessorImpl.newInstance0(Native Method)
	at sun.reflect.NativeConstructorAccessorImpl.newInstance(NativeConstructorAccessorImpl.java:62)
	at sun.reflect.DelegatingConstructorAccessorImpl.newInstance(DelegatingConstructorAccessorImpl.java:45)
	at java.lang.reflect.Constructor.newInstance(Constructor.java:423)
	at org.springframework.beans.BeanUtils.instantiateClass(BeanUtils.java:172)
	... 61 common frames omitted
2019-04-08 20:42:48,214 ERROR org.springframework.test.context.TestContextManager [main] Caught exception while allowing TestExecutionListener [org.springframework.test.context.web.ServletTestExecutionListener@37afeb11] to prepare test instance [esmo.test.ap.apms.service.TestMinEduService@710b30ef]
java.lang.IllegalStateException: Failed to load ApplicationContext
	at org.springframework.test.context.cache.DefaultCacheAwareContextLoaderDelegate.loadContext(DefaultCacheAwareContextLoaderDelegate.java:125)
	at org.springframework.test.context.support.DefaultTestContext.getApplicationContext(DefaultTestContext.java:108)
	at org.springframework.test.context.web.ServletTestExecutionListener.setUpRequestContextIfNecessary(ServletTestExecutionListener.java:190)
	at org.springframework.test.context.web.ServletTestExecutionListener.prepareTestInstance(ServletTestExecutionListener.java:132)
	at org.springframework.test.context.TestContextManager.prepareTestInstance(TestContextManager.java:246)
	at org.springframework.test.context.junit4.SpringJUnit4ClassRunner.createTest(SpringJUnit4ClassRunner.java:227)
	at org.springframework.test.context.junit4.SpringJUnit4ClassRunner$1.runReflectiveCall(SpringJUnit4ClassRunner.java:289)
	at org.junit.internal.runners.model.ReflectiveCallable.run(ReflectiveCallable.java:12)
	at org.springframework.test.context.junit4.SpringJUnit4ClassRunner.methodBlock(SpringJUnit4ClassRunner.java:291)
	at org.springframework.test.context.junit4.SpringJUnit4ClassRunner.runChild(SpringJUnit4ClassRunner.java:246)
	at org.springframework.test.context.junit4.SpringJUnit4ClassRunner.runChild(SpringJUnit4ClassRunner.java:97)
	at org.junit.runners.ParentRunner$3.run(ParentRunner.java:290)
	at org.junit.runners.ParentRunner$1.schedule(ParentRunner.java:71)
	at org.junit.runners.ParentRunner.runChildren(ParentRunner.java:288)
	at org.junit.runners.ParentRunner.access$000(ParentRunner.java:58)
	at org.junit.runners.ParentRunner$2.evaluate(ParentRunner.java:268)
	at org.springframework.test.context.junit4.statements.RunBeforeTestClassCallbacks.evaluate(RunBeforeTestClassCallbacks.java:61)
	at org.springframework.test.context.junit4.statements.RunAfterTestClassCallbacks.evaluate(RunAfterTestClassCallbacks.java:70)
	at org.junit.runners.ParentRunner.run(ParentRunner.java:363)
	at org.springframework.test.context.junit4.SpringJUnit4ClassRunner.run(SpringJUnit4ClassRunner.java:190)
	at org.apache.maven.surefire.junit4.JUnit4Provider.execute(JUnit4Provider.java:365)
	at org.apache.maven.surefire.junit4.JUnit4Provider.executeWithRerun(JUnit4Provider.java:273)
	at org.apache.maven.surefire.junit4.JUnit4Provider.executeTestSet(JUnit4Provider.java:238)
	at org.apache.maven.surefire.junit4.JUnit4Provider.invoke(JUnit4Provider.java:159)
	at org.apache.maven.surefire.booter.ForkedBooter.invokeProviderInSameClassLoader(ForkedBooter.java:384)
	at org.apache.maven.surefire.booter.ForkedBooter.runSuitesInProcess(ForkedBooter.java:345)
	at org.apache.maven.surefire.booter.ForkedBooter.execute(ForkedBooter.java:126)
	at org.apache.maven.surefire.booter.ForkedBooter.main(ForkedBooter.java:418)
Caused by: org.springframework.beans.factory.UnsatisfiedDependencyException: Error creating bean with name 'controllers' defined in file [/home/nikos/NetBeansProjects/ESMO-AP-TEST/target/classes/esmo/test/ap/apms/controllers/Controllers.class]: Unsatisfied dependency expressed through constructor parameter 1; nested exception is org.springframework.beans.factory.BeanCreationException: Error creating bean with name 'keyStoreServiceImpl' defined in file [/home/nikos/NetBeansProjects/ESMO-AP-TEST/target/classes/esmo/test/ap/apms/service/impl/KeyStoreServiceImpl.class]: Bean instantiation via constructor failed; nested exception is org.springframework.beans.BeanInstantiationException: Failed to instantiate [esmo.test.ap.apms.service.impl.KeyStoreServiceImpl]: Constructor threw exception; nested exception is java.io.FileNotFoundException: resources/testKeys/keystore.jks (No such file or directory)
	at org.springframework.beans.factory.support.ConstructorResolver.createArgumentArray(ConstructorResolver.java:769)
	at org.springframework.beans.factory.support.ConstructorResolver.autowireConstructor(ConstructorResolver.java:218)
	at org.springframework.beans.factory.support.AbstractAutowireCapableBeanFactory.autowireConstructor(AbstractAutowireCapableBeanFactory.java:1325)
	at org.springframework.beans.factory.support.AbstractAutowireCapableBeanFactory.createBeanInstance(AbstractAutowireCapableBeanFactory.java:1171)
	at org.springframework.beans.factory.support.AbstractAutowireCapableBeanFactory.doCreateBean(AbstractAutowireCapableBeanFactory.java:555)
	at org.springframework.beans.factory.support.AbstractAutowireCapableBeanFactory.createBean(AbstractAutowireCapableBeanFactory.java:515)
	at org.springframework.beans.factory.support.AbstractBeanFactory.lambda$doGetBean$0(AbstractBeanFactory.java:320)
	at org.springframework.beans.factory.support.DefaultSingletonBeanRegistry.getSingleton(DefaultSingletonBeanRegistry.java:222)
	at org.springframework.beans.factory.support.AbstractBeanFactory.doGetBean(AbstractBeanFactory.java:318)
	at org.springframework.beans.factory.support.AbstractBeanFactory.getBean(AbstractBeanFactory.java:199)
	at org.springframework.beans.factory.support.DefaultListableBeanFactory.preInstantiateSingletons(DefaultListableBeanFactory.java:849)
	at org.springframework.context.support.AbstractApplicationContext.finishBeanFactoryInitialization(AbstractApplicationContext.java:877)
	at org.springframework.context.support.AbstractApplicationContext.refresh(AbstractApplicationContext.java:549)
	at org.springframework.boot.SpringApplication.refresh(SpringApplication.java:775)
	at org.springframework.boot.SpringApplication.refreshContext(SpringApplication.java:397)
	at org.springframework.boot.SpringApplication.run(SpringApplication.java:316)
	at org.springframework.boot.test.context.SpringBootContextLoader.loadContext(SpringBootContextLoader.java:127)
	at org.springframework.test.context.cache.DefaultCacheAwareContextLoaderDelegate.loadContextInternal(DefaultCacheAwareContextLoaderDelegate.java:99)
	at org.springframework.test.context.cache.DefaultCacheAwareContextLoaderDelegate.loadContext(DefaultCacheAwareContextLoaderDelegate.java:117)
	... 27 common frames omitted
Caused by: org.springframework.beans.factory.BeanCreationException: Error creating bean with name 'keyStoreServiceImpl' defined in file [/home/nikos/NetBeansProjects/ESMO-AP-TEST/target/classes/esmo/test/ap/apms/service/impl/KeyStoreServiceImpl.class]: Bean instantiation via constructor failed; nested exception is org.springframework.beans.BeanInstantiationException: Failed to instantiate [esmo.test.ap.apms.service.impl.KeyStoreServiceImpl]: Constructor threw exception; nested exception is java.io.FileNotFoundException: resources/testKeys/keystore.jks (No such file or directory)
	at org.springframework.beans.factory.support.ConstructorResolver.instantiate(ConstructorResolver.java:304)
	at org.springframework.beans.factory.support.ConstructorResolver.autowireConstructor(ConstructorResolver.java:285)
	at org.springframework.beans.factory.support.AbstractAutowireCapableBeanFactory.autowireConstructor(AbstractAutowireCapableBeanFactory.java:1325)
	at org.springframework.beans.factory.support.AbstractAutowireCapableBeanFactory.createBeanInstance(AbstractAutowireCapableBeanFactory.java:1171)
	at org.springframework.beans.factory.support.AbstractAutowireCapableBeanFactory.doCreateBean(AbstractAutowireCapableBeanFactory.java:555)
	at org.springframework.beans.factory.support.AbstractAutowireCapableBeanFactory.createBean(AbstractAutowireCapableBeanFactory.java:515)
	at org.springframework.beans.factory.support.AbstractBeanFactory.lambda$doGetBean$0(AbstractBeanFactory.java:320)
	at org.springframework.beans.factory.support.DefaultSingletonBeanRegistry.getSingleton(DefaultSingletonBeanRegistry.java:222)
	at org.springframework.beans.factory.support.AbstractBeanFactory.doGetBean(AbstractBeanFactory.java:318)
	at org.springframework.beans.factory.support.AbstractBeanFactory.getBean(AbstractBeanFactory.java:199)
	at org.springframework.beans.factory.config.DependencyDescriptor.resolveCandidate(DependencyDescriptor.java:277)
	at org.springframework.beans.factory.support.DefaultListableBeanFactory.doResolveDependency(DefaultListableBeanFactory.java:1247)
	at org.springframework.beans.factory.support.DefaultListableBeanFactory.resolveDependency(DefaultListableBeanFactory.java:1167)
	at org.springframework.beans.factory.support.ConstructorResolver.resolveAutowiredArgument(ConstructorResolver.java:857)
	at org.springframework.beans.factory.support.ConstructorResolver.createArgumentArray(ConstructorResolver.java:760)
	... 45 common frames omitted
Caused by: org.springframework.beans.BeanInstantiationException: Failed to instantiate [esmo.test.ap.apms.service.impl.KeyStoreServiceImpl]: Constructor threw exception; nested exception is java.io.FileNotFoundException: resources/testKeys/keystore.jks (No such file or directory)
	at org.springframework.beans.BeanUtils.instantiateClass(BeanUtils.java:184)
	at org.springframework.beans.factory.support.SimpleInstantiationStrategy.instantiate(SimpleInstantiationStrategy.java:117)
	at org.springframework.beans.factory.support.ConstructorResolver.instantiate(ConstructorResolver.java:300)
	... 59 common frames omitted
Caused by: java.io.FileNotFoundException: resources/testKeys/keystore.jks (No such file or directory)
	at java.io.FileInputStream.open0(Native Method)
	at java.io.FileInputStream.open(FileInputStream.java:195)
	at java.io.FileInputStream.<init>(FileInputStream.java:138)
	at esmo.test.ap.apms.service.impl.KeyStoreServiceImpl.<init>(KeyStoreServiceImpl.java:58)
	at sun.reflect.NativeConstructorAccessorImpl.newInstance0(Native Method)
	at sun.reflect.NativeConstructorAccessorImpl.newInstance(NativeConstructorAccessorImpl.java:62)
	at sun.reflect.DelegatingConstructorAccessorImpl.newInstance(DelegatingConstructorAccessorImpl.java:45)
	at java.lang.reflect.Constructor.newInstance(Constructor.java:423)
	at org.springframework.beans.BeanUtils.instantiateClass(BeanUtils.java:172)
	... 61 common frames omitted
2019-04-08 20:44:04,228 INFO org.springframework.boot.StartupInfoLogger [main] Starting TestMinEduService on nikos-Lenovo-V310-15IKB with PID 8763 (started by nikos in /home/nikos/NetBeansProjects/ESMO-AP-TEST)
2019-04-08 20:44:04,231 INFO org.springframework.boot.SpringApplication [main] No active profile set, falling back to default profiles: default
2019-04-08 20:44:06,271 WARN org.springframework.context.support.AbstractApplicationContext [main] Exception encountered during context initialization - cancelling refresh attempt: org.springframework.beans.factory.UnsatisfiedDependencyException: Error creating bean with name 'controllers' defined in file [/home/nikos/NetBeansProjects/ESMO-AP-TEST/target/classes/esmo/test/ap/apms/controllers/Controllers.class]: Unsatisfied dependency expressed through constructor parameter 1; nested exception is org.springframework.beans.factory.BeanCreationException: Error creating bean with name 'keyStoreServiceImpl' defined in file [/home/nikos/NetBeansProjects/ESMO-AP-TEST/target/classes/esmo/test/ap/apms/service/impl/KeyStoreServiceImpl.class]: Bean instantiation via constructor failed; nested exception is org.springframework.beans.BeanInstantiationException: Failed to instantiate [esmo.test.ap.apms.service.impl.KeyStoreServiceImpl]: Constructor threw exception; nested exception is java.io.FileNotFoundException: testKeys/keystore.jks (No such file or directory)
2019-04-08 20:44:06,284 INFO org.springframework.boot.autoconfigure.logging.ConditionEvaluationReportLoggingListener [main] 

Error starting ApplicationContext. To display the conditions report re-run your application with 'debug' enabled.
2019-04-08 20:44:06,289 ERROR org.springframework.boot.SpringApplication [main] Application run failed
org.springframework.beans.factory.UnsatisfiedDependencyException: Error creating bean with name 'controllers' defined in file [/home/nikos/NetBeansProjects/ESMO-AP-TEST/target/classes/esmo/test/ap/apms/controllers/Controllers.class]: Unsatisfied dependency expressed through constructor parameter 1; nested exception is org.springframework.beans.factory.BeanCreationException: Error creating bean with name 'keyStoreServiceImpl' defined in file [/home/nikos/NetBeansProjects/ESMO-AP-TEST/target/classes/esmo/test/ap/apms/service/impl/KeyStoreServiceImpl.class]: Bean instantiation via constructor failed; nested exception is org.springframework.beans.BeanInstantiationException: Failed to instantiate [esmo.test.ap.apms.service.impl.KeyStoreServiceImpl]: Constructor threw exception; nested exception is java.io.FileNotFoundException: testKeys/keystore.jks (No such file or directory)
	at org.springframework.beans.factory.support.ConstructorResolver.createArgumentArray(ConstructorResolver.java:769)
	at org.springframework.beans.factory.support.ConstructorResolver.autowireConstructor(ConstructorResolver.java:218)
	at org.springframework.beans.factory.support.AbstractAutowireCapableBeanFactory.autowireConstructor(AbstractAutowireCapableBeanFactory.java:1325)
	at org.springframework.beans.factory.support.AbstractAutowireCapableBeanFactory.createBeanInstance(AbstractAutowireCapableBeanFactory.java:1171)
	at org.springframework.beans.factory.support.AbstractAutowireCapableBeanFactory.doCreateBean(AbstractAutowireCapableBeanFactory.java:555)
	at org.springframework.beans.factory.support.AbstractAutowireCapableBeanFactory.createBean(AbstractAutowireCapableBeanFactory.java:515)
	at org.springframework.beans.factory.support.AbstractBeanFactory.lambda$doGetBean$0(AbstractBeanFactory.java:320)
	at org.springframework.beans.factory.support.DefaultSingletonBeanRegistry.getSingleton(DefaultSingletonBeanRegistry.java:222)
	at org.springframework.beans.factory.support.AbstractBeanFactory.doGetBean(AbstractBeanFactory.java:318)
	at org.springframework.beans.factory.support.AbstractBeanFactory.getBean(AbstractBeanFactory.java:199)
	at org.springframework.beans.factory.support.DefaultListableBeanFactory.preInstantiateSingletons(DefaultListableBeanFactory.java:849)
	at org.springframework.context.support.AbstractApplicationContext.finishBeanFactoryInitialization(AbstractApplicationContext.java:877)
	at org.springframework.context.support.AbstractApplicationContext.refresh(AbstractApplicationContext.java:549)
	at org.springframework.boot.SpringApplication.refresh(SpringApplication.java:775)
	at org.springframework.boot.SpringApplication.refreshContext(SpringApplication.java:397)
	at org.springframework.boot.SpringApplication.run(SpringApplication.java:316)
	at org.springframework.boot.test.context.SpringBootContextLoader.loadContext(SpringBootContextLoader.java:127)
	at org.springframework.test.context.cache.DefaultCacheAwareContextLoaderDelegate.loadContextInternal(DefaultCacheAwareContextLoaderDelegate.java:99)
	at org.springframework.test.context.cache.DefaultCacheAwareContextLoaderDelegate.loadContext(DefaultCacheAwareContextLoaderDelegate.java:117)
	at org.springframework.test.context.support.DefaultTestContext.getApplicationContext(DefaultTestContext.java:108)
	at org.springframework.test.context.web.ServletTestExecutionListener.setUpRequestContextIfNecessary(ServletTestExecutionListener.java:190)
	at org.springframework.test.context.web.ServletTestExecutionListener.prepareTestInstance(ServletTestExecutionListener.java:132)
	at org.springframework.test.context.TestContextManager.prepareTestInstance(TestContextManager.java:246)
	at org.springframework.test.context.junit4.SpringJUnit4ClassRunner.createTest(SpringJUnit4ClassRunner.java:227)
	at org.springframework.test.context.junit4.SpringJUnit4ClassRunner$1.runReflectiveCall(SpringJUnit4ClassRunner.java:289)
	at org.junit.internal.runners.model.ReflectiveCallable.run(ReflectiveCallable.java:12)
	at org.springframework.test.context.junit4.SpringJUnit4ClassRunner.methodBlock(SpringJUnit4ClassRunner.java:291)
	at org.springframework.test.context.junit4.SpringJUnit4ClassRunner.runChild(SpringJUnit4ClassRunner.java:246)
	at org.springframework.test.context.junit4.SpringJUnit4ClassRunner.runChild(SpringJUnit4ClassRunner.java:97)
	at org.junit.runners.ParentRunner$3.run(ParentRunner.java:290)
	at org.junit.runners.ParentRunner$1.schedule(ParentRunner.java:71)
	at org.junit.runners.ParentRunner.runChildren(ParentRunner.java:288)
	at org.junit.runners.ParentRunner.access$000(ParentRunner.java:58)
	at org.junit.runners.ParentRunner$2.evaluate(ParentRunner.java:268)
	at org.springframework.test.context.junit4.statements.RunBeforeTestClassCallbacks.evaluate(RunBeforeTestClassCallbacks.java:61)
	at org.springframework.test.context.junit4.statements.RunAfterTestClassCallbacks.evaluate(RunAfterTestClassCallbacks.java:70)
	at org.junit.runners.ParentRunner.run(ParentRunner.java:363)
	at org.springframework.test.context.junit4.SpringJUnit4ClassRunner.run(SpringJUnit4ClassRunner.java:190)
	at org.apache.maven.surefire.junit4.JUnit4Provider.execute(JUnit4Provider.java:365)
	at org.apache.maven.surefire.junit4.JUnit4Provider.executeWithRerun(JUnit4Provider.java:273)
	at org.apache.maven.surefire.junit4.JUnit4Provider.executeTestSet(JUnit4Provider.java:238)
	at org.apache.maven.surefire.junit4.JUnit4Provider.invoke(JUnit4Provider.java:159)
	at org.apache.maven.surefire.booter.ForkedBooter.invokeProviderInSameClassLoader(ForkedBooter.java:384)
	at org.apache.maven.surefire.booter.ForkedBooter.runSuitesInProcess(ForkedBooter.java:345)
	at org.apache.maven.surefire.booter.ForkedBooter.execute(ForkedBooter.java:126)
	at org.apache.maven.surefire.booter.ForkedBooter.main(ForkedBooter.java:418)
Caused by: org.springframework.beans.factory.BeanCreationException: Error creating bean with name 'keyStoreServiceImpl' defined in file [/home/nikos/NetBeansProjects/ESMO-AP-TEST/target/classes/esmo/test/ap/apms/service/impl/KeyStoreServiceImpl.class]: Bean instantiation via constructor failed; nested exception is org.springframework.beans.BeanInstantiationException: Failed to instantiate [esmo.test.ap.apms.service.impl.KeyStoreServiceImpl]: Constructor threw exception; nested exception is java.io.FileNotFoundException: testKeys/keystore.jks (No such file or directory)
	at org.springframework.beans.factory.support.ConstructorResolver.instantiate(ConstructorResolver.java:304)
	at org.springframework.beans.factory.support.ConstructorResolver.autowireConstructor(ConstructorResolver.java:285)
	at org.springframework.beans.factory.support.AbstractAutowireCapableBeanFactory.autowireConstructor(AbstractAutowireCapableBeanFactory.java:1325)
	at org.springframework.beans.factory.support.AbstractAutowireCapableBeanFactory.createBeanInstance(AbstractAutowireCapableBeanFactory.java:1171)
	at org.springframework.beans.factory.support.AbstractAutowireCapableBeanFactory.doCreateBean(AbstractAutowireCapableBeanFactory.java:555)
	at org.springframework.beans.factory.support.AbstractAutowireCapableBeanFactory.createBean(AbstractAutowireCapableBeanFactory.java:515)
	at org.springframework.beans.factory.support.AbstractBeanFactory.lambda$doGetBean$0(AbstractBeanFactory.java:320)
	at org.springframework.beans.factory.support.DefaultSingletonBeanRegistry.getSingleton(DefaultSingletonBeanRegistry.java:222)
	at org.springframework.beans.factory.support.AbstractBeanFactory.doGetBean(AbstractBeanFactory.java:318)
	at org.springframework.beans.factory.support.AbstractBeanFactory.getBean(AbstractBeanFactory.java:199)
	at org.springframework.beans.factory.config.DependencyDescriptor.resolveCandidate(DependencyDescriptor.java:277)
	at org.springframework.beans.factory.support.DefaultListableBeanFactory.doResolveDependency(DefaultListableBeanFactory.java:1247)
	at org.springframework.beans.factory.support.DefaultListableBeanFactory.resolveDependency(DefaultListableBeanFactory.java:1167)
	at org.springframework.beans.factory.support.ConstructorResolver.resolveAutowiredArgument(ConstructorResolver.java:857)
	at org.springframework.beans.factory.support.ConstructorResolver.createArgumentArray(ConstructorResolver.java:760)
	... 45 common frames omitted
Caused by: org.springframework.beans.BeanInstantiationException: Failed to instantiate [esmo.test.ap.apms.service.impl.KeyStoreServiceImpl]: Constructor threw exception; nested exception is java.io.FileNotFoundException: testKeys/keystore.jks (No such file or directory)
	at org.springframework.beans.BeanUtils.instantiateClass(BeanUtils.java:184)
	at org.springframework.beans.factory.support.SimpleInstantiationStrategy.instantiate(SimpleInstantiationStrategy.java:117)
	at org.springframework.beans.factory.support.ConstructorResolver.instantiate(ConstructorResolver.java:300)
	... 59 common frames omitted
Caused by: java.io.FileNotFoundException: testKeys/keystore.jks (No such file or directory)
	at java.io.FileInputStream.open0(Native Method)
	at java.io.FileInputStream.open(FileInputStream.java:195)
	at java.io.FileInputStream.<init>(FileInputStream.java:138)
	at esmo.test.ap.apms.service.impl.KeyStoreServiceImpl.<init>(KeyStoreServiceImpl.java:58)
	at sun.reflect.NativeConstructorAccessorImpl.newInstance0(Native Method)
	at sun.reflect.NativeConstructorAccessorImpl.newInstance(NativeConstructorAccessorImpl.java:62)
	at sun.reflect.DelegatingConstructorAccessorImpl.newInstance(DelegatingConstructorAccessorImpl.java:45)
	at java.lang.reflect.Constructor.newInstance(Constructor.java:423)
	at org.springframework.beans.BeanUtils.instantiateClass(BeanUtils.java:172)
	... 61 common frames omitted
2019-04-08 20:44:06,294 ERROR org.springframework.test.context.TestContextManager [main] Caught exception while allowing TestExecutionListener [org.springframework.test.context.web.ServletTestExecutionListener@37afeb11] to prepare test instance [esmo.test.ap.apms.service.TestMinEduService@26f1249d]
java.lang.IllegalStateException: Failed to load ApplicationContext
	at org.springframework.test.context.cache.DefaultCacheAwareContextLoaderDelegate.loadContext(DefaultCacheAwareContextLoaderDelegate.java:125)
	at org.springframework.test.context.support.DefaultTestContext.getApplicationContext(DefaultTestContext.java:108)
	at org.springframework.test.context.web.ServletTestExecutionListener.setUpRequestContextIfNecessary(ServletTestExecutionListener.java:190)
	at org.springframework.test.context.web.ServletTestExecutionListener.prepareTestInstance(ServletTestExecutionListener.java:132)
	at org.springframework.test.context.TestContextManager.prepareTestInstance(TestContextManager.java:246)
	at org.springframework.test.context.junit4.SpringJUnit4ClassRunner.createTest(SpringJUnit4ClassRunner.java:227)
	at org.springframework.test.context.junit4.SpringJUnit4ClassRunner$1.runReflectiveCall(SpringJUnit4ClassRunner.java:289)
	at org.junit.internal.runners.model.ReflectiveCallable.run(ReflectiveCallable.java:12)
	at org.springframework.test.context.junit4.SpringJUnit4ClassRunner.methodBlock(SpringJUnit4ClassRunner.java:291)
	at org.springframework.test.context.junit4.SpringJUnit4ClassRunner.runChild(SpringJUnit4ClassRunner.java:246)
	at org.springframework.test.context.junit4.SpringJUnit4ClassRunner.runChild(SpringJUnit4ClassRunner.java:97)
	at org.junit.runners.ParentRunner$3.run(ParentRunner.java:290)
	at org.junit.runners.ParentRunner$1.schedule(ParentRunner.java:71)
	at org.junit.runners.ParentRunner.runChildren(ParentRunner.java:288)
	at org.junit.runners.ParentRunner.access$000(ParentRunner.java:58)
	at org.junit.runners.ParentRunner$2.evaluate(ParentRunner.java:268)
	at org.springframework.test.context.junit4.statements.RunBeforeTestClassCallbacks.evaluate(RunBeforeTestClassCallbacks.java:61)
	at org.springframework.test.context.junit4.statements.RunAfterTestClassCallbacks.evaluate(RunAfterTestClassCallbacks.java:70)
	at org.junit.runners.ParentRunner.run(ParentRunner.java:363)
	at org.springframework.test.context.junit4.SpringJUnit4ClassRunner.run(SpringJUnit4ClassRunner.java:190)
	at org.apache.maven.surefire.junit4.JUnit4Provider.execute(JUnit4Provider.java:365)
	at org.apache.maven.surefire.junit4.JUnit4Provider.executeWithRerun(JUnit4Provider.java:273)
	at org.apache.maven.surefire.junit4.JUnit4Provider.executeTestSet(JUnit4Provider.java:238)
	at org.apache.maven.surefire.junit4.JUnit4Provider.invoke(JUnit4Provider.java:159)
	at org.apache.maven.surefire.booter.ForkedBooter.invokeProviderInSameClassLoader(ForkedBooter.java:384)
	at org.apache.maven.surefire.booter.ForkedBooter.runSuitesInProcess(ForkedBooter.java:345)
	at org.apache.maven.surefire.booter.ForkedBooter.execute(ForkedBooter.java:126)
	at org.apache.maven.surefire.booter.ForkedBooter.main(ForkedBooter.java:418)
Caused by: org.springframework.beans.factory.UnsatisfiedDependencyException: Error creating bean with name 'controllers' defined in file [/home/nikos/NetBeansProjects/ESMO-AP-TEST/target/classes/esmo/test/ap/apms/controllers/Controllers.class]: Unsatisfied dependency expressed through constructor parameter 1; nested exception is org.springframework.beans.factory.BeanCreationException: Error creating bean with name 'keyStoreServiceImpl' defined in file [/home/nikos/NetBeansProjects/ESMO-AP-TEST/target/classes/esmo/test/ap/apms/service/impl/KeyStoreServiceImpl.class]: Bean instantiation via constructor failed; nested exception is org.springframework.beans.BeanInstantiationException: Failed to instantiate [esmo.test.ap.apms.service.impl.KeyStoreServiceImpl]: Constructor threw exception; nested exception is java.io.FileNotFoundException: testKeys/keystore.jks (No such file or directory)
	at org.springframework.beans.factory.support.ConstructorResolver.createArgumentArray(ConstructorResolver.java:769)
	at org.springframework.beans.factory.support.ConstructorResolver.autowireConstructor(ConstructorResolver.java:218)
	at org.springframework.beans.factory.support.AbstractAutowireCapableBeanFactory.autowireConstructor(AbstractAutowireCapableBeanFactory.java:1325)
	at org.springframework.beans.factory.support.AbstractAutowireCapableBeanFactory.createBeanInstance(AbstractAutowireCapableBeanFactory.java:1171)
	at org.springframework.beans.factory.support.AbstractAutowireCapableBeanFactory.doCreateBean(AbstractAutowireCapableBeanFactory.java:555)
	at org.springframework.beans.factory.support.AbstractAutowireCapableBeanFactory.createBean(AbstractAutowireCapableBeanFactory.java:515)
	at org.springframework.beans.factory.support.AbstractBeanFactory.lambda$doGetBean$0(AbstractBeanFactory.java:320)
	at org.springframework.beans.factory.support.DefaultSingletonBeanRegistry.getSingleton(DefaultSingletonBeanRegistry.java:222)
	at org.springframework.beans.factory.support.AbstractBeanFactory.doGetBean(AbstractBeanFactory.java:318)
	at org.springframework.beans.factory.support.AbstractBeanFactory.getBean(AbstractBeanFactory.java:199)
	at org.springframework.beans.factory.support.DefaultListableBeanFactory.preInstantiateSingletons(DefaultListableBeanFactory.java:849)
	at org.springframework.context.support.AbstractApplicationContext.finishBeanFactoryInitialization(AbstractApplicationContext.java:877)
	at org.springframework.context.support.AbstractApplicationContext.refresh(AbstractApplicationContext.java:549)
	at org.springframework.boot.SpringApplication.refresh(SpringApplication.java:775)
	at org.springframework.boot.SpringApplication.refreshContext(SpringApplication.java:397)
	at org.springframework.boot.SpringApplication.run(SpringApplication.java:316)
	at org.springframework.boot.test.context.SpringBootContextLoader.loadContext(SpringBootContextLoader.java:127)
	at org.springframework.test.context.cache.DefaultCacheAwareContextLoaderDelegate.loadContextInternal(DefaultCacheAwareContextLoaderDelegate.java:99)
	at org.springframework.test.context.cache.DefaultCacheAwareContextLoaderDelegate.loadContext(DefaultCacheAwareContextLoaderDelegate.java:117)
	... 27 common frames omitted
Caused by: org.springframework.beans.factory.BeanCreationException: Error creating bean with name 'keyStoreServiceImpl' defined in file [/home/nikos/NetBeansProjects/ESMO-AP-TEST/target/classes/esmo/test/ap/apms/service/impl/KeyStoreServiceImpl.class]: Bean instantiation via constructor failed; nested exception is org.springframework.beans.BeanInstantiationException: Failed to instantiate [esmo.test.ap.apms.service.impl.KeyStoreServiceImpl]: Constructor threw exception; nested exception is java.io.FileNotFoundException: testKeys/keystore.jks (No such file or directory)
	at org.springframework.beans.factory.support.ConstructorResolver.instantiate(ConstructorResolver.java:304)
	at org.springframework.beans.factory.support.ConstructorResolver.autowireConstructor(ConstructorResolver.java:285)
	at org.springframework.beans.factory.support.AbstractAutowireCapableBeanFactory.autowireConstructor(AbstractAutowireCapableBeanFactory.java:1325)
	at org.springframework.beans.factory.support.AbstractAutowireCapableBeanFactory.createBeanInstance(AbstractAutowireCapableBeanFactory.java:1171)
	at org.springframework.beans.factory.support.AbstractAutowireCapableBeanFactory.doCreateBean(AbstractAutowireCapableBeanFactory.java:555)
	at org.springframework.beans.factory.support.AbstractAutowireCapableBeanFactory.createBean(AbstractAutowireCapableBeanFactory.java:515)
	at org.springframework.beans.factory.support.AbstractBeanFactory.lambda$doGetBean$0(AbstractBeanFactory.java:320)
	at org.springframework.beans.factory.support.DefaultSingletonBeanRegistry.getSingleton(DefaultSingletonBeanRegistry.java:222)
	at org.springframework.beans.factory.support.AbstractBeanFactory.doGetBean(AbstractBeanFactory.java:318)
	at org.springframework.beans.factory.support.AbstractBeanFactory.getBean(AbstractBeanFactory.java:199)
	at org.springframework.beans.factory.config.DependencyDescriptor.resolveCandidate(DependencyDescriptor.java:277)
	at org.springframework.beans.factory.support.DefaultListableBeanFactory.doResolveDependency(DefaultListableBeanFactory.java:1247)
	at org.springframework.beans.factory.support.DefaultListableBeanFactory.resolveDependency(DefaultListableBeanFactory.java:1167)
	at org.springframework.beans.factory.support.ConstructorResolver.resolveAutowiredArgument(ConstructorResolver.java:857)
	at org.springframework.beans.factory.support.ConstructorResolver.createArgumentArray(ConstructorResolver.java:760)
	... 45 common frames omitted
Caused by: org.springframework.beans.BeanInstantiationException: Failed to instantiate [esmo.test.ap.apms.service.impl.KeyStoreServiceImpl]: Constructor threw exception; nested exception is java.io.FileNotFoundException: testKeys/keystore.jks (No such file or directory)
	at org.springframework.beans.BeanUtils.instantiateClass(BeanUtils.java:184)
	at org.springframework.beans.factory.support.SimpleInstantiationStrategy.instantiate(SimpleInstantiationStrategy.java:117)
	at org.springframework.beans.factory.support.ConstructorResolver.instantiate(ConstructorResolver.java:300)
	... 59 common frames omitted
Caused by: java.io.FileNotFoundException: testKeys/keystore.jks (No such file or directory)
	at java.io.FileInputStream.open0(Native Method)
	at java.io.FileInputStream.open(FileInputStream.java:195)
	at java.io.FileInputStream.<init>(FileInputStream.java:138)
	at esmo.test.ap.apms.service.impl.KeyStoreServiceImpl.<init>(KeyStoreServiceImpl.java:58)
	at sun.reflect.NativeConstructorAccessorImpl.newInstance0(Native Method)
	at sun.reflect.NativeConstructorAccessorImpl.newInstance(NativeConstructorAccessorImpl.java:62)
	at sun.reflect.DelegatingConstructorAccessorImpl.newInstance(DelegatingConstructorAccessorImpl.java:45)
	at java.lang.reflect.Constructor.newInstance(Constructor.java:423)
	at org.springframework.beans.BeanUtils.instantiateClass(BeanUtils.java:172)
	... 61 common frames omitted
2019-04-08 20:45:58,130 INFO org.springframework.boot.StartupInfoLogger [main] Starting TestMinEduService on nikos-Lenovo-V310-15IKB with PID 8898 (started by nikos in /home/nikos/NetBeansProjects/ESMO-AP-TEST)
2019-04-08 20:45:58,133 INFO org.springframework.boot.SpringApplication [main] No active profile set, falling back to default profiles: default
2019-04-08 20:45:59,875 WARN org.springframework.context.support.AbstractApplicationContext [main] Exception encountered during context initialization - cancelling refresh attempt: org.springframework.beans.factory.UnsatisfiedDependencyException: Error creating bean with name 'controllers' defined in file [/home/nikos/NetBeansProjects/ESMO-AP-TEST/target/classes/esmo/test/ap/apms/controllers/Controllers.class]: Unsatisfied dependency expressed through constructor parameter 1; nested exception is org.springframework.beans.factory.BeanCreationException: Error creating bean with name 'keyStoreServiceImpl' defined in file [/home/nikos/NetBeansProjects/ESMO-AP-TEST/target/classes/esmo/test/ap/apms/service/impl/KeyStoreServiceImpl.class]: Bean instantiation via constructor failed; nested exception is org.springframework.beans.BeanInstantiationException: Failed to instantiate [esmo.test.ap.apms.service.impl.KeyStoreServiceImpl]: Constructor threw exception; nested exception is java.io.FileNotFoundException: /home/nikos/NetBeansProjects/ESMO-AP-TEST/src/test/resources/testKeys (Is a directory)
2019-04-08 20:45:59,883 INFO org.springframework.boot.autoconfigure.logging.ConditionEvaluationReportLoggingListener [main] 

Error starting ApplicationContext. To display the conditions report re-run your application with 'debug' enabled.
2019-04-08 20:45:59,888 ERROR org.springframework.boot.SpringApplication [main] Application run failed
org.springframework.beans.factory.UnsatisfiedDependencyException: Error creating bean with name 'controllers' defined in file [/home/nikos/NetBeansProjects/ESMO-AP-TEST/target/classes/esmo/test/ap/apms/controllers/Controllers.class]: Unsatisfied dependency expressed through constructor parameter 1; nested exception is org.springframework.beans.factory.BeanCreationException: Error creating bean with name 'keyStoreServiceImpl' defined in file [/home/nikos/NetBeansProjects/ESMO-AP-TEST/target/classes/esmo/test/ap/apms/service/impl/KeyStoreServiceImpl.class]: Bean instantiation via constructor failed; nested exception is org.springframework.beans.BeanInstantiationException: Failed to instantiate [esmo.test.ap.apms.service.impl.KeyStoreServiceImpl]: Constructor threw exception; nested exception is java.io.FileNotFoundException: /home/nikos/NetBeansProjects/ESMO-AP-TEST/src/test/resources/testKeys (Is a directory)
	at org.springframework.beans.factory.support.ConstructorResolver.createArgumentArray(ConstructorResolver.java:769)
	at org.springframework.beans.factory.support.ConstructorResolver.autowireConstructor(ConstructorResolver.java:218)
	at org.springframework.beans.factory.support.AbstractAutowireCapableBeanFactory.autowireConstructor(AbstractAutowireCapableBeanFactory.java:1325)
	at org.springframework.beans.factory.support.AbstractAutowireCapableBeanFactory.createBeanInstance(AbstractAutowireCapableBeanFactory.java:1171)
	at org.springframework.beans.factory.support.AbstractAutowireCapableBeanFactory.doCreateBean(AbstractAutowireCapableBeanFactory.java:555)
	at org.springframework.beans.factory.support.AbstractAutowireCapableBeanFactory.createBean(AbstractAutowireCapableBeanFactory.java:515)
	at org.springframework.beans.factory.support.AbstractBeanFactory.lambda$doGetBean$0(AbstractBeanFactory.java:320)
	at org.springframework.beans.factory.support.DefaultSingletonBeanRegistry.getSingleton(DefaultSingletonBeanRegistry.java:222)
	at org.springframework.beans.factory.support.AbstractBeanFactory.doGetBean(AbstractBeanFactory.java:318)
	at org.springframework.beans.factory.support.AbstractBeanFactory.getBean(AbstractBeanFactory.java:199)
	at org.springframework.beans.factory.support.DefaultListableBeanFactory.preInstantiateSingletons(DefaultListableBeanFactory.java:849)
	at org.springframework.context.support.AbstractApplicationContext.finishBeanFactoryInitialization(AbstractApplicationContext.java:877)
	at org.springframework.context.support.AbstractApplicationContext.refresh(AbstractApplicationContext.java:549)
	at org.springframework.boot.SpringApplication.refresh(SpringApplication.java:775)
	at org.springframework.boot.SpringApplication.refreshContext(SpringApplication.java:397)
	at org.springframework.boot.SpringApplication.run(SpringApplication.java:316)
	at org.springframework.boot.test.context.SpringBootContextLoader.loadContext(SpringBootContextLoader.java:127)
	at org.springframework.test.context.cache.DefaultCacheAwareContextLoaderDelegate.loadContextInternal(DefaultCacheAwareContextLoaderDelegate.java:99)
	at org.springframework.test.context.cache.DefaultCacheAwareContextLoaderDelegate.loadContext(DefaultCacheAwareContextLoaderDelegate.java:117)
	at org.springframework.test.context.support.DefaultTestContext.getApplicationContext(DefaultTestContext.java:108)
	at org.springframework.test.context.web.ServletTestExecutionListener.setUpRequestContextIfNecessary(ServletTestExecutionListener.java:190)
	at org.springframework.test.context.web.ServletTestExecutionListener.prepareTestInstance(ServletTestExecutionListener.java:132)
	at org.springframework.test.context.TestContextManager.prepareTestInstance(TestContextManager.java:246)
	at org.springframework.test.context.junit4.SpringJUnit4ClassRunner.createTest(SpringJUnit4ClassRunner.java:227)
	at org.springframework.test.context.junit4.SpringJUnit4ClassRunner$1.runReflectiveCall(SpringJUnit4ClassRunner.java:289)
	at org.junit.internal.runners.model.ReflectiveCallable.run(ReflectiveCallable.java:12)
	at org.springframework.test.context.junit4.SpringJUnit4ClassRunner.methodBlock(SpringJUnit4ClassRunner.java:291)
	at org.springframework.test.context.junit4.SpringJUnit4ClassRunner.runChild(SpringJUnit4ClassRunner.java:246)
	at org.springframework.test.context.junit4.SpringJUnit4ClassRunner.runChild(SpringJUnit4ClassRunner.java:97)
	at org.junit.runners.ParentRunner$3.run(ParentRunner.java:290)
	at org.junit.runners.ParentRunner$1.schedule(ParentRunner.java:71)
	at org.junit.runners.ParentRunner.runChildren(ParentRunner.java:288)
	at org.junit.runners.ParentRunner.access$000(ParentRunner.java:58)
	at org.junit.runners.ParentRunner$2.evaluate(ParentRunner.java:268)
	at org.springframework.test.context.junit4.statements.RunBeforeTestClassCallbacks.evaluate(RunBeforeTestClassCallbacks.java:61)
	at org.springframework.test.context.junit4.statements.RunAfterTestClassCallbacks.evaluate(RunAfterTestClassCallbacks.java:70)
	at org.junit.runners.ParentRunner.run(ParentRunner.java:363)
	at org.springframework.test.context.junit4.SpringJUnit4ClassRunner.run(SpringJUnit4ClassRunner.java:190)
	at org.apache.maven.surefire.junit4.JUnit4Provider.execute(JUnit4Provider.java:365)
	at org.apache.maven.surefire.junit4.JUnit4Provider.executeWithRerun(JUnit4Provider.java:273)
	at org.apache.maven.surefire.junit4.JUnit4Provider.executeTestSet(JUnit4Provider.java:238)
	at org.apache.maven.surefire.junit4.JUnit4Provider.invoke(JUnit4Provider.java:159)
	at org.apache.maven.surefire.booter.ForkedBooter.invokeProviderInSameClassLoader(ForkedBooter.java:384)
	at org.apache.maven.surefire.booter.ForkedBooter.runSuitesInProcess(ForkedBooter.java:345)
	at org.apache.maven.surefire.booter.ForkedBooter.execute(ForkedBooter.java:126)
	at org.apache.maven.surefire.booter.ForkedBooter.main(ForkedBooter.java:418)
Caused by: org.springframework.beans.factory.BeanCreationException: Error creating bean with name 'keyStoreServiceImpl' defined in file [/home/nikos/NetBeansProjects/ESMO-AP-TEST/target/classes/esmo/test/ap/apms/service/impl/KeyStoreServiceImpl.class]: Bean instantiation via constructor failed; nested exception is org.springframework.beans.BeanInstantiationException: Failed to instantiate [esmo.test.ap.apms.service.impl.KeyStoreServiceImpl]: Constructor threw exception; nested exception is java.io.FileNotFoundException: /home/nikos/NetBeansProjects/ESMO-AP-TEST/src/test/resources/testKeys (Is a directory)
	at org.springframework.beans.factory.support.ConstructorResolver.instantiate(ConstructorResolver.java:304)
	at org.springframework.beans.factory.support.ConstructorResolver.autowireConstructor(ConstructorResolver.java:285)
	at org.springframework.beans.factory.support.AbstractAutowireCapableBeanFactory.autowireConstructor(AbstractAutowireCapableBeanFactory.java:1325)
	at org.springframework.beans.factory.support.AbstractAutowireCapableBeanFactory.createBeanInstance(AbstractAutowireCapableBeanFactory.java:1171)
	at org.springframework.beans.factory.support.AbstractAutowireCapableBeanFactory.doCreateBean(AbstractAutowireCapableBeanFactory.java:555)
	at org.springframework.beans.factory.support.AbstractAutowireCapableBeanFactory.createBean(AbstractAutowireCapableBeanFactory.java:515)
	at org.springframework.beans.factory.support.AbstractBeanFactory.lambda$doGetBean$0(AbstractBeanFactory.java:320)
	at org.springframework.beans.factory.support.DefaultSingletonBeanRegistry.getSingleton(DefaultSingletonBeanRegistry.java:222)
	at org.springframework.beans.factory.support.AbstractBeanFactory.doGetBean(AbstractBeanFactory.java:318)
	at org.springframework.beans.factory.support.AbstractBeanFactory.getBean(AbstractBeanFactory.java:199)
	at org.springframework.beans.factory.config.DependencyDescriptor.resolveCandidate(DependencyDescriptor.java:277)
	at org.springframework.beans.factory.support.DefaultListableBeanFactory.doResolveDependency(DefaultListableBeanFactory.java:1247)
	at org.springframework.beans.factory.support.DefaultListableBeanFactory.resolveDependency(DefaultListableBeanFactory.java:1167)
	at org.springframework.beans.factory.support.ConstructorResolver.resolveAutowiredArgument(ConstructorResolver.java:857)
	at org.springframework.beans.factory.support.ConstructorResolver.createArgumentArray(ConstructorResolver.java:760)
	... 45 common frames omitted
Caused by: org.springframework.beans.BeanInstantiationException: Failed to instantiate [esmo.test.ap.apms.service.impl.KeyStoreServiceImpl]: Constructor threw exception; nested exception is java.io.FileNotFoundException: /home/nikos/NetBeansProjects/ESMO-AP-TEST/src/test/resources/testKeys (Is a directory)
	at org.springframework.beans.BeanUtils.instantiateClass(BeanUtils.java:184)
	at org.springframework.beans.factory.support.SimpleInstantiationStrategy.instantiate(SimpleInstantiationStrategy.java:117)
	at org.springframework.beans.factory.support.ConstructorResolver.instantiate(ConstructorResolver.java:300)
	... 59 common frames omitted
Caused by: java.io.FileNotFoundException: /home/nikos/NetBeansProjects/ESMO-AP-TEST/src/test/resources/testKeys (Is a directory)
	at java.io.FileInputStream.open0(Native Method)
	at java.io.FileInputStream.open(FileInputStream.java:195)
	at java.io.FileInputStream.<init>(FileInputStream.java:138)
	at esmo.test.ap.apms.service.impl.KeyStoreServiceImpl.<init>(KeyStoreServiceImpl.java:58)
	at sun.reflect.NativeConstructorAccessorImpl.newInstance0(Native Method)
	at sun.reflect.NativeConstructorAccessorImpl.newInstance(NativeConstructorAccessorImpl.java:62)
	at sun.reflect.DelegatingConstructorAccessorImpl.newInstance(DelegatingConstructorAccessorImpl.java:45)
	at java.lang.reflect.Constructor.newInstance(Constructor.java:423)
	at org.springframework.beans.BeanUtils.instantiateClass(BeanUtils.java:172)
	... 61 common frames omitted
2019-04-08 20:45:59,890 ERROR org.springframework.test.context.TestContextManager [main] Caught exception while allowing TestExecutionListener [org.springframework.test.context.web.ServletTestExecutionListener@37afeb11] to prepare test instance [esmo.test.ap.apms.service.TestMinEduService@26f1249d]
java.lang.IllegalStateException: Failed to load ApplicationContext
	at org.springframework.test.context.cache.DefaultCacheAwareContextLoaderDelegate.loadContext(DefaultCacheAwareContextLoaderDelegate.java:125)
	at org.springframework.test.context.support.DefaultTestContext.getApplicationContext(DefaultTestContext.java:108)
	at org.springframework.test.context.web.ServletTestExecutionListener.setUpRequestContextIfNecessary(ServletTestExecutionListener.java:190)
	at org.springframework.test.context.web.ServletTestExecutionListener.prepareTestInstance(ServletTestExecutionListener.java:132)
	at org.springframework.test.context.TestContextManager.prepareTestInstance(TestContextManager.java:246)
	at org.springframework.test.context.junit4.SpringJUnit4ClassRunner.createTest(SpringJUnit4ClassRunner.java:227)
	at org.springframework.test.context.junit4.SpringJUnit4ClassRunner$1.runReflectiveCall(SpringJUnit4ClassRunner.java:289)
	at org.junit.internal.runners.model.ReflectiveCallable.run(ReflectiveCallable.java:12)
	at org.springframework.test.context.junit4.SpringJUnit4ClassRunner.methodBlock(SpringJUnit4ClassRunner.java:291)
	at org.springframework.test.context.junit4.SpringJUnit4ClassRunner.runChild(SpringJUnit4ClassRunner.java:246)
	at org.springframework.test.context.junit4.SpringJUnit4ClassRunner.runChild(SpringJUnit4ClassRunner.java:97)
	at org.junit.runners.ParentRunner$3.run(ParentRunner.java:290)
	at org.junit.runners.ParentRunner$1.schedule(ParentRunner.java:71)
	at org.junit.runners.ParentRunner.runChildren(ParentRunner.java:288)
	at org.junit.runners.ParentRunner.access$000(ParentRunner.java:58)
	at org.junit.runners.ParentRunner$2.evaluate(ParentRunner.java:268)
	at org.springframework.test.context.junit4.statements.RunBeforeTestClassCallbacks.evaluate(RunBeforeTestClassCallbacks.java:61)
	at org.springframework.test.context.junit4.statements.RunAfterTestClassCallbacks.evaluate(RunAfterTestClassCallbacks.java:70)
	at org.junit.runners.ParentRunner.run(ParentRunner.java:363)
	at org.springframework.test.context.junit4.SpringJUnit4ClassRunner.run(SpringJUnit4ClassRunner.java:190)
	at org.apache.maven.surefire.junit4.JUnit4Provider.execute(JUnit4Provider.java:365)
	at org.apache.maven.surefire.junit4.JUnit4Provider.executeWithRerun(JUnit4Provider.java:273)
	at org.apache.maven.surefire.junit4.JUnit4Provider.executeTestSet(JUnit4Provider.java:238)
	at org.apache.maven.surefire.junit4.JUnit4Provider.invoke(JUnit4Provider.java:159)
	at org.apache.maven.surefire.booter.ForkedBooter.invokeProviderInSameClassLoader(ForkedBooter.java:384)
	at org.apache.maven.surefire.booter.ForkedBooter.runSuitesInProcess(ForkedBooter.java:345)
	at org.apache.maven.surefire.booter.ForkedBooter.execute(ForkedBooter.java:126)
	at org.apache.maven.surefire.booter.ForkedBooter.main(ForkedBooter.java:418)
Caused by: org.springframework.beans.factory.UnsatisfiedDependencyException: Error creating bean with name 'controllers' defined in file [/home/nikos/NetBeansProjects/ESMO-AP-TEST/target/classes/esmo/test/ap/apms/controllers/Controllers.class]: Unsatisfied dependency expressed through constructor parameter 1; nested exception is org.springframework.beans.factory.BeanCreationException: Error creating bean with name 'keyStoreServiceImpl' defined in file [/home/nikos/NetBeansProjects/ESMO-AP-TEST/target/classes/esmo/test/ap/apms/service/impl/KeyStoreServiceImpl.class]: Bean instantiation via constructor failed; nested exception is org.springframework.beans.BeanInstantiationException: Failed to instantiate [esmo.test.ap.apms.service.impl.KeyStoreServiceImpl]: Constructor threw exception; nested exception is java.io.FileNotFoundException: /home/nikos/NetBeansProjects/ESMO-AP-TEST/src/test/resources/testKeys (Is a directory)
	at org.springframework.beans.factory.support.ConstructorResolver.createArgumentArray(ConstructorResolver.java:769)
	at org.springframework.beans.factory.support.ConstructorResolver.autowireConstructor(ConstructorResolver.java:218)
	at org.springframework.beans.factory.support.AbstractAutowireCapableBeanFactory.autowireConstructor(AbstractAutowireCapableBeanFactory.java:1325)
	at org.springframework.beans.factory.support.AbstractAutowireCapableBeanFactory.createBeanInstance(AbstractAutowireCapableBeanFactory.java:1171)
	at org.springframework.beans.factory.support.AbstractAutowireCapableBeanFactory.doCreateBean(AbstractAutowireCapableBeanFactory.java:555)
	at org.springframework.beans.factory.support.AbstractAutowireCapableBeanFactory.createBean(AbstractAutowireCapableBeanFactory.java:515)
	at org.springframework.beans.factory.support.AbstractBeanFactory.lambda$doGetBean$0(AbstractBeanFactory.java:320)
	at org.springframework.beans.factory.support.DefaultSingletonBeanRegistry.getSingleton(DefaultSingletonBeanRegistry.java:222)
	at org.springframework.beans.factory.support.AbstractBeanFactory.doGetBean(AbstractBeanFactory.java:318)
	at org.springframework.beans.factory.support.AbstractBeanFactory.getBean(AbstractBeanFactory.java:199)
	at org.springframework.beans.factory.support.DefaultListableBeanFactory.preInstantiateSingletons(DefaultListableBeanFactory.java:849)
	at org.springframework.context.support.AbstractApplicationContext.finishBeanFactoryInitialization(AbstractApplicationContext.java:877)
	at org.springframework.context.support.AbstractApplicationContext.refresh(AbstractApplicationContext.java:549)
	at org.springframework.boot.SpringApplication.refresh(SpringApplication.java:775)
	at org.springframework.boot.SpringApplication.refreshContext(SpringApplication.java:397)
	at org.springframework.boot.SpringApplication.run(SpringApplication.java:316)
	at org.springframework.boot.test.context.SpringBootContextLoader.loadContext(SpringBootContextLoader.java:127)
	at org.springframework.test.context.cache.DefaultCacheAwareContextLoaderDelegate.loadContextInternal(DefaultCacheAwareContextLoaderDelegate.java:99)
	at org.springframework.test.context.cache.DefaultCacheAwareContextLoaderDelegate.loadContext(DefaultCacheAwareContextLoaderDelegate.java:117)
	... 27 common frames omitted
Caused by: org.springframework.beans.factory.BeanCreationException: Error creating bean with name 'keyStoreServiceImpl' defined in file [/home/nikos/NetBeansProjects/ESMO-AP-TEST/target/classes/esmo/test/ap/apms/service/impl/KeyStoreServiceImpl.class]: Bean instantiation via constructor failed; nested exception is org.springframework.beans.BeanInstantiationException: Failed to instantiate [esmo.test.ap.apms.service.impl.KeyStoreServiceImpl]: Constructor threw exception; nested exception is java.io.FileNotFoundException: /home/nikos/NetBeansProjects/ESMO-AP-TEST/src/test/resources/testKeys (Is a directory)
	at org.springframework.beans.factory.support.ConstructorResolver.instantiate(ConstructorResolver.java:304)
	at org.springframework.beans.factory.support.ConstructorResolver.autowireConstructor(ConstructorResolver.java:285)
	at org.springframework.beans.factory.support.AbstractAutowireCapableBeanFactory.autowireConstructor(AbstractAutowireCapableBeanFactory.java:1325)
	at org.springframework.beans.factory.support.AbstractAutowireCapableBeanFactory.createBeanInstance(AbstractAutowireCapableBeanFactory.java:1171)
	at org.springframework.beans.factory.support.AbstractAutowireCapableBeanFactory.doCreateBean(AbstractAutowireCapableBeanFactory.java:555)
	at org.springframework.beans.factory.support.AbstractAutowireCapableBeanFactory.createBean(AbstractAutowireCapableBeanFactory.java:515)
	at org.springframework.beans.factory.support.AbstractBeanFactory.lambda$doGetBean$0(AbstractBeanFactory.java:320)
	at org.springframework.beans.factory.support.DefaultSingletonBeanRegistry.getSingleton(DefaultSingletonBeanRegistry.java:222)
	at org.springframework.beans.factory.support.AbstractBeanFactory.doGetBean(AbstractBeanFactory.java:318)
	at org.springframework.beans.factory.support.AbstractBeanFactory.getBean(AbstractBeanFactory.java:199)
	at org.springframework.beans.factory.config.DependencyDescriptor.resolveCandidate(DependencyDescriptor.java:277)
	at org.springframework.beans.factory.support.DefaultListableBeanFactory.doResolveDependency(DefaultListableBeanFactory.java:1247)
	at org.springframework.beans.factory.support.DefaultListableBeanFactory.resolveDependency(DefaultListableBeanFactory.java:1167)
	at org.springframework.beans.factory.support.ConstructorResolver.resolveAutowiredArgument(ConstructorResolver.java:857)
	at org.springframework.beans.factory.support.ConstructorResolver.createArgumentArray(ConstructorResolver.java:760)
	... 45 common frames omitted
Caused by: org.springframework.beans.BeanInstantiationException: Failed to instantiate [esmo.test.ap.apms.service.impl.KeyStoreServiceImpl]: Constructor threw exception; nested exception is java.io.FileNotFoundException: /home/nikos/NetBeansProjects/ESMO-AP-TEST/src/test/resources/testKeys (Is a directory)
	at org.springframework.beans.BeanUtils.instantiateClass(BeanUtils.java:184)
	at org.springframework.beans.factory.support.SimpleInstantiationStrategy.instantiate(SimpleInstantiationStrategy.java:117)
	at org.springframework.beans.factory.support.ConstructorResolver.instantiate(ConstructorResolver.java:300)
	... 59 common frames omitted
Caused by: java.io.FileNotFoundException: /home/nikos/NetBeansProjects/ESMO-AP-TEST/src/test/resources/testKeys (Is a directory)
	at java.io.FileInputStream.open0(Native Method)
	at java.io.FileInputStream.open(FileInputStream.java:195)
	at java.io.FileInputStream.<init>(FileInputStream.java:138)
	at esmo.test.ap.apms.service.impl.KeyStoreServiceImpl.<init>(KeyStoreServiceImpl.java:58)
	at sun.reflect.NativeConstructorAccessorImpl.newInstance0(Native Method)
	at sun.reflect.NativeConstructorAccessorImpl.newInstance(NativeConstructorAccessorImpl.java:62)
	at sun.reflect.DelegatingConstructorAccessorImpl.newInstance(DelegatingConstructorAccessorImpl.java:45)
	at java.lang.reflect.Constructor.newInstance(Constructor.java:423)
	at org.springframework.beans.BeanUtils.instantiateClass(BeanUtils.java:172)
	... 61 common frames omitted
2019-04-08 20:47:38,361 INFO org.springframework.boot.StartupInfoLogger [main] Starting TestMinEduService on nikos-Lenovo-V310-15IKB with PID 9004 (started by nikos in /home/nikos/NetBeansProjects/ESMO-AP-TEST)
2019-04-08 20:47:38,364 INFO org.springframework.boot.SpringApplication [main] No active profile set, falling back to default profiles: default
2019-04-08 20:47:40,228 INFO com.google.code.ssm.config.DefaultAddressProvider [main] Defined values 172.17.0.1:11211 will be used as memcached addresses
2019-04-08 20:47:41,386 INFO org.springframework.scheduling.concurrent.ExecutorConfigurationSupport [main] Initializing ExecutorService 'applicationTaskExecutor'
2019-04-08 20:47:41,837 INFO org.springframework.boot.StartupInfoLogger [main] Started TestMinEduService in 3.859 seconds (JVM running for 4.677)
2019-04-08 20:47:43,815 ERROR esmo.test.ap.apms.service.impl.MinEduServiceImpl [main] GDPR user with username user does not exists
2019-04-08 20:47:43,816 ERROR esmo.test.ap.apms.service.impl.MinEduServiceImpl [main] no token found in response!
2019-04-08 20:47:43,974 INFO org.springframework.scheduling.concurrent.ExecutorConfigurationSupport [Thread-3] Shutting down ExecutorService 'applicationTaskExecutor'
2019-04-08 20:48:54,063 INFO org.springframework.boot.StartupInfoLogger [main] Starting TestMinEduService on nikos-Lenovo-V310-15IKB with PID 9157 (started by nikos in /home/nikos/NetBeansProjects/ESMO-AP-TEST)
2019-04-08 20:48:54,069 INFO org.springframework.boot.SpringApplication [main] No active profile set, falling back to default profiles: default
2019-04-08 20:48:55,814 INFO com.google.code.ssm.config.DefaultAddressProvider [main] Defined values 172.17.0.1:11211 will be used as memcached addresses
2019-04-08 20:48:56,803 INFO org.springframework.scheduling.concurrent.ExecutorConfigurationSupport [main] Initializing ExecutorService 'applicationTaskExecutor'
2019-04-08 20:48:57,273 INFO org.springframework.boot.StartupInfoLogger [main] Started TestMinEduService in 3.593 seconds (JVM running for 4.427)
2019-04-08 20:49:00,372 INFO esmo.test.ap.apms.service.impl.MinEduServiceImpl [main] retrieved token 8465eac7-a6df-355f-80bf-4c337e0cf031
2019-04-08 20:49:00,373 INFO esmo.test.ap.apms.service.impl.MinEduServiceImpl [main] querying for amka 05108304675
2019-04-08 20:49:04,271 INFO org.springframework.scheduling.concurrent.ExecutorConfigurationSupport [Thread-3] Shutting down ExecutorService 'applicationTaskExecutor'
2019-04-08 20:50:16,450 INFO org.springframework.boot.StartupInfoLogger [main] Starting TestMinEduService on nikos-Lenovo-V310-15IKB with PID 9277 (started by nikos in /home/nikos/NetBeansProjects/ESMO-AP-TEST)
2019-04-08 20:50:16,455 INFO org.springframework.boot.SpringApplication [main] No active profile set, falling back to default profiles: default
2019-04-08 20:50:18,595 INFO com.google.code.ssm.config.DefaultAddressProvider [main] Defined values 172.17.0.1:11211 will be used as memcached addresses
2019-04-08 20:50:19,398 INFO org.springframework.scheduling.concurrent.ExecutorConfigurationSupport [main] Initializing ExecutorService 'applicationTaskExecutor'
2019-04-08 20:50:20,021 INFO org.springframework.boot.StartupInfoLogger [main] Started TestMinEduService in 3.96 seconds (JVM running for 4.757)
2019-04-08 20:50:22,135 INFO esmo.test.ap.apms.service.impl.MinEduServiceImpl [main] retrieved token 8465eac7-a6df-355f-80bf-4c337e0cf031
2019-04-08 20:50:22,136 INFO esmo.test.ap.apms.service.impl.MinEduServiceImpl [main] querying for amka 05108304675
2019-04-08 20:50:23,256 INFO org.springframework.scheduling.concurrent.ExecutorConfigurationSupport [Thread-3] Shutting down ExecutorService 'applicationTaskExecutor'
2019-04-08 20:50:59,679 INFO org.springframework.boot.StartupInfoLogger [main] Starting TestMinEduService on nikos-Lenovo-V310-15IKB with PID 9384 (started by nikos in /home/nikos/NetBeansProjects/ESMO-AP-TEST)
2019-04-08 20:50:59,689 INFO org.springframework.boot.SpringApplication [main] No active profile set, falling back to default profiles: default
2019-04-08 20:51:01,385 INFO com.google.code.ssm.config.DefaultAddressProvider [main] Defined values 172.17.0.1:11211 will be used as memcached addresses
2019-04-08 20:51:02,346 INFO org.springframework.scheduling.concurrent.ExecutorConfigurationSupport [main] Initializing ExecutorService 'applicationTaskExecutor'
2019-04-08 20:51:02,710 INFO org.springframework.boot.StartupInfoLogger [main] Started TestMinEduService in 3.371 seconds (JVM running for 4.2)
2019-04-08 20:51:05,120 INFO esmo.test.ap.apms.service.impl.MinEduServiceImpl [main] retrieved token 8465eac7-a6df-355f-80bf-4c337e0cf031
2019-04-08 20:51:05,131 INFO esmo.test.ap.apms.service.impl.MinEduServiceImpl [main] querying for amka 05108304675
2019-04-08 20:51:08,348 INFO org.springframework.scheduling.concurrent.ExecutorConfigurationSupport [Thread-3] Shutting down ExecutorService 'applicationTaskExecutor'
2019-04-08 20:52:43,212 INFO org.springframework.boot.StartupInfoLogger [main] Starting TestMinEduService on nikos-Lenovo-V310-15IKB with PID 9512 (started by nikos in /home/nikos/NetBeansProjects/ESMO-AP-TEST)
2019-04-08 20:52:43,215 INFO org.springframework.boot.SpringApplication [main] No active profile set, falling back to default profiles: default
2019-04-08 20:52:44,935 INFO com.google.code.ssm.config.DefaultAddressProvider [main] Defined values 172.17.0.1:11211 will be used as memcached addresses
2019-04-08 20:52:45,895 INFO org.springframework.scheduling.concurrent.ExecutorConfigurationSupport [main] Initializing ExecutorService 'applicationTaskExecutor'
2019-04-08 20:52:46,331 INFO org.springframework.boot.StartupInfoLogger [main] Started TestMinEduService in 3.515 seconds (JVM running for 4.485)
2019-04-08 20:52:48,558 INFO esmo.test.ap.apms.service.impl.MinEduServiceImpl [main] retrieved token 8465eac7-a6df-355f-80bf-4c337e0cf031
2019-04-08 20:52:48,558 INFO esmo.test.ap.apms.service.impl.MinEduServiceImpl [main] querying for amka 05108304675
2019-04-08 20:52:49,621 INFO org.springframework.scheduling.concurrent.ExecutorConfigurationSupport [Thread-3] Shutting down ExecutorService 'applicationTaskExecutor'
2019-04-08 20:53:26,541 INFO org.springframework.boot.StartupInfoLogger [main] Starting TestMinEduService on nikos-Lenovo-V310-15IKB with PID 9656 (started by nikos in /home/nikos/NetBeansProjects/ESMO-AP-TEST)
2019-04-08 20:53:26,550 INFO org.springframework.boot.SpringApplication [main] No active profile set, falling back to default profiles: default
2019-04-08 20:53:28,037 INFO com.google.code.ssm.config.DefaultAddressProvider [main] Defined values 172.17.0.1:11211 will be used as memcached addresses
2019-04-08 20:53:29,011 INFO org.springframework.scheduling.concurrent.ExecutorConfigurationSupport [main] Initializing ExecutorService 'applicationTaskExecutor'
2019-04-08 20:53:29,703 INFO org.springframework.boot.StartupInfoLogger [main] Started TestMinEduService in 3.671 seconds (JVM running for 4.42)
2019-04-08 20:53:31,917 INFO esmo.test.ap.apms.service.impl.MinEduServiceImpl [main] retrieved token 8465eac7-a6df-355f-80bf-4c337e0cf031
2019-04-08 20:53:31,918 INFO esmo.test.ap.apms.service.impl.MinEduServiceImpl [main] querying for amka 05108304675
2019-04-08 20:53:32,941 INFO org.springframework.scheduling.concurrent.ExecutorConfigurationSupport [Thread-3] Shutting down ExecutorService 'applicationTaskExecutor'
2019-04-08 20:55:02,427 INFO org.springframework.boot.StartupInfoLogger [main] Starting TestMinEduService on nikos-Lenovo-V310-15IKB with PID 10406 (started by nikos in /home/nikos/NetBeansProjects/ESMO-AP-TEST)
2019-04-08 20:55:02,431 INFO org.springframework.boot.SpringApplication [main] No active profile set, falling back to default profiles: default
2019-04-08 20:55:04,241 INFO com.google.code.ssm.config.DefaultAddressProvider [main] Defined values 172.17.0.1:11211 will be used as memcached addresses
2019-04-08 20:55:05,202 INFO org.springframework.scheduling.concurrent.ExecutorConfigurationSupport [main] Initializing ExecutorService 'applicationTaskExecutor'
2019-04-08 20:55:05,724 INFO org.springframework.boot.StartupInfoLogger [main] Started TestMinEduService in 4.09 seconds (JVM running for 5.536)
2019-04-08 20:55:07,926 INFO esmo.test.ap.apms.service.impl.MinEduServiceImpl [main] retrieved token 8465eac7-a6df-355f-80bf-4c337e0cf031
2019-04-08 20:55:07,928 INFO esmo.test.ap.apms.service.impl.MinEduServiceImpl [main] querying for amka 05108304675
2019-04-08 20:55:09,157 INFO org.springframework.scheduling.concurrent.ExecutorConfigurationSupport [Thread-3] Shutting down ExecutorService 'applicationTaskExecutor'
2019-04-08 20:56:21,532 INFO org.springframework.boot.StartupInfoLogger [main] Starting TestMinEduService on nikos-Lenovo-V310-15IKB with PID 10517 (started by nikos in /home/nikos/NetBeansProjects/ESMO-AP-TEST)
2019-04-08 20:56:21,538 INFO org.springframework.boot.SpringApplication [main] No active profile set, falling back to default profiles: default
2019-04-08 20:56:23,456 INFO com.google.code.ssm.config.DefaultAddressProvider [main] Defined values 172.17.0.1:11211 will be used as memcached addresses
2019-04-08 20:56:24,584 INFO org.springframework.scheduling.concurrent.ExecutorConfigurationSupport [main] Initializing ExecutorService 'applicationTaskExecutor'
2019-04-08 20:56:25,233 INFO org.springframework.boot.StartupInfoLogger [main] Started TestMinEduService in 4.126 seconds (JVM running for 5.44)
2019-04-08 20:56:25,387 INFO esmo.test.ap.apms.service.impl.MinEduServiceImpl [main] will query amka in theurl: https://gateway.interoperability.gr/academicId/1.0.1/student/05108304675?fields=academicID
2019-04-08 20:56:27,678 INFO esmo.test.ap.apms.service.impl.MinEduServiceImpl [main] retrieved token 8465eac7-a6df-355f-80bf-4c337e0cf031
2019-04-08 20:56:27,678 INFO esmo.test.ap.apms.service.impl.MinEduServiceImpl [main] querying for amka 05108304675
2019-04-08 20:56:28,698 INFO org.springframework.scheduling.concurrent.ExecutorConfigurationSupport [Thread-3] Shutting down ExecutorService 'applicationTaskExecutor'
2019-04-08 21:00:11,778 INFO org.springframework.boot.StartupInfoLogger [main] Starting TestMinEduService on nikos-Lenovo-V310-15IKB with PID 10701 (started by nikos in /home/nikos/NetBeansProjects/ESMO-AP-TEST)
2019-04-08 21:00:11,793 INFO org.springframework.boot.SpringApplication [main] No active profile set, falling back to default profiles: default
2019-04-08 21:00:13,491 INFO com.google.code.ssm.config.DefaultAddressProvider [main] Defined values 172.17.0.1:11211 will be used as memcached addresses
2019-04-08 21:00:14,724 INFO org.springframework.scheduling.concurrent.ExecutorConfigurationSupport [main] Initializing ExecutorService 'applicationTaskExecutor'
2019-04-08 21:00:15,205 INFO org.springframework.boot.StartupInfoLogger [main] Started TestMinEduService in 3.916 seconds (JVM running for 4.664)
2019-04-08 21:00:15,394 INFO esmo.test.ap.apms.service.impl.MinEduServiceImpl [main] will get toke from theurl: https://validation.interoperability.gr:9443/OAUTH2Proxy_1.0.0/services/oauthproxy/authorization/token
2019-04-08 21:00:18,100 INFO esmo.test.ap.apms.service.impl.MinEduServiceImpl [main] retrieved token 8465eac7-a6df-355f-80bf-4c337e0cf031
2019-04-08 21:00:18,101 INFO esmo.test.ap.apms.service.impl.MinEduServiceImpl [main] querying for amka 05108304675
2019-04-08 21:00:18,101 INFO esmo.test.ap.apms.service.impl.MinEduServiceImpl [main] will query amka in theurl: https://gateway.interoperability.gr/academicId/1.0.1/student/05108304675?fields=academicID&username=uaegean&password=k6v5sS4l1s!%
2019-04-08 21:00:19,403 INFO esmo.test.ap.apms.service.impl.MinEduServiceImpl [main] result {"ServiceCallID":"775d6e78-7b50-4043-8f62-af1da9b68695","code":200,"success":true,"Result":{"AcademicID":"200260674408","AcademicStatus":""},"timestamp":"2019-04-08T21:00:00+03:00"}
2019-04-08 21:00:19,610 INFO org.springframework.scheduling.concurrent.ExecutorConfigurationSupport [Thread-3] Shutting down ExecutorService 'applicationTaskExecutor'
2019-04-08 21:07:32,939 INFO org.springframework.boot.StartupInfoLogger [main] Starting TestMinEduService on nikos-Lenovo-V310-15IKB with PID 10947 (started by nikos in /home/nikos/NetBeansProjects/ESMO-AP-TEST)
2019-04-08 21:07:32,944 INFO org.springframework.boot.SpringApplication [main] No active profile set, falling back to default profiles: default
2019-04-08 21:07:34,438 INFO com.google.code.ssm.config.DefaultAddressProvider [main] Defined values 172.17.0.1:11211 will be used as memcached addresses
2019-04-08 21:07:35,305 INFO org.springframework.scheduling.concurrent.ExecutorConfigurationSupport [main] Initializing ExecutorService 'applicationTaskExecutor'
2019-04-08 21:07:35,738 INFO org.springframework.boot.StartupInfoLogger [main] Started TestMinEduService in 3.142 seconds (JVM running for 3.861)
2019-04-08 21:07:35,926 INFO esmo.test.ap.apms.service.impl.MinEduServiceImpl [main] will get toke from theurl: https://validation.interoperability.gr:9443/OAUTH2Proxy_1.0.0/services/oauthproxy/authorization/token
2019-04-08 21:07:38,105 INFO esmo.test.ap.apms.service.impl.MinEduServiceImpl [main] retrieved token 8465eac7-a6df-355f-80bf-4c337e0cf031
2019-04-08 21:07:38,105 INFO esmo.test.ap.apms.service.impl.MinEduServiceImpl [main] querying for amka 05108304675
2019-04-08 21:07:38,106 INFO esmo.test.ap.apms.service.impl.MinEduServiceImpl [main] will query amka in theurl: https://gateway.interoperability.gr/academicId/1.0.1/student/05108304675?fields=academicID&username=uaegean&password=k6v5sS4l1s!%
2019-04-08 21:07:39,502 INFO esmo.test.ap.apms.service.impl.MinEduServiceImpl [main] result 200260674408
2019-04-08 21:07:39,559 INFO org.springframework.scheduling.concurrent.ExecutorConfigurationSupport [Thread-3] Shutting down ExecutorService 'applicationTaskExecutor'
2019-04-08 21:20:55,993 INFO org.springframework.boot.StartupInfoLogger [main] Starting TestMinEduService on nikos-Lenovo-V310-15IKB with PID 11358 (started by nikos in /home/nikos/NetBeansProjects/ESMO-AP-TEST)
2019-04-08 21:20:55,995 INFO org.springframework.boot.SpringApplication [main] No active profile set, falling back to default profiles: default
2019-04-08 21:20:57,451 INFO com.google.code.ssm.config.DefaultAddressProvider [main] Defined values 172.17.0.1:11211 will be used as memcached addresses
2019-04-08 21:20:58,306 INFO org.springframework.scheduling.concurrent.ExecutorConfigurationSupport [main] Initializing ExecutorService 'applicationTaskExecutor'
2019-04-08 21:20:58,674 INFO org.springframework.boot.StartupInfoLogger [main] Started TestMinEduService in 3.049 seconds (JVM running for 3.803)
2019-04-08 21:20:58,823 INFO esmo.test.ap.apms.service.impl.MinEduServiceImpl [main] will get toke from theurl: https://validation.interoperability.gr:9443/OAUTH2Proxy_1.0.0/services/oauthproxy/authorization/token
2019-04-08 21:21:01,336 INFO esmo.test.ap.apms.service.impl.MinEduServiceImpl [main] retrieved token 8465eac7-a6df-355f-80bf-4c337e0cf031
2019-04-08 21:21:01,342 INFO esmo.test.ap.apms.service.impl.MinEduServiceImpl [main] querying for academicId 200260674408
2019-04-08 21:21:03,301 INFO org.springframework.scheduling.concurrent.ExecutorConfigurationSupport [Thread-3] Shutting down ExecutorService 'applicationTaskExecutor'
2019-04-08 21:22:54,069 INFO org.springframework.boot.StartupInfoLogger [main] Starting TestMinEduService on nikos-Lenovo-V310-15IKB with PID 11475 (started by nikos in /home/nikos/NetBeansProjects/ESMO-AP-TEST)
2019-04-08 21:22:54,073 INFO org.springframework.boot.SpringApplication [main] No active profile set, falling back to default profiles: default
2019-04-08 21:22:55,346 WARN org.springframework.context.support.AbstractApplicationContext [main] Exception encountered during context initialization - cancelling refresh attempt: org.springframework.beans.factory.UnsatisfiedDependencyException: Error creating bean with name 'controllers' defined in file [/home/nikos/NetBeansProjects/ESMO-AP-TEST/target/classes/esmo/test/ap/apms/controllers/Controllers.class]: Unsatisfied dependency expressed through constructor parameter 2; nested exception is org.springframework.beans.factory.BeanCreationException: Error creating bean with name 'esmoMetadataServiceImpl' defined in file [/home/nikos/NetBeansProjects/ESMO-AP-TEST/target/classes/esmo/test/ap/apms/service/impl/EsmoMetadataServiceImpl.class]: Bean instantiation via constructor failed; nested exception is org.springframework.beans.BeanInstantiationException: Failed to instantiate [esmo.test.ap.apms.service.impl.EsmoMetadataServiceImpl]: Constructor threw exception; nested exception is java.lang.NullPointerException
2019-04-08 21:22:55,357 INFO org.springframework.boot.autoconfigure.logging.ConditionEvaluationReportLoggingListener [main] 

Error starting ApplicationContext. To display the conditions report re-run your application with 'debug' enabled.
2019-04-08 21:22:55,362 ERROR org.springframework.boot.SpringApplication [main] Application run failed
org.springframework.beans.factory.UnsatisfiedDependencyException: Error creating bean with name 'controllers' defined in file [/home/nikos/NetBeansProjects/ESMO-AP-TEST/target/classes/esmo/test/ap/apms/controllers/Controllers.class]: Unsatisfied dependency expressed through constructor parameter 2; nested exception is org.springframework.beans.factory.BeanCreationException: Error creating bean with name 'esmoMetadataServiceImpl' defined in file [/home/nikos/NetBeansProjects/ESMO-AP-TEST/target/classes/esmo/test/ap/apms/service/impl/EsmoMetadataServiceImpl.class]: Bean instantiation via constructor failed; nested exception is org.springframework.beans.BeanInstantiationException: Failed to instantiate [esmo.test.ap.apms.service.impl.EsmoMetadataServiceImpl]: Constructor threw exception; nested exception is java.lang.NullPointerException
	at org.springframework.beans.factory.support.ConstructorResolver.createArgumentArray(ConstructorResolver.java:769)
	at org.springframework.beans.factory.support.ConstructorResolver.autowireConstructor(ConstructorResolver.java:218)
	at org.springframework.beans.factory.support.AbstractAutowireCapableBeanFactory.autowireConstructor(AbstractAutowireCapableBeanFactory.java:1325)
	at org.springframework.beans.factory.support.AbstractAutowireCapableBeanFactory.createBeanInstance(AbstractAutowireCapableBeanFactory.java:1171)
	at org.springframework.beans.factory.support.AbstractAutowireCapableBeanFactory.doCreateBean(AbstractAutowireCapableBeanFactory.java:555)
	at org.springframework.beans.factory.support.AbstractAutowireCapableBeanFactory.createBean(AbstractAutowireCapableBeanFactory.java:515)
	at org.springframework.beans.factory.support.AbstractBeanFactory.lambda$doGetBean$0(AbstractBeanFactory.java:320)
	at org.springframework.beans.factory.support.DefaultSingletonBeanRegistry.getSingleton(DefaultSingletonBeanRegistry.java:222)
	at org.springframework.beans.factory.support.AbstractBeanFactory.doGetBean(AbstractBeanFactory.java:318)
	at org.springframework.beans.factory.support.AbstractBeanFactory.getBean(AbstractBeanFactory.java:199)
	at org.springframework.beans.factory.support.DefaultListableBeanFactory.preInstantiateSingletons(DefaultListableBeanFactory.java:849)
	at org.springframework.context.support.AbstractApplicationContext.finishBeanFactoryInitialization(AbstractApplicationContext.java:877)
	at org.springframework.context.support.AbstractApplicationContext.refresh(AbstractApplicationContext.java:549)
	at org.springframework.boot.SpringApplication.refresh(SpringApplication.java:775)
	at org.springframework.boot.SpringApplication.refreshContext(SpringApplication.java:397)
	at org.springframework.boot.SpringApplication.run(SpringApplication.java:316)
	at org.springframework.boot.test.context.SpringBootContextLoader.loadContext(SpringBootContextLoader.java:127)
	at org.springframework.test.context.cache.DefaultCacheAwareContextLoaderDelegate.loadContextInternal(DefaultCacheAwareContextLoaderDelegate.java:99)
	at org.springframework.test.context.cache.DefaultCacheAwareContextLoaderDelegate.loadContext(DefaultCacheAwareContextLoaderDelegate.java:117)
	at org.springframework.test.context.support.DefaultTestContext.getApplicationContext(DefaultTestContext.java:108)
	at org.springframework.test.context.web.ServletTestExecutionListener.setUpRequestContextIfNecessary(ServletTestExecutionListener.java:190)
	at org.springframework.test.context.web.ServletTestExecutionListener.prepareTestInstance(ServletTestExecutionListener.java:132)
	at org.springframework.test.context.TestContextManager.prepareTestInstance(TestContextManager.java:246)
	at org.springframework.test.context.junit4.SpringJUnit4ClassRunner.createTest(SpringJUnit4ClassRunner.java:227)
	at org.springframework.test.context.junit4.SpringJUnit4ClassRunner$1.runReflectiveCall(SpringJUnit4ClassRunner.java:289)
	at org.junit.internal.runners.model.ReflectiveCallable.run(ReflectiveCallable.java:12)
	at org.springframework.test.context.junit4.SpringJUnit4ClassRunner.methodBlock(SpringJUnit4ClassRunner.java:291)
	at org.springframework.test.context.junit4.SpringJUnit4ClassRunner.runChild(SpringJUnit4ClassRunner.java:246)
	at org.springframework.test.context.junit4.SpringJUnit4ClassRunner.runChild(SpringJUnit4ClassRunner.java:97)
	at org.junit.runners.ParentRunner$3.run(ParentRunner.java:290)
	at org.junit.runners.ParentRunner$1.schedule(ParentRunner.java:71)
	at org.junit.runners.ParentRunner.runChildren(ParentRunner.java:288)
	at org.junit.runners.ParentRunner.access$000(ParentRunner.java:58)
	at org.junit.runners.ParentRunner$2.evaluate(ParentRunner.java:268)
	at org.springframework.test.context.junit4.statements.RunBeforeTestClassCallbacks.evaluate(RunBeforeTestClassCallbacks.java:61)
	at org.springframework.test.context.junit4.statements.RunAfterTestClassCallbacks.evaluate(RunAfterTestClassCallbacks.java:70)
	at org.junit.runners.ParentRunner.run(ParentRunner.java:363)
	at org.springframework.test.context.junit4.SpringJUnit4ClassRunner.run(SpringJUnit4ClassRunner.java:190)
	at org.apache.maven.surefire.junit4.JUnit4Provider.execute(JUnit4Provider.java:365)
	at org.apache.maven.surefire.junit4.JUnit4Provider.executeWithRerun(JUnit4Provider.java:273)
	at org.apache.maven.surefire.junit4.JUnit4Provider.executeTestSet(JUnit4Provider.java:238)
	at org.apache.maven.surefire.junit4.JUnit4Provider.invoke(JUnit4Provider.java:159)
	at org.apache.maven.surefire.booter.ForkedBooter.invokeProviderInSameClassLoader(ForkedBooter.java:384)
	at org.apache.maven.surefire.booter.ForkedBooter.runSuitesInProcess(ForkedBooter.java:345)
	at org.apache.maven.surefire.booter.ForkedBooter.execute(ForkedBooter.java:126)
	at org.apache.maven.surefire.booter.ForkedBooter.main(ForkedBooter.java:418)
Caused by: org.springframework.beans.factory.BeanCreationException: Error creating bean with name 'esmoMetadataServiceImpl' defined in file [/home/nikos/NetBeansProjects/ESMO-AP-TEST/target/classes/esmo/test/ap/apms/service/impl/EsmoMetadataServiceImpl.class]: Bean instantiation via constructor failed; nested exception is org.springframework.beans.BeanInstantiationException: Failed to instantiate [esmo.test.ap.apms.service.impl.EsmoMetadataServiceImpl]: Constructor threw exception; nested exception is java.lang.NullPointerException
	at org.springframework.beans.factory.support.ConstructorResolver.instantiate(ConstructorResolver.java:304)
	at org.springframework.beans.factory.support.ConstructorResolver.autowireConstructor(ConstructorResolver.java:285)
	at org.springframework.beans.factory.support.AbstractAutowireCapableBeanFactory.autowireConstructor(AbstractAutowireCapableBeanFactory.java:1325)
	at org.springframework.beans.factory.support.AbstractAutowireCapableBeanFactory.createBeanInstance(AbstractAutowireCapableBeanFactory.java:1171)
	at org.springframework.beans.factory.support.AbstractAutowireCapableBeanFactory.doCreateBean(AbstractAutowireCapableBeanFactory.java:555)
	at org.springframework.beans.factory.support.AbstractAutowireCapableBeanFactory.createBean(AbstractAutowireCapableBeanFactory.java:515)
	at org.springframework.beans.factory.support.AbstractBeanFactory.lambda$doGetBean$0(AbstractBeanFactory.java:320)
	at org.springframework.beans.factory.support.DefaultSingletonBeanRegistry.getSingleton(DefaultSingletonBeanRegistry.java:222)
	at org.springframework.beans.factory.support.AbstractBeanFactory.doGetBean(AbstractBeanFactory.java:318)
	at org.springframework.beans.factory.support.AbstractBeanFactory.getBean(AbstractBeanFactory.java:199)
	at org.springframework.beans.factory.config.DependencyDescriptor.resolveCandidate(DependencyDescriptor.java:277)
	at org.springframework.beans.factory.support.DefaultListableBeanFactory.doResolveDependency(DefaultListableBeanFactory.java:1247)
	at org.springframework.beans.factory.support.DefaultListableBeanFactory.resolveDependency(DefaultListableBeanFactory.java:1167)
	at org.springframework.beans.factory.support.ConstructorResolver.resolveAutowiredArgument(ConstructorResolver.java:857)
	at org.springframework.beans.factory.support.ConstructorResolver.createArgumentArray(ConstructorResolver.java:760)
	... 45 common frames omitted
Caused by: org.springframework.beans.BeanInstantiationException: Failed to instantiate [esmo.test.ap.apms.service.impl.EsmoMetadataServiceImpl]: Constructor threw exception; nested exception is java.lang.NullPointerException
	at org.springframework.beans.BeanUtils.instantiateClass(BeanUtils.java:184)
	at org.springframework.beans.factory.support.SimpleInstantiationStrategy.instantiate(SimpleInstantiationStrategy.java:117)
	at org.springframework.beans.factory.support.ConstructorResolver.instantiate(ConstructorResolver.java:300)
	... 59 common frames omitted
Caused by: java.lang.NullPointerException: null
	at sun.security.provider.JavaKeyStore$JKS.convertAlias(JavaKeyStore.java:58)
	at sun.security.provider.JavaKeyStore.engineGetCertificate(JavaKeyStore.java:190)
	at sun.security.provider.JavaKeyStore$JKS.engineGetCertificate(JavaKeyStore.java:56)
	at sun.security.provider.KeyStoreDelegator.engineGetCertificate(KeyStoreDelegator.java:106)
	at sun.security.provider.JavaKeyStore$DualFormatJKS.engineGetCertificate(JavaKeyStore.java:70)
	at java.security.KeyStore.getCertificate(KeyStore.java:1081)
	at esmo.test.ap.apms.service.impl.KeyStoreServiceImpl.getHttpSigPublicKey(KeyStoreServiceImpl.java:91)
	at esmo.test.ap.apms.service.impl.EsmoMetadataServiceImpl.<init>(EsmoMetadataServiceImpl.java:51)
	at sun.reflect.NativeConstructorAccessorImpl.newInstance0(Native Method)
	at sun.reflect.NativeConstructorAccessorImpl.newInstance(NativeConstructorAccessorImpl.java:62)
	at sun.reflect.DelegatingConstructorAccessorImpl.newInstance(DelegatingConstructorAccessorImpl.java:45)
	at java.lang.reflect.Constructor.newInstance(Constructor.java:423)
	at org.springframework.beans.BeanUtils.instantiateClass(BeanUtils.java:172)
	... 61 common frames omitted
2019-04-08 21:22:55,369 ERROR org.springframework.test.context.TestContextManager [main] Caught exception while allowing TestExecutionListener [org.springframework.test.context.web.ServletTestExecutionListener@1189dd52] to prepare test instance [esmo.test.ap.apms.service.TestMinEduService@2ba45490]
java.lang.IllegalStateException: Failed to load ApplicationContext
	at org.springframework.test.context.cache.DefaultCacheAwareContextLoaderDelegate.loadContext(DefaultCacheAwareContextLoaderDelegate.java:125)
	at org.springframework.test.context.support.DefaultTestContext.getApplicationContext(DefaultTestContext.java:108)
	at org.springframework.test.context.web.ServletTestExecutionListener.setUpRequestContextIfNecessary(ServletTestExecutionListener.java:190)
	at org.springframework.test.context.web.ServletTestExecutionListener.prepareTestInstance(ServletTestExecutionListener.java:132)
	at org.springframework.test.context.TestContextManager.prepareTestInstance(TestContextManager.java:246)
	at org.springframework.test.context.junit4.SpringJUnit4ClassRunner.createTest(SpringJUnit4ClassRunner.java:227)
	at org.springframework.test.context.junit4.SpringJUnit4ClassRunner$1.runReflectiveCall(SpringJUnit4ClassRunner.java:289)
	at org.junit.internal.runners.model.ReflectiveCallable.run(ReflectiveCallable.java:12)
	at org.springframework.test.context.junit4.SpringJUnit4ClassRunner.methodBlock(SpringJUnit4ClassRunner.java:291)
	at org.springframework.test.context.junit4.SpringJUnit4ClassRunner.runChild(SpringJUnit4ClassRunner.java:246)
	at org.springframework.test.context.junit4.SpringJUnit4ClassRunner.runChild(SpringJUnit4ClassRunner.java:97)
	at org.junit.runners.ParentRunner$3.run(ParentRunner.java:290)
	at org.junit.runners.ParentRunner$1.schedule(ParentRunner.java:71)
	at org.junit.runners.ParentRunner.runChildren(ParentRunner.java:288)
	at org.junit.runners.ParentRunner.access$000(ParentRunner.java:58)
	at org.junit.runners.ParentRunner$2.evaluate(ParentRunner.java:268)
	at org.springframework.test.context.junit4.statements.RunBeforeTestClassCallbacks.evaluate(RunBeforeTestClassCallbacks.java:61)
	at org.springframework.test.context.junit4.statements.RunAfterTestClassCallbacks.evaluate(RunAfterTestClassCallbacks.java:70)
	at org.junit.runners.ParentRunner.run(ParentRunner.java:363)
	at org.springframework.test.context.junit4.SpringJUnit4ClassRunner.run(SpringJUnit4ClassRunner.java:190)
	at org.apache.maven.surefire.junit4.JUnit4Provider.execute(JUnit4Provider.java:365)
	at org.apache.maven.surefire.junit4.JUnit4Provider.executeWithRerun(JUnit4Provider.java:273)
	at org.apache.maven.surefire.junit4.JUnit4Provider.executeTestSet(JUnit4Provider.java:238)
	at org.apache.maven.surefire.junit4.JUnit4Provider.invoke(JUnit4Provider.java:159)
	at org.apache.maven.surefire.booter.ForkedBooter.invokeProviderInSameClassLoader(ForkedBooter.java:384)
	at org.apache.maven.surefire.booter.ForkedBooter.runSuitesInProcess(ForkedBooter.java:345)
	at org.apache.maven.surefire.booter.ForkedBooter.execute(ForkedBooter.java:126)
	at org.apache.maven.surefire.booter.ForkedBooter.main(ForkedBooter.java:418)
Caused by: org.springframework.beans.factory.UnsatisfiedDependencyException: Error creating bean with name 'controllers' defined in file [/home/nikos/NetBeansProjects/ESMO-AP-TEST/target/classes/esmo/test/ap/apms/controllers/Controllers.class]: Unsatisfied dependency expressed through constructor parameter 2; nested exception is org.springframework.beans.factory.BeanCreationException: Error creating bean with name 'esmoMetadataServiceImpl' defined in file [/home/nikos/NetBeansProjects/ESMO-AP-TEST/target/classes/esmo/test/ap/apms/service/impl/EsmoMetadataServiceImpl.class]: Bean instantiation via constructor failed; nested exception is org.springframework.beans.BeanInstantiationException: Failed to instantiate [esmo.test.ap.apms.service.impl.EsmoMetadataServiceImpl]: Constructor threw exception; nested exception is java.lang.NullPointerException
	at org.springframework.beans.factory.support.ConstructorResolver.createArgumentArray(ConstructorResolver.java:769)
	at org.springframework.beans.factory.support.ConstructorResolver.autowireConstructor(ConstructorResolver.java:218)
	at org.springframework.beans.factory.support.AbstractAutowireCapableBeanFactory.autowireConstructor(AbstractAutowireCapableBeanFactory.java:1325)
	at org.springframework.beans.factory.support.AbstractAutowireCapableBeanFactory.createBeanInstance(AbstractAutowireCapableBeanFactory.java:1171)
	at org.springframework.beans.factory.support.AbstractAutowireCapableBeanFactory.doCreateBean(AbstractAutowireCapableBeanFactory.java:555)
	at org.springframework.beans.factory.support.AbstractAutowireCapableBeanFactory.createBean(AbstractAutowireCapableBeanFactory.java:515)
	at org.springframework.beans.factory.support.AbstractBeanFactory.lambda$doGetBean$0(AbstractBeanFactory.java:320)
	at org.springframework.beans.factory.support.DefaultSingletonBeanRegistry.getSingleton(DefaultSingletonBeanRegistry.java:222)
	at org.springframework.beans.factory.support.AbstractBeanFactory.doGetBean(AbstractBeanFactory.java:318)
	at org.springframework.beans.factory.support.AbstractBeanFactory.getBean(AbstractBeanFactory.java:199)
	at org.springframework.beans.factory.support.DefaultListableBeanFactory.preInstantiateSingletons(DefaultListableBeanFactory.java:849)
	at org.springframework.context.support.AbstractApplicationContext.finishBeanFactoryInitialization(AbstractApplicationContext.java:877)
	at org.springframework.context.support.AbstractApplicationContext.refresh(AbstractApplicationContext.java:549)
	at org.springframework.boot.SpringApplication.refresh(SpringApplication.java:775)
	at org.springframework.boot.SpringApplication.refreshContext(SpringApplication.java:397)
	at org.springframework.boot.SpringApplication.run(SpringApplication.java:316)
	at org.springframework.boot.test.context.SpringBootContextLoader.loadContext(SpringBootContextLoader.java:127)
	at org.springframework.test.context.cache.DefaultCacheAwareContextLoaderDelegate.loadContextInternal(DefaultCacheAwareContextLoaderDelegate.java:99)
	at org.springframework.test.context.cache.DefaultCacheAwareContextLoaderDelegate.loadContext(DefaultCacheAwareContextLoaderDelegate.java:117)
	... 27 common frames omitted
Caused by: org.springframework.beans.factory.BeanCreationException: Error creating bean with name 'esmoMetadataServiceImpl' defined in file [/home/nikos/NetBeansProjects/ESMO-AP-TEST/target/classes/esmo/test/ap/apms/service/impl/EsmoMetadataServiceImpl.class]: Bean instantiation via constructor failed; nested exception is org.springframework.beans.BeanInstantiationException: Failed to instantiate [esmo.test.ap.apms.service.impl.EsmoMetadataServiceImpl]: Constructor threw exception; nested exception is java.lang.NullPointerException
	at org.springframework.beans.factory.support.ConstructorResolver.instantiate(ConstructorResolver.java:304)
	at org.springframework.beans.factory.support.ConstructorResolver.autowireConstructor(ConstructorResolver.java:285)
	at org.springframework.beans.factory.support.AbstractAutowireCapableBeanFactory.autowireConstructor(AbstractAutowireCapableBeanFactory.java:1325)
	at org.springframework.beans.factory.support.AbstractAutowireCapableBeanFactory.createBeanInstance(AbstractAutowireCapableBeanFactory.java:1171)
	at org.springframework.beans.factory.support.AbstractAutowireCapableBeanFactory.doCreateBean(AbstractAutowireCapableBeanFactory.java:555)
	at org.springframework.beans.factory.support.AbstractAutowireCapableBeanFactory.createBean(AbstractAutowireCapableBeanFactory.java:515)
	at org.springframework.beans.factory.support.AbstractBeanFactory.lambda$doGetBean$0(AbstractBeanFactory.java:320)
	at org.springframework.beans.factory.support.DefaultSingletonBeanRegistry.getSingleton(DefaultSingletonBeanRegistry.java:222)
	at org.springframework.beans.factory.support.AbstractBeanFactory.doGetBean(AbstractBeanFactory.java:318)
	at org.springframework.beans.factory.support.AbstractBeanFactory.getBean(AbstractBeanFactory.java:199)
	at org.springframework.beans.factory.config.DependencyDescriptor.resolveCandidate(DependencyDescriptor.java:277)
	at org.springframework.beans.factory.support.DefaultListableBeanFactory.doResolveDependency(DefaultListableBeanFactory.java:1247)
	at org.springframework.beans.factory.support.DefaultListableBeanFactory.resolveDependency(DefaultListableBeanFactory.java:1167)
	at org.springframework.beans.factory.support.ConstructorResolver.resolveAutowiredArgument(ConstructorResolver.java:857)
	at org.springframework.beans.factory.support.ConstructorResolver.createArgumentArray(ConstructorResolver.java:760)
	... 45 common frames omitted
Caused by: org.springframework.beans.BeanInstantiationException: Failed to instantiate [esmo.test.ap.apms.service.impl.EsmoMetadataServiceImpl]: Constructor threw exception; nested exception is java.lang.NullPointerException
	at org.springframework.beans.BeanUtils.instantiateClass(BeanUtils.java:184)
	at org.springframework.beans.factory.support.SimpleInstantiationStrategy.instantiate(SimpleInstantiationStrategy.java:117)
	at org.springframework.beans.factory.support.ConstructorResolver.instantiate(ConstructorResolver.java:300)
	... 59 common frames omitted
Caused by: java.lang.NullPointerException: null
	at sun.security.provider.JavaKeyStore$JKS.convertAlias(JavaKeyStore.java:58)
	at sun.security.provider.JavaKeyStore.engineGetCertificate(JavaKeyStore.java:190)
	at sun.security.provider.JavaKeyStore$JKS.engineGetCertificate(JavaKeyStore.java:56)
	at sun.security.provider.KeyStoreDelegator.engineGetCertificate(KeyStoreDelegator.java:106)
	at sun.security.provider.JavaKeyStore$DualFormatJKS.engineGetCertificate(JavaKeyStore.java:70)
	at java.security.KeyStore.getCertificate(KeyStore.java:1081)
	at esmo.test.ap.apms.service.impl.KeyStoreServiceImpl.getHttpSigPublicKey(KeyStoreServiceImpl.java:91)
	at esmo.test.ap.apms.service.impl.EsmoMetadataServiceImpl.<init>(EsmoMetadataServiceImpl.java:51)
	at sun.reflect.NativeConstructorAccessorImpl.newInstance0(Native Method)
	at sun.reflect.NativeConstructorAccessorImpl.newInstance(NativeConstructorAccessorImpl.java:62)
	at sun.reflect.DelegatingConstructorAccessorImpl.newInstance(DelegatingConstructorAccessorImpl.java:45)
	at java.lang.reflect.Constructor.newInstance(Constructor.java:423)
	at org.springframework.beans.BeanUtils.instantiateClass(BeanUtils.java:172)
	... 61 common frames omitted
2019-04-08 21:22:55,447 INFO org.springframework.boot.StartupInfoLogger [main] Starting TestMinEduService on nikos-Lenovo-V310-15IKB with PID 11475 (started by nikos in /home/nikos/NetBeansProjects/ESMO-AP-TEST)
2019-04-08 21:22:55,449 INFO org.springframework.boot.SpringApplication [main] No active profile set, falling back to default profiles: default
2019-04-08 21:22:55,836 WARN org.springframework.context.support.AbstractApplicationContext [main] Exception encountered during context initialization - cancelling refresh attempt: org.springframework.beans.factory.UnsatisfiedDependencyException: Error creating bean with name 'controllers' defined in file [/home/nikos/NetBeansProjects/ESMO-AP-TEST/target/classes/esmo/test/ap/apms/controllers/Controllers.class]: Unsatisfied dependency expressed through constructor parameter 2; nested exception is org.springframework.beans.factory.BeanCreationException: Error creating bean with name 'esmoMetadataServiceImpl' defined in file [/home/nikos/NetBeansProjects/ESMO-AP-TEST/target/classes/esmo/test/ap/apms/service/impl/EsmoMetadataServiceImpl.class]: Bean instantiation via constructor failed; nested exception is org.springframework.beans.BeanInstantiationException: Failed to instantiate [esmo.test.ap.apms.service.impl.EsmoMetadataServiceImpl]: Constructor threw exception; nested exception is java.lang.NullPointerException
2019-04-08 21:22:55,841 INFO org.springframework.boot.autoconfigure.logging.ConditionEvaluationReportLoggingListener [main] 

Error starting ApplicationContext. To display the conditions report re-run your application with 'debug' enabled.
2019-04-08 21:22:55,843 ERROR org.springframework.boot.SpringApplication [main] Application run failed
org.springframework.beans.factory.UnsatisfiedDependencyException: Error creating bean with name 'controllers' defined in file [/home/nikos/NetBeansProjects/ESMO-AP-TEST/target/classes/esmo/test/ap/apms/controllers/Controllers.class]: Unsatisfied dependency expressed through constructor parameter 2; nested exception is org.springframework.beans.factory.BeanCreationException: Error creating bean with name 'esmoMetadataServiceImpl' defined in file [/home/nikos/NetBeansProjects/ESMO-AP-TEST/target/classes/esmo/test/ap/apms/service/impl/EsmoMetadataServiceImpl.class]: Bean instantiation via constructor failed; nested exception is org.springframework.beans.BeanInstantiationException: Failed to instantiate [esmo.test.ap.apms.service.impl.EsmoMetadataServiceImpl]: Constructor threw exception; nested exception is java.lang.NullPointerException
	at org.springframework.beans.factory.support.ConstructorResolver.createArgumentArray(ConstructorResolver.java:769)
	at org.springframework.beans.factory.support.ConstructorResolver.autowireConstructor(ConstructorResolver.java:218)
	at org.springframework.beans.factory.support.AbstractAutowireCapableBeanFactory.autowireConstructor(AbstractAutowireCapableBeanFactory.java:1325)
	at org.springframework.beans.factory.support.AbstractAutowireCapableBeanFactory.createBeanInstance(AbstractAutowireCapableBeanFactory.java:1171)
	at org.springframework.beans.factory.support.AbstractAutowireCapableBeanFactory.doCreateBean(AbstractAutowireCapableBeanFactory.java:555)
	at org.springframework.beans.factory.support.AbstractAutowireCapableBeanFactory.createBean(AbstractAutowireCapableBeanFactory.java:515)
	at org.springframework.beans.factory.support.AbstractBeanFactory.lambda$doGetBean$0(AbstractBeanFactory.java:320)
	at org.springframework.beans.factory.support.DefaultSingletonBeanRegistry.getSingleton(DefaultSingletonBeanRegistry.java:222)
	at org.springframework.beans.factory.support.AbstractBeanFactory.doGetBean(AbstractBeanFactory.java:318)
	at org.springframework.beans.factory.support.AbstractBeanFactory.getBean(AbstractBeanFactory.java:199)
	at org.springframework.beans.factory.support.DefaultListableBeanFactory.preInstantiateSingletons(DefaultListableBeanFactory.java:849)
	at org.springframework.context.support.AbstractApplicationContext.finishBeanFactoryInitialization(AbstractApplicationContext.java:877)
	at org.springframework.context.support.AbstractApplicationContext.refresh(AbstractApplicationContext.java:549)
	at org.springframework.boot.SpringApplication.refresh(SpringApplication.java:775)
	at org.springframework.boot.SpringApplication.refreshContext(SpringApplication.java:397)
	at org.springframework.boot.SpringApplication.run(SpringApplication.java:316)
	at org.springframework.boot.test.context.SpringBootContextLoader.loadContext(SpringBootContextLoader.java:127)
	at org.springframework.test.context.cache.DefaultCacheAwareContextLoaderDelegate.loadContextInternal(DefaultCacheAwareContextLoaderDelegate.java:99)
	at org.springframework.test.context.cache.DefaultCacheAwareContextLoaderDelegate.loadContext(DefaultCacheAwareContextLoaderDelegate.java:117)
	at org.springframework.test.context.support.DefaultTestContext.getApplicationContext(DefaultTestContext.java:108)
	at org.springframework.test.context.web.ServletTestExecutionListener.setUpRequestContextIfNecessary(ServletTestExecutionListener.java:190)
	at org.springframework.test.context.web.ServletTestExecutionListener.prepareTestInstance(ServletTestExecutionListener.java:132)
	at org.springframework.test.context.TestContextManager.prepareTestInstance(TestContextManager.java:246)
	at org.springframework.test.context.junit4.SpringJUnit4ClassRunner.createTest(SpringJUnit4ClassRunner.java:227)
	at org.springframework.test.context.junit4.SpringJUnit4ClassRunner$1.runReflectiveCall(SpringJUnit4ClassRunner.java:289)
	at org.junit.internal.runners.model.ReflectiveCallable.run(ReflectiveCallable.java:12)
	at org.springframework.test.context.junit4.SpringJUnit4ClassRunner.methodBlock(SpringJUnit4ClassRunner.java:291)
	at org.springframework.test.context.junit4.SpringJUnit4ClassRunner.runChild(SpringJUnit4ClassRunner.java:246)
	at org.springframework.test.context.junit4.SpringJUnit4ClassRunner.runChild(SpringJUnit4ClassRunner.java:97)
	at org.junit.runners.ParentRunner$3.run(ParentRunner.java:290)
	at org.junit.runners.ParentRunner$1.schedule(ParentRunner.java:71)
	at org.junit.runners.ParentRunner.runChildren(ParentRunner.java:288)
	at org.junit.runners.ParentRunner.access$000(ParentRunner.java:58)
	at org.junit.runners.ParentRunner$2.evaluate(ParentRunner.java:268)
	at org.springframework.test.context.junit4.statements.RunBeforeTestClassCallbacks.evaluate(RunBeforeTestClassCallbacks.java:61)
	at org.springframework.test.context.junit4.statements.RunAfterTestClassCallbacks.evaluate(RunAfterTestClassCallbacks.java:70)
	at org.junit.runners.ParentRunner.run(ParentRunner.java:363)
	at org.springframework.test.context.junit4.SpringJUnit4ClassRunner.run(SpringJUnit4ClassRunner.java:190)
	at org.apache.maven.surefire.junit4.JUnit4Provider.execute(JUnit4Provider.java:365)
	at org.apache.maven.surefire.junit4.JUnit4Provider.executeWithRerun(JUnit4Provider.java:273)
	at org.apache.maven.surefire.junit4.JUnit4Provider.executeTestSet(JUnit4Provider.java:238)
	at org.apache.maven.surefire.junit4.JUnit4Provider.invoke(JUnit4Provider.java:159)
	at org.apache.maven.surefire.booter.ForkedBooter.invokeProviderInSameClassLoader(ForkedBooter.java:384)
	at org.apache.maven.surefire.booter.ForkedBooter.runSuitesInProcess(ForkedBooter.java:345)
	at org.apache.maven.surefire.booter.ForkedBooter.execute(ForkedBooter.java:126)
	at org.apache.maven.surefire.booter.ForkedBooter.main(ForkedBooter.java:418)
Caused by: org.springframework.beans.factory.BeanCreationException: Error creating bean with name 'esmoMetadataServiceImpl' defined in file [/home/nikos/NetBeansProjects/ESMO-AP-TEST/target/classes/esmo/test/ap/apms/service/impl/EsmoMetadataServiceImpl.class]: Bean instantiation via constructor failed; nested exception is org.springframework.beans.BeanInstantiationException: Failed to instantiate [esmo.test.ap.apms.service.impl.EsmoMetadataServiceImpl]: Constructor threw exception; nested exception is java.lang.NullPointerException
	at org.springframework.beans.factory.support.ConstructorResolver.instantiate(ConstructorResolver.java:304)
	at org.springframework.beans.factory.support.ConstructorResolver.autowireConstructor(ConstructorResolver.java:285)
	at org.springframework.beans.factory.support.AbstractAutowireCapableBeanFactory.autowireConstructor(AbstractAutowireCapableBeanFactory.java:1325)
	at org.springframework.beans.factory.support.AbstractAutowireCapableBeanFactory.createBeanInstance(AbstractAutowireCapableBeanFactory.java:1171)
	at org.springframework.beans.factory.support.AbstractAutowireCapableBeanFactory.doCreateBean(AbstractAutowireCapableBeanFactory.java:555)
	at org.springframework.beans.factory.support.AbstractAutowireCapableBeanFactory.createBean(AbstractAutowireCapableBeanFactory.java:515)
	at org.springframework.beans.factory.support.AbstractBeanFactory.lambda$doGetBean$0(AbstractBeanFactory.java:320)
	at org.springframework.beans.factory.support.DefaultSingletonBeanRegistry.getSingleton(DefaultSingletonBeanRegistry.java:222)
	at org.springframework.beans.factory.support.AbstractBeanFactory.doGetBean(AbstractBeanFactory.java:318)
	at org.springframework.beans.factory.support.AbstractBeanFactory.getBean(AbstractBeanFactory.java:199)
	at org.springframework.beans.factory.config.DependencyDescriptor.resolveCandidate(DependencyDescriptor.java:277)
	at org.springframework.beans.factory.support.DefaultListableBeanFactory.doResolveDependency(DefaultListableBeanFactory.java:1247)
	at org.springframework.beans.factory.support.DefaultListableBeanFactory.resolveDependency(DefaultListableBeanFactory.java:1167)
	at org.springframework.beans.factory.support.ConstructorResolver.resolveAutowiredArgument(ConstructorResolver.java:857)
	at org.springframework.beans.factory.support.ConstructorResolver.createArgumentArray(ConstructorResolver.java:760)
	... 45 common frames omitted
Caused by: org.springframework.beans.BeanInstantiationException: Failed to instantiate [esmo.test.ap.apms.service.impl.EsmoMetadataServiceImpl]: Constructor threw exception; nested exception is java.lang.NullPointerException
	at org.springframework.beans.BeanUtils.instantiateClass(BeanUtils.java:184)
	at org.springframework.beans.factory.support.SimpleInstantiationStrategy.instantiate(SimpleInstantiationStrategy.java:117)
	at org.springframework.beans.factory.support.ConstructorResolver.instantiate(ConstructorResolver.java:300)
	... 59 common frames omitted
Caused by: java.lang.NullPointerException: null
	at sun.security.provider.JavaKeyStore$JKS.convertAlias(JavaKeyStore.java:58)
	at sun.security.provider.JavaKeyStore.engineGetCertificate(JavaKeyStore.java:190)
	at sun.security.provider.JavaKeyStore$JKS.engineGetCertificate(JavaKeyStore.java:56)
	at sun.security.provider.KeyStoreDelegator.engineGetCertificate(KeyStoreDelegator.java:106)
	at sun.security.provider.JavaKeyStore$DualFormatJKS.engineGetCertificate(JavaKeyStore.java:70)
	at java.security.KeyStore.getCertificate(KeyStore.java:1081)
	at esmo.test.ap.apms.service.impl.KeyStoreServiceImpl.getHttpSigPublicKey(KeyStoreServiceImpl.java:91)
	at esmo.test.ap.apms.service.impl.EsmoMetadataServiceImpl.<init>(EsmoMetadataServiceImpl.java:51)
	at sun.reflect.NativeConstructorAccessorImpl.newInstance0(Native Method)
	at sun.reflect.NativeConstructorAccessorImpl.newInstance(NativeConstructorAccessorImpl.java:62)
	at sun.reflect.DelegatingConstructorAccessorImpl.newInstance(DelegatingConstructorAccessorImpl.java:45)
	at java.lang.reflect.Constructor.newInstance(Constructor.java:423)
	at org.springframework.beans.BeanUtils.instantiateClass(BeanUtils.java:172)
	... 61 common frames omitted
2019-04-08 21:22:55,845 ERROR org.springframework.test.context.TestContextManager [main] Caught exception while allowing TestExecutionListener [org.springframework.test.context.web.ServletTestExecutionListener@1189dd52] to prepare test instance [esmo.test.ap.apms.service.TestMinEduService@6f099cef]
java.lang.IllegalStateException: Failed to load ApplicationContext
	at org.springframework.test.context.cache.DefaultCacheAwareContextLoaderDelegate.loadContext(DefaultCacheAwareContextLoaderDelegate.java:125)
	at org.springframework.test.context.support.DefaultTestContext.getApplicationContext(DefaultTestContext.java:108)
	at org.springframework.test.context.web.ServletTestExecutionListener.setUpRequestContextIfNecessary(ServletTestExecutionListener.java:190)
	at org.springframework.test.context.web.ServletTestExecutionListener.prepareTestInstance(ServletTestExecutionListener.java:132)
	at org.springframework.test.context.TestContextManager.prepareTestInstance(TestContextManager.java:246)
	at org.springframework.test.context.junit4.SpringJUnit4ClassRunner.createTest(SpringJUnit4ClassRunner.java:227)
	at org.springframework.test.context.junit4.SpringJUnit4ClassRunner$1.runReflectiveCall(SpringJUnit4ClassRunner.java:289)
	at org.junit.internal.runners.model.ReflectiveCallable.run(ReflectiveCallable.java:12)
	at org.springframework.test.context.junit4.SpringJUnit4ClassRunner.methodBlock(SpringJUnit4ClassRunner.java:291)
	at org.springframework.test.context.junit4.SpringJUnit4ClassRunner.runChild(SpringJUnit4ClassRunner.java:246)
	at org.springframework.test.context.junit4.SpringJUnit4ClassRunner.runChild(SpringJUnit4ClassRunner.java:97)
	at org.junit.runners.ParentRunner$3.run(ParentRunner.java:290)
	at org.junit.runners.ParentRunner$1.schedule(ParentRunner.java:71)
	at org.junit.runners.ParentRunner.runChildren(ParentRunner.java:288)
	at org.junit.runners.ParentRunner.access$000(ParentRunner.java:58)
	at org.junit.runners.ParentRunner$2.evaluate(ParentRunner.java:268)
	at org.springframework.test.context.junit4.statements.RunBeforeTestClassCallbacks.evaluate(RunBeforeTestClassCallbacks.java:61)
	at org.springframework.test.context.junit4.statements.RunAfterTestClassCallbacks.evaluate(RunAfterTestClassCallbacks.java:70)
	at org.junit.runners.ParentRunner.run(ParentRunner.java:363)
	at org.springframework.test.context.junit4.SpringJUnit4ClassRunner.run(SpringJUnit4ClassRunner.java:190)
	at org.apache.maven.surefire.junit4.JUnit4Provider.execute(JUnit4Provider.java:365)
	at org.apache.maven.surefire.junit4.JUnit4Provider.executeWithRerun(JUnit4Provider.java:273)
	at org.apache.maven.surefire.junit4.JUnit4Provider.executeTestSet(JUnit4Provider.java:238)
	at org.apache.maven.surefire.junit4.JUnit4Provider.invoke(JUnit4Provider.java:159)
	at org.apache.maven.surefire.booter.ForkedBooter.invokeProviderInSameClassLoader(ForkedBooter.java:384)
	at org.apache.maven.surefire.booter.ForkedBooter.runSuitesInProcess(ForkedBooter.java:345)
	at org.apache.maven.surefire.booter.ForkedBooter.execute(ForkedBooter.java:126)
	at org.apache.maven.surefire.booter.ForkedBooter.main(ForkedBooter.java:418)
Caused by: org.springframework.beans.factory.UnsatisfiedDependencyException: Error creating bean with name 'controllers' defined in file [/home/nikos/NetBeansProjects/ESMO-AP-TEST/target/classes/esmo/test/ap/apms/controllers/Controllers.class]: Unsatisfied dependency expressed through constructor parameter 2; nested exception is org.springframework.beans.factory.BeanCreationException: Error creating bean with name 'esmoMetadataServiceImpl' defined in file [/home/nikos/NetBeansProjects/ESMO-AP-TEST/target/classes/esmo/test/ap/apms/service/impl/EsmoMetadataServiceImpl.class]: Bean instantiation via constructor failed; nested exception is org.springframework.beans.BeanInstantiationException: Failed to instantiate [esmo.test.ap.apms.service.impl.EsmoMetadataServiceImpl]: Constructor threw exception; nested exception is java.lang.NullPointerException
	at org.springframework.beans.factory.support.ConstructorResolver.createArgumentArray(ConstructorResolver.java:769)
	at org.springframework.beans.factory.support.ConstructorResolver.autowireConstructor(ConstructorResolver.java:218)
	at org.springframework.beans.factory.support.AbstractAutowireCapableBeanFactory.autowireConstructor(AbstractAutowireCapableBeanFactory.java:1325)
	at org.springframework.beans.factory.support.AbstractAutowireCapableBeanFactory.createBeanInstance(AbstractAutowireCapableBeanFactory.java:1171)
	at org.springframework.beans.factory.support.AbstractAutowireCapableBeanFactory.doCreateBean(AbstractAutowireCapableBeanFactory.java:555)
	at org.springframework.beans.factory.support.AbstractAutowireCapableBeanFactory.createBean(AbstractAutowireCapableBeanFactory.java:515)
	at org.springframework.beans.factory.support.AbstractBeanFactory.lambda$doGetBean$0(AbstractBeanFactory.java:320)
	at org.springframework.beans.factory.support.DefaultSingletonBeanRegistry.getSingleton(DefaultSingletonBeanRegistry.java:222)
	at org.springframework.beans.factory.support.AbstractBeanFactory.doGetBean(AbstractBeanFactory.java:318)
	at org.springframework.beans.factory.support.AbstractBeanFactory.getBean(AbstractBeanFactory.java:199)
	at org.springframework.beans.factory.support.DefaultListableBeanFactory.preInstantiateSingletons(DefaultListableBeanFactory.java:849)
	at org.springframework.context.support.AbstractApplicationContext.finishBeanFactoryInitialization(AbstractApplicationContext.java:877)
	at org.springframework.context.support.AbstractApplicationContext.refresh(AbstractApplicationContext.java:549)
	at org.springframework.boot.SpringApplication.refresh(SpringApplication.java:775)
	at org.springframework.boot.SpringApplication.refreshContext(SpringApplication.java:397)
	at org.springframework.boot.SpringApplication.run(SpringApplication.java:316)
	at org.springframework.boot.test.context.SpringBootContextLoader.loadContext(SpringBootContextLoader.java:127)
	at org.springframework.test.context.cache.DefaultCacheAwareContextLoaderDelegate.loadContextInternal(DefaultCacheAwareContextLoaderDelegate.java:99)
	at org.springframework.test.context.cache.DefaultCacheAwareContextLoaderDelegate.loadContext(DefaultCacheAwareContextLoaderDelegate.java:117)
	... 27 common frames omitted
Caused by: org.springframework.beans.factory.BeanCreationException: Error creating bean with name 'esmoMetadataServiceImpl' defined in file [/home/nikos/NetBeansProjects/ESMO-AP-TEST/target/classes/esmo/test/ap/apms/service/impl/EsmoMetadataServiceImpl.class]: Bean instantiation via constructor failed; nested exception is org.springframework.beans.BeanInstantiationException: Failed to instantiate [esmo.test.ap.apms.service.impl.EsmoMetadataServiceImpl]: Constructor threw exception; nested exception is java.lang.NullPointerException
	at org.springframework.beans.factory.support.ConstructorResolver.instantiate(ConstructorResolver.java:304)
	at org.springframework.beans.factory.support.ConstructorResolver.autowireConstructor(ConstructorResolver.java:285)
	at org.springframework.beans.factory.support.AbstractAutowireCapableBeanFactory.autowireConstructor(AbstractAutowireCapableBeanFactory.java:1325)
	at org.springframework.beans.factory.support.AbstractAutowireCapableBeanFactory.createBeanInstance(AbstractAutowireCapableBeanFactory.java:1171)
	at org.springframework.beans.factory.support.AbstractAutowireCapableBeanFactory.doCreateBean(AbstractAutowireCapableBeanFactory.java:555)
	at org.springframework.beans.factory.support.AbstractAutowireCapableBeanFactory.createBean(AbstractAutowireCapableBeanFactory.java:515)
	at org.springframework.beans.factory.support.AbstractBeanFactory.lambda$doGetBean$0(AbstractBeanFactory.java:320)
	at org.springframework.beans.factory.support.DefaultSingletonBeanRegistry.getSingleton(DefaultSingletonBeanRegistry.java:222)
	at org.springframework.beans.factory.support.AbstractBeanFactory.doGetBean(AbstractBeanFactory.java:318)
	at org.springframework.beans.factory.support.AbstractBeanFactory.getBean(AbstractBeanFactory.java:199)
	at org.springframework.beans.factory.config.DependencyDescriptor.resolveCandidate(DependencyDescriptor.java:277)
	at org.springframework.beans.factory.support.DefaultListableBeanFactory.doResolveDependency(DefaultListableBeanFactory.java:1247)
	at org.springframework.beans.factory.support.DefaultListableBeanFactory.resolveDependency(DefaultListableBeanFactory.java:1167)
	at org.springframework.beans.factory.support.ConstructorResolver.resolveAutowiredArgument(ConstructorResolver.java:857)
	at org.springframework.beans.factory.support.ConstructorResolver.createArgumentArray(ConstructorResolver.java:760)
	... 45 common frames omitted
Caused by: org.springframework.beans.BeanInstantiationException: Failed to instantiate [esmo.test.ap.apms.service.impl.EsmoMetadataServiceImpl]: Constructor threw exception; nested exception is java.lang.NullPointerException
	at org.springframework.beans.BeanUtils.instantiateClass(BeanUtils.java:184)
	at org.springframework.beans.factory.support.SimpleInstantiationStrategy.instantiate(SimpleInstantiationStrategy.java:117)
	at org.springframework.beans.factory.support.ConstructorResolver.instantiate(ConstructorResolver.java:300)
	... 59 common frames omitted
Caused by: java.lang.NullPointerException: null
	at sun.security.provider.JavaKeyStore$JKS.convertAlias(JavaKeyStore.java:58)
	at sun.security.provider.JavaKeyStore.engineGetCertificate(JavaKeyStore.java:190)
	at sun.security.provider.JavaKeyStore$JKS.engineGetCertificate(JavaKeyStore.java:56)
	at sun.security.provider.KeyStoreDelegator.engineGetCertificate(KeyStoreDelegator.java:106)
	at sun.security.provider.JavaKeyStore$DualFormatJKS.engineGetCertificate(JavaKeyStore.java:70)
	at java.security.KeyStore.getCertificate(KeyStore.java:1081)
	at esmo.test.ap.apms.service.impl.KeyStoreServiceImpl.getHttpSigPublicKey(KeyStoreServiceImpl.java:91)
	at esmo.test.ap.apms.service.impl.EsmoMetadataServiceImpl.<init>(EsmoMetadataServiceImpl.java:51)
	at sun.reflect.NativeConstructorAccessorImpl.newInstance0(Native Method)
	at sun.reflect.NativeConstructorAccessorImpl.newInstance(NativeConstructorAccessorImpl.java:62)
	at sun.reflect.DelegatingConstructorAccessorImpl.newInstance(DelegatingConstructorAccessorImpl.java:45)
	at java.lang.reflect.Constructor.newInstance(Constructor.java:423)
	at org.springframework.beans.BeanUtils.instantiateClass(BeanUtils.java:172)
	... 61 common frames omitted
2019-04-08 21:22:55,990 INFO org.springframework.test.context.support.AbstractTestContextBootstrapper [main] Neither @ContextConfiguration nor @ContextHierarchy found for test class [esmo.test.ap.apms.ApmsApplicationTests], using SpringBootContextLoader
2019-04-08 21:22:55,991 INFO org.springframework.test.context.support.AbstractContextLoader [main] Could not detect default resource locations for test class [esmo.test.ap.apms.ApmsApplicationTests]: no resource found for suffixes {-context.xml, Context.groovy}.
2019-04-08 21:22:55,992 INFO org.springframework.test.context.support.AnnotationConfigContextLoaderUtils [main] Could not detect default configuration classes for test class [esmo.test.ap.apms.ApmsApplicationTests]: ApmsApplicationTests does not declare any static, non-private, non-final, nested classes annotated with @Configuration.
2019-04-08 21:22:56,010 INFO org.springframework.boot.test.context.SpringBootTestContextBootstrapper [main] Found @SpringBootConfiguration esmo.test.ap.apms.ApmsApplication for test class esmo.test.ap.apms.ApmsApplicationTests
2019-04-08 21:22:56,014 INFO org.springframework.test.context.support.AbstractTestContextBootstrapper [main] Loaded default TestExecutionListener class names from location [META-INF/spring.factories]: [org.springframework.boot.test.mock.mockito.MockitoTestExecutionListener, org.springframework.boot.test.mock.mockito.ResetMocksTestExecutionListener, org.springframework.boot.test.autoconfigure.restdocs.RestDocsTestExecutionListener, org.springframework.boot.test.autoconfigure.web.client.MockRestServiceServerResetTestExecutionListener, org.springframework.boot.test.autoconfigure.web.servlet.MockMvcPrintOnlyOnFailureTestExecutionListener, org.springframework.boot.test.autoconfigure.web.servlet.WebDriverTestExecutionListener, org.springframework.test.context.web.ServletTestExecutionListener, org.springframework.test.context.support.DirtiesContextBeforeModesTestExecutionListener, org.springframework.test.context.support.DependencyInjectionTestExecutionListener, org.springframework.test.context.support.DirtiesContextTestExecutionListener, org.springframework.test.context.transaction.TransactionalTestExecutionListener, org.springframework.test.context.jdbc.SqlScriptsTestExecutionListener]
2019-04-08 21:22:56,029 INFO org.springframework.test.context.support.AbstractTestContextBootstrapper [main] Using TestExecutionListeners: [org.springframework.test.context.web.ServletTestExecutionListener@aa004a0, org.springframework.test.context.support.DirtiesContextBeforeModesTestExecutionListener@4c98a6d5, org.springframework.boot.test.mock.mockito.MockitoTestExecutionListener@392a04e7, org.springframework.boot.test.autoconfigure.SpringBootDependencyInjectionTestExecutionListener@7f02251, org.springframework.test.context.support.DirtiesContextTestExecutionListener@dffa30b, org.springframework.boot.test.mock.mockito.ResetMocksTestExecutionListener@4d8126f, org.springframework.boot.test.autoconfigure.restdocs.RestDocsTestExecutionListener@6d3c232f, org.springframework.boot.test.autoconfigure.web.client.MockRestServiceServerResetTestExecutionListener@6b587673, org.springframework.boot.test.autoconfigure.web.servlet.MockMvcPrintOnlyOnFailureTestExecutionListener@1bcf67e8, org.springframework.boot.test.autoconfigure.web.servlet.WebDriverTestExecutionListener@5f404594]
2019-04-08 21:22:56,114 INFO org.springframework.boot.StartupInfoLogger [main] Starting ApmsApplicationTests on nikos-Lenovo-V310-15IKB with PID 11475 (started by nikos in /home/nikos/NetBeansProjects/ESMO-AP-TEST)
2019-04-08 21:22:56,114 INFO org.springframework.boot.SpringApplication [main] The following profiles are active: test
2019-04-08 21:22:57,056 INFO com.google.code.ssm.config.DefaultAddressProvider [main] Defined values 172.17.0.1:11211 will be used as memcached addresses
2019-04-08 21:22:57,750 INFO org.springframework.scheduling.concurrent.ExecutorConfigurationSupport [main] Initializing ExecutorService 'applicationTaskExecutor'
2019-04-08 21:22:58,230 INFO org.springframework.boot.StartupInfoLogger [main] Started ApmsApplicationTests in 2.193 seconds (JVM running for 5.323)
2019-04-08 21:22:58,253 INFO org.springframework.test.context.support.AbstractTestContextBootstrapper [main] Neither @ContextConfiguration nor @ContextHierarchy found for test class [esmo.test.ap.apms.integration.TestSessisonManagerConnection], using SpringBootContextLoader
2019-04-08 21:22:58,254 INFO org.springframework.test.context.support.AbstractContextLoader [main] Could not detect default resource locations for test class [esmo.test.ap.apms.integration.TestSessisonManagerConnection]: no resource found for suffixes {-context.xml, Context.groovy}.
2019-04-08 21:22:58,270 INFO org.springframework.test.context.support.AbstractTestContextBootstrapper [main] Loaded default TestExecutionListener class names from location [META-INF/spring.factories]: [org.springframework.boot.test.mock.mockito.MockitoTestExecutionListener, org.springframework.boot.test.mock.mockito.ResetMocksTestExecutionListener, org.springframework.boot.test.autoconfigure.restdocs.RestDocsTestExecutionListener, org.springframework.boot.test.autoconfigure.web.client.MockRestServiceServerResetTestExecutionListener, org.springframework.boot.test.autoconfigure.web.servlet.MockMvcPrintOnlyOnFailureTestExecutionListener, org.springframework.boot.test.autoconfigure.web.servlet.WebDriverTestExecutionListener, org.springframework.test.context.web.ServletTestExecutionListener, org.springframework.test.context.support.DirtiesContextBeforeModesTestExecutionListener, org.springframework.test.context.support.DependencyInjectionTestExecutionListener, org.springframework.test.context.support.DirtiesContextTestExecutionListener, org.springframework.test.context.transaction.TransactionalTestExecutionListener, org.springframework.test.context.jdbc.SqlScriptsTestExecutionListener]
2019-04-08 21:22:58,271 INFO org.springframework.test.context.support.AbstractTestContextBootstrapper [main] Using TestExecutionListeners: [org.springframework.test.context.web.ServletTestExecutionListener@631cb129, org.springframework.test.context.support.DirtiesContextBeforeModesTestExecutionListener@3d20e575, org.springframework.boot.test.mock.mockito.MockitoTestExecutionListener@3252747e, org.springframework.boot.test.autoconfigure.SpringBootDependencyInjectionTestExecutionListener@2b4b96a4, org.springframework.test.context.support.DirtiesContextTestExecutionListener@2dd8ff1d, org.springframework.boot.test.mock.mockito.ResetMocksTestExecutionListener@17e9bc9e, org.springframework.boot.test.autoconfigure.restdocs.RestDocsTestExecutionListener@36b9cb99, org.springframework.boot.test.autoconfigure.web.client.MockRestServiceServerResetTestExecutionListener@4130955c, org.springframework.boot.test.autoconfigure.web.servlet.MockMvcPrintOnlyOnFailureTestExecutionListener@2bfaba70, org.springframework.boot.test.autoconfigure.web.servlet.WebDriverTestExecutionListener@71adfedd]
2019-04-08 21:22:58,312 INFO org.springframework.boot.StartupInfoLogger [main] Starting TestSessisonManagerConnection on nikos-Lenovo-V310-15IKB with PID 11475 (started by nikos in /home/nikos/NetBeansProjects/ESMO-AP-TEST)
2019-04-08 21:22:58,313 INFO org.springframework.boot.SpringApplication [main] The following profiles are active: test
2019-04-08 21:22:58,639 INFO com.google.code.ssm.config.DefaultAddressProvider [main] Defined values 172.17.0.1:11211 will be used as memcached addresses
2019-04-08 21:22:59,025 INFO org.springframework.scheduling.concurrent.ExecutorConfigurationSupport [main] Initializing ExecutorService 'applicationTaskExecutor'
2019-04-08 21:22:59,327 INFO org.springframework.mock.web.MockServletContext [main] Initializing Spring TestDispatcherServlet ''
2019-04-08 21:22:59,330 INFO org.springframework.web.servlet.FrameworkServlet [main] Initializing Servlet ''
2019-04-08 21:22:59,348 INFO org.springframework.web.servlet.FrameworkServlet [main] Completed initialization in 15 ms
2019-04-08 21:22:59,380 INFO org.springframework.boot.StartupInfoLogger [main] Started TestSessisonManagerConnection in 1.105 seconds (JVM running for 6.472)
2019-04-08 21:23:01,599 INFO com.google.code.ssm.spring.SSMCache [main] Put '{"code":"OK","sessionData":{"sessionId":"d9d4160b-abb7-4711-8c03-da47bebc02f7","sessionVariables":{"authenticationSet":"{\"id\":\"id\",\"type\":\"Response\",\"issuer\":\"issuer\",\"recipient\":\"recipient\",\"attributes\":[{\"name\":\"http://eidas.europa.eu/attributes/naturalperson/CurrentFamilyName\",\"friendlyName\":\"FamilyName\",\"encoding\":\"UTF-8\",\"language\":\"N/A\",\"isMandatory\":true,\"values\":[\"PAPAGEORGIOU\"]},{\"name\":\"http://eidas.europa.eu/attributes/naturalperson/CurrentGivenName\",\"friendlyName\":\"FirstName\",\"encoding\":\"UTF-8\",\"language\":\"N/A\",\"isMandatory\":true,\"values\":[\"MARIA\"]},{\"name\":\"http://eidas.europa.eu/attributes/naturalperson/DateOfBirth\",\"friendlyName\":\"DateOfBirth\",\"encoding\":\"UTF-8\",\"language\":\"N/A\",\"isMandatory\":true,\"values\":[\"1966-01-01\"]},{\"name\":\"http://eidas.europa.eu/attributes/naturalperson/PersonIdentifier\",\"friendlyName\":\"PersonIdentifier\",\"encoding\":\"UTF-8\",\"language\":\"N/A\",\"isMandatory\":true,\"values\":[\"CA/CA/Cph123456\"]}],\"properties\":{\"NameID\":\"CA/CA/Cph123456\",\"levelOfAssurance\":\"http://eidas.europa.eu/LoA/low\"},\"inResponseTo\":null,\"loa\":\"low\",\"notBefore\":null,\"notAfter\":null,\"status\":{\"code\":\"OK\",\"subcode\":null,\"message\":null}}","apRequest":" { \"issuer\" : \"https://uaegen.gr/ap/123/metadata.xml\", \"type\" : \"Response\", \"recipient\" : \"https://esmo.uji.es/gw/saml/sp/metadata.xml\", \"id\" : \"6c0f70a8-f32b-4535-b5f6-0d596c52813a\", \"status\": { \"code\": \"OK\", \"subcode\": \"200\", \"message\": \"IMOKUROK\" }, \"attributes\" : [ { \"name\":\"https://software.internet2.edu/eduperson/internet2-mace-dir-eduperson-201602.html#eduPersonPrimaryAffiliation\", \"friendlyName\":\"eduPersonPrimaryAffiliation\", \"encoding\":\"UTF-8\", \"language\":null, \"isMandatory\":false, \"values\": [\"student\"] }, { \"name\":\"https://wiki.refeds.org/download/attachments/1606048/schac-20150413-1.5.0.schema.txt?version=1&modificationDate=1429044813839&api=v2#schacHomeOrganization\", \"friendlyName\":\"schacHomeOrganization\", \"encoding\":\"UTF-8\", \"language\":null, \"isMandatory\":false, \"values\": [\"aegean.gr\"] } ], \"properties\" :  { \"inResponseTo\":\"9c0f30a8-f32b-4636-b5f6-0d596c42424a\" }  }","spMetaData":"{\"entityId\":\"https:\\/\\/clave.sir2.rediris.es\\/module.php\\/saml\\/sp\\/saml2-acs.php\\/q2891006e_ea0002678\",\"defaultDisplayName\":null,\"displayNames\":null,\"logo\":null,\"location\":null,\"protocol\":null,\"claims\":null,\"microservice\":[\"SAMLms_0001\"],\"encryptResponses\":false,\"supportedEncryptionAlg\":[null],\"signResponses\":null,\"supportedSigningAlg\":[null],\"endpoints\":[{\"type\":\"AssertionConsumerService\",\"method\":\"urn:oasis:names:tc:SAML:2.0:bindings:HTTP-POST\",\"url\":\"http:\\/\\/lab9054.inv.uji.es\\/~paco\\/clave\\/secure.php\"}],\"securityKeys\":[{\"keyType\":\"X509Certificate\",\"usage\":\"encryption\",\"key\":\"MIIDODCCAqGgAwIBAgIJAMqU+wr6z\\/l5MA0GCSqGSIb3DQEBCwUAMIG0MRUwEwYKCZImiZPyLGQBGRYFY2xhdmUxFDASBgoJkiaJk\\/IsZAEZFgRzaXIyMRcwFQYKCZImiZPyLGQBGRYHcmVkaXJpczESMBAGCgmSJomT8ixkARkWAmVzMR4wHAYDVQQKDBVjbGF2ZS5zaXIyLnJlZGlyaXMuZXMxGDAWBgNVBAsMD0NlcnRpZmljYWRvIFNQVDEeMBwGA1UEAwwVY2xhdmUuc2lyMi5yZWRpcmlzLmVzMB4XDTE1MDkwMjExNTI0MVoXDTI1MDkwMTExNTI0MVowgbQxFTATBgoJkiaJk\\/IsZAEZFgVjbGF2ZTEUMBIGCgmSJomT8ixkARkWBHNpcjIxFzAVBgoJkiaJk\\/IsZAEZFgdyZWRpcmlzMRIwEAYKCZImiZPyLGQBGRYCZXMxHjAcBgNVBAoMFWNsYXZlLnNpcjIucmVkaXJpcy5lczEYMBYGA1UECwwPQ2VydGlmaWNhZG8gU1BUMR4wHAYDVQQDDBVjbGF2ZS5zaXIyLnJlZGlyaXMuZXMwgZ8wDQYJKoZIhvcNAQEBBQADgY0AMIGJAoGBAOtBus8tyx2JFH4ILKRfvnJ+Eyb0UG1wOZm0hMutS0MvNQuvBZVytR8lVMFqlRX7U1+FP6O10c2GDniuom3v01uq2guHlu8omR3Tj54ySJf4y7m4b42i8iU+uy3ZK7voPHcyB\\/zKEDnDxVc5KmtioLuk\\/3M9Ofz+Xsed3yCCfMb1AgMBAAGjUDBOMB0GA1UdDgQWBBSSe7SJPTtSLi+ObAQD\\/8QhvORUPzAfBgNVHSMEGDAWgBSSe7SJPTtSLi+ObAQD\\/8QhvORUPzAMBgNVHRMEBTADAQH\\/MA0GCSqGSIb3DQEBCwUAA4GBAF7Md4GMmPl92hUBq1LOOM4Jl6J\\/nHSYLkb3SYvQUyiHOcsU2NaXCg6QlrJf9T+kG3XdAv550cNhLtkbiF2stnQByX1OHPY9kIudyQ3\\/c7DHFRfi3kkBzL4T1AGdn9PvzpQGtDL3owLsI3H5smfhA8ApogJkB5C7gzj6U9m1ZAYz\"},{\"keyType\":\"X509Certificate\",\"usage\":\"signing\",\"key\":\"MIIDODCCAqGgAwIBAgIJAMqU+wr6z\\/l5MA0GCSqGSIb3DQEBCwUAMIG0MRUwEwYKCZImiZPyLGQBGRYFY2xhdmUxFDASBgoJkiaJk\\/IsZAEZFgRzaXIyMRcwFQYKCZImiZPyLGQBGRYHcmVkaXJpczESMBAGCgmSJomT8ixkARkWAmVzMR4wHAYDVQQKDBVjbGF2ZS5zaXIyLnJlZGlyaXMuZXMxGDAWBgNVBAsMD0NlcnRpZmljYWRvIFNQVDEeMBwGA1UEAwwVY2xhdmUuc2lyMi5yZWRpcmlzLmVzMB4XDTE1MDkwMjExNTI0MVoXDTI1MDkwMTExNTI0MVowgbQxFTATBgoJkiaJk\\/IsZAEZFgVjbGF2ZTEUMBIGCgmSJomT8ixkARkWBHNpcjIxFzAVBgoJkiaJk\\/IsZAEZFgdyZWRpcmlzMRIwEAYKCZImiZPyLGQBGRYCZXMxHjAcBgNVBAoMFWNsYXZlLnNpcjIucmVkaXJpcy5lczEYMBYGA1UECwwPQ2VydGlmaWNhZG8gU1BUMR4wHAYDVQQDDBVjbGF2ZS5zaXIyLnJlZGlyaXMuZXMwgZ8wDQYJKoZIhvcNAQEBBQADgY0AMIGJAoGBAOtBus8tyx2JFH4ILKRfvnJ+Eyb0UG1wOZm0hMutS0MvNQuvBZVytR8lVMFqlRX7U1+FP6O10c2GDniuom3v01uq2guHlu8omR3Tj54ySJf4y7m4b42i8iU+uy3ZK7voPHcyB\\/zKEDnDxVc5KmtioLuk\\/3M9Ofz+Xsed3yCCfMb1AgMBAAGjUDBOMB0GA1UdDgQWBBSSe7SJPTtSLi+ObAQD\\/8QhvORUPzAfBgNVHSMEGDAWgBSSe7SJPTtSLi+ObAQD\\/8QhvORUPzAMBgNVHRMEBTADAQH\\/MA0GCSqGSIb3DQEBCwUAA4GBAF7Md4GMmPl92hUBq1LOOM4Jl6J\\/nHSYLkb3SYvQUyiHOcsU2NaXCg6QlrJf9T+kG3XdAv550cNhLtkbiF2stnQByX1OHPY9kIudyQ3\\/c7DHFRfi3kkBzL4T1AGdn9PvzpQGtDL3owLsI3H5smfhA8ApogJkB5C7gzj6U9m1ZAYz\"}],\"otherData\":{\"dialect\":\"eidas\",\"subdialect\":\"eidas\",\"spApplication\":\"q12345678a_ea0004242\",\"issuer\":null,\"sign.logout\":null,\"redirect.sign\":null,\"redirect.validate\":null}}","spRequest":"{\"id\":\"_d645d111cf100dfa46ace16ed3b208f0f2e867db83\",\"type\":\"Request\",\"issuer\":\"https:\\/\\/clave.sir2.rediris.es\\/module.php\\/saml\\/sp\\/saml2-acs.php\\/q2891006e_ea0002678\",\"recipient\":null,\"inResponseTo\":null,\"loa\":\"http:\\/\\/eidas.europa.eu\\/LoA\\/low\",\"notBefore\":\"2019-03-05T15:11:41Z\",\"notAfter\":\"2019-03-05T15:16:41Z\",\"status\":{\"code\":null,\"subcode\":null,\"message\":null},\"attributes\":[{\"name\":\"http:\\/\\/eidas.europa.eu\\/attributes\\/naturalperson\\/PersonIdentifier\",\"friendlyName\":\"PersonIdentifier\",\"encoding\":null,\"language\":null,\"isMandatory\":true,\"values\":null},{\"name\":\"http:\\/\\/eidas.europa.eu\\/attributes\\/naturalperson\\/CurrentGivenName\",\"friendlyName\":\"FirstName\",\"encoding\":null,\"language\":null,\"isMandatory\":true,\"values\":null},{\"name\":\"http:\\/\\/eidas.europa.eu\\/attributes\\/naturalperson\\/CurrentFamilyName\",\"friendlyName\":\"FamilyName\",\"encoding\":null,\"language\":null,\"isMandatory\":true,\"values\":null}],\"properties\":{\"SAML_RelayState\":\"\",\"SAML_RemoteSP_RequestId\":\"_193600a923e1959d375e21fb3d216879\",\"SAML_ForceAuthn\":true,\"SAML_isPassive\":false,\"SAML_NameIDFormat\":\"urn:oasis:names:tc:SAML:2.0:nameid-format:persistent\",\"SAML_AllowCreate\":\"true\",\"SAML_ConsumerURL\":\"http:\\/\\/lab9054.inv.uji.es\\/~paco\\/clave\\/secure.php?aaaa=1&bbbb=2\",\"SAML_Binding\":\"urn:oasis:names:tc:SAML:2.0:bindings:HTTP-POST\",\"EIDAS_ProviderName\":\"ojetecalor_uojetecalor\",\"EIDAS_IdFormat\":\"urn:oasis:names:tc:SAML:2.0:nameid-format:persistent\",\"EIDAS_SPType\":\"public\",\"EIDAS_Comparison\":\"minimum\",\"EIDAS_LoA\":\"http:\\/\\/eidas.europa.eu\\/LoA\\/low\",\"EIDAS_country\":null}}","idpRequest":"{\"id\":\"id\",\"type\":\"Request\",\"issuer\":\"ACMms001\",\"recipient\":\"IDPms001\",\"attributes\":[{\"name\":\"someURI\",\"friendlyName\":\"CurrentFamilyName\",\"encoding\":\"UTF-8\",\"language\":\"en\",\"isMandatory\":true,\"values\":[null]},{\"name\":\"someURI\",\"friendlyName\":\"CurrentGivenName\",\"encoding\":\"UTF-8\",\"language\":\"en\",\"isMandatory\":true,\"values\":[null]}],\"properties\":{},\"inResponseTo\":null,\"loa\":\"low\",\"notBefore\":null,\"notAfter\":null,\"status\":null}"}},"additionalData":null,"error":null}' under key e4cd2bee-33a7-4ac8-9bf5-42d0f9154529 to cache ApMs
2019-04-08 21:23:02,074 INFO org.springframework.scheduling.concurrent.ExecutorConfigurationSupport [Thread-5] Shutting down ExecutorService 'applicationTaskExecutor'
2019-04-08 21:23:02,079 INFO org.springframework.scheduling.concurrent.ExecutorConfigurationSupport [Thread-9] Shutting down ExecutorService 'applicationTaskExecutor'
2019-04-08 21:24:07,202 INFO org.springframework.boot.StartupInfoLogger [main] Starting TestMinEduService on nikos-Lenovo-V310-15IKB with PID 11618 (started by nikos in /home/nikos/NetBeansProjects/ESMO-AP-TEST)
2019-04-08 21:24:07,205 INFO org.springframework.boot.SpringApplication [main] No active profile set, falling back to default profiles: default
2019-04-08 21:24:08,582 INFO com.google.code.ssm.config.DefaultAddressProvider [main] Defined values 172.17.0.1:11211 will be used as memcached addresses
2019-04-08 21:24:09,453 INFO org.springframework.scheduling.concurrent.ExecutorConfigurationSupport [main] Initializing ExecutorService 'applicationTaskExecutor'
2019-04-08 21:24:09,816 INFO org.springframework.boot.StartupInfoLogger [main] Started TestMinEduService in 2.984 seconds (JVM running for 3.804)
2019-04-08 21:24:09,991 INFO esmo.test.ap.apms.service.impl.MinEduServiceImpl [main] will get toke from theurl: https://validation.interoperability.gr:9443/OAUTH2Proxy_1.0.0/services/oauthproxy/authorization/token
2019-04-08 21:24:11,784 INFO esmo.test.ap.apms.service.impl.MinEduServiceImpl [main] retrieved token 8465eac7-a6df-355f-80bf-4c337e0cf031
2019-04-08 21:24:11,789 INFO esmo.test.ap.apms.service.impl.MinEduServiceImpl [main] querying for academicId 200260674408
2019-04-08 21:24:13,697 INFO esmo.test.ap.apms.service.impl.MinEduServiceImpl [main] will get toke from theurl: https://validation.interoperability.gr:9443/OAUTH2Proxy_1.0.0/services/oauthproxy/authorization/token
2019-04-08 21:24:15,122 INFO esmo.test.ap.apms.service.impl.MinEduServiceImpl [main] retrieved token 8465eac7-a6df-355f-80bf-4c337e0cf031
2019-04-08 21:24:15,124 INFO esmo.test.ap.apms.service.impl.MinEduServiceImpl [main] querying for amka 05108304675
2019-04-08 21:24:15,125 INFO esmo.test.ap.apms.service.impl.MinEduServiceImpl [main] will query amka in theurl: https://gateway.interoperability.gr/academicId/1.0.1/student/05108304675?fields=academicID&username=uaegean&password=k6v5sS4l1s!%
2019-04-08 21:24:15,941 INFO esmo.test.ap.apms.service.impl.MinEduServiceImpl [main] result 200260674408
2019-04-08 21:24:15,949 INFO esmo.test.ap.apms.service.impl.MinEduServiceImpl [main] will get toke from theurl: https://validation.interoperability.gr:9443/OAUTH2Proxy_1.0.0/services/oauthproxy/authorization/token
2019-04-08 21:24:17,109 INFO esmo.test.ap.apms.service.impl.MinEduServiceImpl [main] retrieved token 8465eac7-a6df-355f-80bf-4c337e0cf031
2019-04-08 21:24:17,110 INFO esmo.test.ap.apms.service.impl.MinEduServiceImpl [main] querying for amka 05108304675
2019-04-08 21:24:17,111 INFO esmo.test.ap.apms.service.impl.MinEduServiceImpl [main] will query amka in theurl: https://gateway.interoperability.gr/academicId/1.0.1/student/05108304675?fields=academicID&username=uaegean&password=k6v5sS4l1s!%
2019-04-08 21:24:17,989 INFO esmo.test.ap.apms.service.impl.MinEduServiceImpl [main] result 200260674408
2019-04-08 21:24:18,037 INFO org.springframework.test.context.support.AbstractTestContextBootstrapper [main] Neither @ContextConfiguration nor @ContextHierarchy found for test class [esmo.test.ap.apms.ApmsApplicationTests], using SpringBootContextLoader
2019-04-08 21:24:18,038 INFO org.springframework.test.context.support.AbstractContextLoader [main] Could not detect default resource locations for test class [esmo.test.ap.apms.ApmsApplicationTests]: no resource found for suffixes {-context.xml, Context.groovy}.
2019-04-08 21:24:18,039 INFO org.springframework.test.context.support.AnnotationConfigContextLoaderUtils [main] Could not detect default configuration classes for test class [esmo.test.ap.apms.ApmsApplicationTests]: ApmsApplicationTests does not declare any static, non-private, non-final, nested classes annotated with @Configuration.
2019-04-08 21:24:18,051 INFO org.springframework.boot.test.context.SpringBootTestContextBootstrapper [main] Found @SpringBootConfiguration esmo.test.ap.apms.ApmsApplication for test class esmo.test.ap.apms.ApmsApplicationTests
2019-04-08 21:24:18,053 INFO org.springframework.test.context.support.AbstractTestContextBootstrapper [main] Loaded default TestExecutionListener class names from location [META-INF/spring.factories]: [org.springframework.boot.test.mock.mockito.MockitoTestExecutionListener, org.springframework.boot.test.mock.mockito.ResetMocksTestExecutionListener, org.springframework.boot.test.autoconfigure.restdocs.RestDocsTestExecutionListener, org.springframework.boot.test.autoconfigure.web.client.MockRestServiceServerResetTestExecutionListener, org.springframework.boot.test.autoconfigure.web.servlet.MockMvcPrintOnlyOnFailureTestExecutionListener, org.springframework.boot.test.autoconfigure.web.servlet.WebDriverTestExecutionListener, org.springframework.test.context.web.ServletTestExecutionListener, org.springframework.test.context.support.DirtiesContextBeforeModesTestExecutionListener, org.springframework.test.context.support.DependencyInjectionTestExecutionListener, org.springframework.test.context.support.DirtiesContextTestExecutionListener, org.springframework.test.context.transaction.TransactionalTestExecutionListener, org.springframework.test.context.jdbc.SqlScriptsTestExecutionListener]
2019-04-08 21:24:18,065 INFO org.springframework.test.context.support.AbstractTestContextBootstrapper [main] Using TestExecutionListeners: [org.springframework.test.context.web.ServletTestExecutionListener@46349b95, org.springframework.test.context.support.DirtiesContextBeforeModesTestExecutionListener@176996c3, org.springframework.boot.test.mock.mockito.MockitoTestExecutionListener@411c6d44, org.springframework.boot.test.autoconfigure.SpringBootDependencyInjectionTestExecutionListener@1687eb01, org.springframework.test.context.support.DirtiesContextTestExecutionListener@748d2277, org.springframework.boot.test.mock.mockito.ResetMocksTestExecutionListener@2f897dab, org.springframework.boot.test.autoconfigure.restdocs.RestDocsTestExecutionListener@d5d5353, org.springframework.boot.test.autoconfigure.web.client.MockRestServiceServerResetTestExecutionListener@242b6e1a, org.springframework.boot.test.autoconfigure.web.servlet.MockMvcPrintOnlyOnFailureTestExecutionListener@39a87e72, org.springframework.boot.test.autoconfigure.web.servlet.WebDriverTestExecutionListener@5d2828c9]
2019-04-08 21:24:18,127 INFO org.springframework.boot.StartupInfoLogger [main] Starting ApmsApplicationTests on nikos-Lenovo-V310-15IKB with PID 11618 (started by nikos in /home/nikos/NetBeansProjects/ESMO-AP-TEST)
2019-04-08 21:24:18,128 INFO org.springframework.boot.SpringApplication [main] The following profiles are active: test
2019-04-08 21:24:18,742 INFO com.google.code.ssm.config.DefaultAddressProvider [main] Defined values 172.17.0.1:11211 will be used as memcached addresses
2019-04-08 21:24:19,116 INFO org.springframework.scheduling.concurrent.ExecutorConfigurationSupport [main] Initializing ExecutorService 'applicationTaskExecutor'
2019-04-08 21:24:19,340 INFO org.springframework.boot.StartupInfoLogger [main] Started ApmsApplicationTests in 1.263 seconds (JVM running for 13.328)
2019-04-08 21:24:19,348 INFO org.springframework.test.context.support.AbstractTestContextBootstrapper [main] Neither @ContextConfiguration nor @ContextHierarchy found for test class [esmo.test.ap.apms.integration.TestSessisonManagerConnection], using SpringBootContextLoader
2019-04-08 21:24:19,349 INFO org.springframework.test.context.support.AbstractContextLoader [main] Could not detect default resource locations for test class [esmo.test.ap.apms.integration.TestSessisonManagerConnection]: no resource found for suffixes {-context.xml, Context.groovy}.
2019-04-08 21:24:19,363 INFO org.springframework.test.context.support.AbstractTestContextBootstrapper [main] Loaded default TestExecutionListener class names from location [META-INF/spring.factories]: [org.springframework.boot.test.mock.mockito.MockitoTestExecutionListener, org.springframework.boot.test.mock.mockito.ResetMocksTestExecutionListener, org.springframework.boot.test.autoconfigure.restdocs.RestDocsTestExecutionListener, org.springframework.boot.test.autoconfigure.web.client.MockRestServiceServerResetTestExecutionListener, org.springframework.boot.test.autoconfigure.web.servlet.MockMvcPrintOnlyOnFailureTestExecutionListener, org.springframework.boot.test.autoconfigure.web.servlet.WebDriverTestExecutionListener, org.springframework.test.context.web.ServletTestExecutionListener, org.springframework.test.context.support.DirtiesContextBeforeModesTestExecutionListener, org.springframework.test.context.support.DependencyInjectionTestExecutionListener, org.springframework.test.context.support.DirtiesContextTestExecutionListener, org.springframework.test.context.transaction.TransactionalTestExecutionListener, org.springframework.test.context.jdbc.SqlScriptsTestExecutionListener]
2019-04-08 21:24:19,365 INFO org.springframework.test.context.support.AbstractTestContextBootstrapper [main] Using TestExecutionListeners: [org.springframework.test.context.web.ServletTestExecutionListener@4dde8976, org.springframework.test.context.support.DirtiesContextBeforeModesTestExecutionListener@4887de2b, org.springframework.boot.test.mock.mockito.MockitoTestExecutionListener@3b4825f0, org.springframework.boot.test.autoconfigure.SpringBootDependencyInjectionTestExecutionListener@40ac6b76, org.springframework.test.context.support.DirtiesContextTestExecutionListener@7980cf2c, org.springframework.boot.test.mock.mockito.ResetMocksTestExecutionListener@f0020b1, org.springframework.boot.test.autoconfigure.restdocs.RestDocsTestExecutionListener@759de304, org.springframework.boot.test.autoconfigure.web.client.MockRestServiceServerResetTestExecutionListener@5649d11a, org.springframework.boot.test.autoconfigure.web.servlet.MockMvcPrintOnlyOnFailureTestExecutionListener@294f9d50, org.springframework.boot.test.autoconfigure.web.servlet.WebDriverTestExecutionListener@27443560]
2019-04-08 21:24:19,390 INFO org.springframework.boot.StartupInfoLogger [main] Starting TestSessisonManagerConnection on nikos-Lenovo-V310-15IKB with PID 11618 (started by nikos in /home/nikos/NetBeansProjects/ESMO-AP-TEST)
2019-04-08 21:24:19,391 INFO org.springframework.boot.SpringApplication [main] The following profiles are active: test
2019-04-08 21:24:19,685 INFO com.google.code.ssm.config.DefaultAddressProvider [main] Defined values 172.17.0.1:11211 will be used as memcached addresses
2019-04-08 21:24:19,976 INFO org.springframework.scheduling.concurrent.ExecutorConfigurationSupport [main] Initializing ExecutorService 'applicationTaskExecutor'
2019-04-08 21:24:20,205 INFO org.springframework.mock.web.MockServletContext [main] Initializing Spring TestDispatcherServlet ''
2019-04-08 21:24:20,205 INFO org.springframework.web.servlet.FrameworkServlet [main] Initializing Servlet ''
2019-04-08 21:24:20,219 INFO org.springframework.web.servlet.FrameworkServlet [main] Completed initialization in 14 ms
2019-04-08 21:24:20,237 INFO org.springframework.boot.StartupInfoLogger [main] Started TestSessisonManagerConnection in 0.87 seconds (JVM running for 14.225)
2019-04-08 21:24:22,255 INFO com.google.code.ssm.spring.SSMCache [main] Put '{"code":"OK","sessionData":{"sessionId":"15be3ecb-58ab-4377-a90f-77c8d995993c","sessionVariables":{"authenticationSet":"{\"id\":\"id\",\"type\":\"Response\",\"issuer\":\"issuer\",\"recipient\":\"recipient\",\"attributes\":[{\"name\":\"http://eidas.europa.eu/attributes/naturalperson/CurrentFamilyName\",\"friendlyName\":\"FamilyName\",\"encoding\":\"UTF-8\",\"language\":\"N/A\",\"isMandatory\":true,\"values\":[\"PAPAGEORGIOU\"]},{\"name\":\"http://eidas.europa.eu/attributes/naturalperson/CurrentGivenName\",\"friendlyName\":\"FirstName\",\"encoding\":\"UTF-8\",\"language\":\"N/A\",\"isMandatory\":true,\"values\":[\"MARIA\"]},{\"name\":\"http://eidas.europa.eu/attributes/naturalperson/DateOfBirth\",\"friendlyName\":\"DateOfBirth\",\"encoding\":\"UTF-8\",\"language\":\"N/A\",\"isMandatory\":true,\"values\":[\"1966-01-01\"]},{\"name\":\"http://eidas.europa.eu/attributes/naturalperson/PersonIdentifier\",\"friendlyName\":\"PersonIdentifier\",\"encoding\":\"UTF-8\",\"language\":\"N/A\",\"isMandatory\":true,\"values\":[\"CA/CA/Cph123456\"]}],\"properties\":{\"NameID\":\"CA/CA/Cph123456\",\"levelOfAssurance\":\"http://eidas.europa.eu/LoA/low\"},\"inResponseTo\":null,\"loa\":\"low\",\"notBefore\":null,\"notAfter\":null,\"status\":{\"code\":\"OK\",\"subcode\":null,\"message\":null}}","apRequest":" { \"issuer\" : \"https://uaegen.gr/ap/123/metadata.xml\", \"type\" : \"Response\", \"recipient\" : \"https://esmo.uji.es/gw/saml/sp/metadata.xml\", \"id\" : \"6c0f70a8-f32b-4535-b5f6-0d596c52813a\", \"status\": { \"code\": \"OK\", \"subcode\": \"200\", \"message\": \"IMOKUROK\" }, \"attributes\" : [ { \"name\":\"https://software.internet2.edu/eduperson/internet2-mace-dir-eduperson-201602.html#eduPersonPrimaryAffiliation\", \"friendlyName\":\"eduPersonPrimaryAffiliation\", \"encoding\":\"UTF-8\", \"language\":null, \"isMandatory\":false, \"values\": [\"student\"] }, { \"name\":\"https://wiki.refeds.org/download/attachments/1606048/schac-20150413-1.5.0.schema.txt?version=1&modificationDate=1429044813839&api=v2#schacHomeOrganization\", \"friendlyName\":\"schacHomeOrganization\", \"encoding\":\"UTF-8\", \"language\":null, \"isMandatory\":false, \"values\": [\"aegean.gr\"] } ], \"properties\" :  { \"inResponseTo\":\"9c0f30a8-f32b-4636-b5f6-0d596c42424a\" }  }","spRequest":"{\"id\":\"_d645d111cf100dfa46ace16ed3b208f0f2e867db83\",\"type\":\"Request\",\"issuer\":\"https:\\/\\/clave.sir2.rediris.es\\/module.php\\/saml\\/sp\\/saml2-acs.php\\/q2891006e_ea0002678\",\"recipient\":null,\"inResponseTo\":null,\"loa\":\"http:\\/\\/eidas.europa.eu\\/LoA\\/low\",\"notBefore\":\"2019-03-05T15:11:41Z\",\"notAfter\":\"2019-03-05T15:16:41Z\",\"status\":{\"code\":null,\"subcode\":null,\"message\":null},\"attributes\":[{\"name\":\"http:\\/\\/eidas.europa.eu\\/attributes\\/naturalperson\\/PersonIdentifier\",\"friendlyName\":\"PersonIdentifier\",\"encoding\":null,\"language\":null,\"isMandatory\":true,\"values\":null},{\"name\":\"http:\\/\\/eidas.europa.eu\\/attributes\\/naturalperson\\/CurrentGivenName\",\"friendlyName\":\"FirstName\",\"encoding\":null,\"language\":null,\"isMandatory\":true,\"values\":null},{\"name\":\"http:\\/\\/eidas.europa.eu\\/attributes\\/naturalperson\\/CurrentFamilyName\",\"friendlyName\":\"FamilyName\",\"encoding\":null,\"language\":null,\"isMandatory\":true,\"values\":null}],\"properties\":{\"SAML_RelayState\":\"\",\"SAML_RemoteSP_RequestId\":\"_193600a923e1959d375e21fb3d216879\",\"SAML_ForceAuthn\":true,\"SAML_isPassive\":false,\"SAML_NameIDFormat\":\"urn:oasis:names:tc:SAML:2.0:nameid-format:persistent\",\"SAML_AllowCreate\":\"true\",\"SAML_ConsumerURL\":\"http:\\/\\/lab9054.inv.uji.es\\/~paco\\/clave\\/secure.php?aaaa=1&bbbb=2\",\"SAML_Binding\":\"urn:oasis:names:tc:SAML:2.0:bindings:HTTP-POST\",\"EIDAS_ProviderName\":\"ojetecalor_uojetecalor\",\"EIDAS_IdFormat\":\"urn:oasis:names:tc:SAML:2.0:nameid-format:persistent\",\"EIDAS_SPType\":\"public\",\"EIDAS_Comparison\":\"minimum\",\"EIDAS_LoA\":\"http:\\/\\/eidas.europa.eu\\/LoA\\/low\",\"EIDAS_country\":null}}","spMetaData":"{\"entityId\":\"https:\\/\\/clave.sir2.rediris.es\\/module.php\\/saml\\/sp\\/saml2-acs.php\\/q2891006e_ea0002678\",\"defaultDisplayName\":null,\"displayNames\":null,\"logo\":null,\"location\":null,\"protocol\":null,\"claims\":null,\"microservice\":[\"SAMLms_0001\"],\"encryptResponses\":false,\"supportedEncryptionAlg\":[null],\"signResponses\":null,\"supportedSigningAlg\":[null],\"endpoints\":[{\"type\":\"AssertionConsumerService\",\"method\":\"urn:oasis:names:tc:SAML:2.0:bindings:HTTP-POST\",\"url\":\"http:\\/\\/lab9054.inv.uji.es\\/~paco\\/clave\\/secure.php\"}],\"securityKeys\":[{\"keyType\":\"X509Certificate\",\"usage\":\"encryption\",\"key\":\"MIIDODCCAqGgAwIBAgIJAMqU+wr6z\\/l5MA0GCSqGSIb3DQEBCwUAMIG0MRUwEwYKCZImiZPyLGQBGRYFY2xhdmUxFDASBgoJkiaJk\\/IsZAEZFgRzaXIyMRcwFQYKCZImiZPyLGQBGRYHcmVkaXJpczESMBAGCgmSJomT8ixkARkWAmVzMR4wHAYDVQQKDBVjbGF2ZS5zaXIyLnJlZGlyaXMuZXMxGDAWBgNVBAsMD0NlcnRpZmljYWRvIFNQVDEeMBwGA1UEAwwVY2xhdmUuc2lyMi5yZWRpcmlzLmVzMB4XDTE1MDkwMjExNTI0MVoXDTI1MDkwMTExNTI0MVowgbQxFTATBgoJkiaJk\\/IsZAEZFgVjbGF2ZTEUMBIGCgmSJomT8ixkARkWBHNpcjIxFzAVBgoJkiaJk\\/IsZAEZFgdyZWRpcmlzMRIwEAYKCZImiZPyLGQBGRYCZXMxHjAcBgNVBAoMFWNsYXZlLnNpcjIucmVkaXJpcy5lczEYMBYGA1UECwwPQ2VydGlmaWNhZG8gU1BUMR4wHAYDVQQDDBVjbGF2ZS5zaXIyLnJlZGlyaXMuZXMwgZ8wDQYJKoZIhvcNAQEBBQADgY0AMIGJAoGBAOtBus8tyx2JFH4ILKRfvnJ+Eyb0UG1wOZm0hMutS0MvNQuvBZVytR8lVMFqlRX7U1+FP6O10c2GDniuom3v01uq2guHlu8omR3Tj54ySJf4y7m4b42i8iU+uy3ZK7voPHcyB\\/zKEDnDxVc5KmtioLuk\\/3M9Ofz+Xsed3yCCfMb1AgMBAAGjUDBOMB0GA1UdDgQWBBSSe7SJPTtSLi+ObAQD\\/8QhvORUPzAfBgNVHSMEGDAWgBSSe7SJPTtSLi+ObAQD\\/8QhvORUPzAMBgNVHRMEBTADAQH\\/MA0GCSqGSIb3DQEBCwUAA4GBAF7Md4GMmPl92hUBq1LOOM4Jl6J\\/nHSYLkb3SYvQUyiHOcsU2NaXCg6QlrJf9T+kG3XdAv550cNhLtkbiF2stnQByX1OHPY9kIudyQ3\\/c7DHFRfi3kkBzL4T1AGdn9PvzpQGtDL3owLsI3H5smfhA8ApogJkB5C7gzj6U9m1ZAYz\"},{\"keyType\":\"X509Certificate\",\"usage\":\"signing\",\"key\":\"MIIDODCCAqGgAwIBAgIJAMqU+wr6z\\/l5MA0GCSqGSIb3DQEBCwUAMIG0MRUwEwYKCZImiZPyLGQBGRYFY2xhdmUxFDASBgoJkiaJk\\/IsZAEZFgRzaXIyMRcwFQYKCZImiZPyLGQBGRYHcmVkaXJpczESMBAGCgmSJomT8ixkARkWAmVzMR4wHAYDVQQKDBVjbGF2ZS5zaXIyLnJlZGlyaXMuZXMxGDAWBgNVBAsMD0NlcnRpZmljYWRvIFNQVDEeMBwGA1UEAwwVY2xhdmUuc2lyMi5yZWRpcmlzLmVzMB4XDTE1MDkwMjExNTI0MVoXDTI1MDkwMTExNTI0MVowgbQxFTATBgoJkiaJk\\/IsZAEZFgVjbGF2ZTEUMBIGCgmSJomT8ixkARkWBHNpcjIxFzAVBgoJkiaJk\\/IsZAEZFgdyZWRpcmlzMRIwEAYKCZImiZPyLGQBGRYCZXMxHjAcBgNVBAoMFWNsYXZlLnNpcjIucmVkaXJpcy5lczEYMBYGA1UECwwPQ2VydGlmaWNhZG8gU1BUMR4wHAYDVQQDDBVjbGF2ZS5zaXIyLnJlZGlyaXMuZXMwgZ8wDQYJKoZIhvcNAQEBBQADgY0AMIGJAoGBAOtBus8tyx2JFH4ILKRfvnJ+Eyb0UG1wOZm0hMutS0MvNQuvBZVytR8lVMFqlRX7U1+FP6O10c2GDniuom3v01uq2guHlu8omR3Tj54ySJf4y7m4b42i8iU+uy3ZK7voPHcyB\\/zKEDnDxVc5KmtioLuk\\/3M9Ofz+Xsed3yCCfMb1AgMBAAGjUDBOMB0GA1UdDgQWBBSSe7SJPTtSLi+ObAQD\\/8QhvORUPzAfBgNVHSMEGDAWgBSSe7SJPTtSLi+ObAQD\\/8QhvORUPzAMBgNVHRMEBTADAQH\\/MA0GCSqGSIb3DQEBCwUAA4GBAF7Md4GMmPl92hUBq1LOOM4Jl6J\\/nHSYLkb3SYvQUyiHOcsU2NaXCg6QlrJf9T+kG3XdAv550cNhLtkbiF2stnQByX1OHPY9kIudyQ3\\/c7DHFRfi3kkBzL4T1AGdn9PvzpQGtDL3owLsI3H5smfhA8ApogJkB5C7gzj6U9m1ZAYz\"}],\"otherData\":{\"dialect\":\"eidas\",\"subdialect\":\"eidas\",\"spApplication\":\"q12345678a_ea0004242\",\"issuer\":null,\"sign.logout\":null,\"redirect.sign\":null,\"redirect.validate\":null}}","idpRequest":"{\"id\":\"id\",\"type\":\"Request\",\"issuer\":\"ACMms001\",\"recipient\":\"IDPms001\",\"attributes\":[{\"name\":\"someURI\",\"friendlyName\":\"CurrentFamilyName\",\"encoding\":\"UTF-8\",\"language\":\"en\",\"isMandatory\":true,\"values\":[null]},{\"name\":\"someURI\",\"friendlyName\":\"CurrentGivenName\",\"encoding\":\"UTF-8\",\"language\":\"en\",\"isMandatory\":true,\"values\":[null]}],\"properties\":{},\"inResponseTo\":null,\"loa\":\"low\",\"notBefore\":null,\"notAfter\":null,\"status\":null}"}},"additionalData":null,"error":null}' under key fa235e2a-edb4-42a5-a615-bffb2e48d0cd to cache ApMs
2019-04-08 21:24:22,836 INFO org.springframework.scheduling.concurrent.ExecutorConfigurationSupport [Thread-3] Shutting down ExecutorService 'applicationTaskExecutor'
2019-04-08 21:24:22,840 INFO org.springframework.scheduling.concurrent.ExecutorConfigurationSupport [Thread-6] Shutting down ExecutorService 'applicationTaskExecutor'
2019-04-08 21:24:22,842 INFO org.springframework.scheduling.concurrent.ExecutorConfigurationSupport [Thread-10] Shutting down ExecutorService 'applicationTaskExecutor'
